2022-09-20 16:32:55.194395+00:00 [notice] <0.222.0> Logging: configured log handlers are now ACTIVE
2022-09-20 16:32:55.387285+00:00 [info] <0.222.0> ra: starting system quorum_queues
2022-09-20 16:32:55.387419+00:00 [info] <0.222.0> starting Ra system: quorum_queues in directory: /var/lib/rabbitmq/mnesia/rabbit@5d7a6c054cc2/quorum/rabbit@5d7a6c054cc2
2022-09-20 16:32:55.453170+00:00 [info] <0.259.0> ra system 'quorum_queues' running pre init for 0 registered servers
2022-09-20 16:32:55.462609+00:00 [info] <0.260.0> ra: meta data store initialised for system quorum_queues. 0 record(s) recovered
2022-09-20 16:32:55.473067+00:00 [notice] <0.265.0> WAL: ra_log_wal init, open tbls: ra_log_open_mem_tables, closed tbls: ra_log_closed_mem_tables
2022-09-20 16:32:55.485265+00:00 [info] <0.222.0> ra: starting system coordination
2022-09-20 16:32:55.485343+00:00 [info] <0.222.0> starting Ra system: coordination in directory: /var/lib/rabbitmq/mnesia/rabbit@5d7a6c054cc2/coordination/rabbit@5d7a6c054cc2
2022-09-20 16:32:55.493639+00:00 [info] <0.272.0> ra system 'coordination' running pre init for 0 registered servers
2022-09-20 16:32:55.496527+00:00 [info] <0.273.0> ra: meta data store initialised for system coordination. 0 record(s) recovered
2022-09-20 16:32:55.496721+00:00 [notice] <0.278.0> WAL: ra_coordination_log_wal init, open tbls: ra_coordination_log_open_mem_tables, closed tbls: ra_coordination_log_closed_mem_tables
2022-09-20 16:32:55.504158+00:00 [info] <0.222.0> 
2022-09-20 16:32:55.504158+00:00 [info] <0.222.0>  Starting RabbitMQ 3.10.7 on Erlang 25.0.4 [jit]
2022-09-20 16:32:55.504158+00:00 [info] <0.222.0>  Copyright (c) 2007-2022 VMware, Inc. or its affiliates.
2022-09-20 16:32:55.504158+00:00 [info] <0.222.0>  Licensed under the MPL 2.0. Website: https://rabbitmq.com
2022-09-20 16:32:55.505261+00:00 [info] <0.222.0> 
2022-09-20 16:32:55.505261+00:00 [info] <0.222.0>  node           : rabbit@5d7a6c054cc2
2022-09-20 16:32:55.505261+00:00 [info] <0.222.0>  home dir       : /var/lib/rabbitmq
2022-09-20 16:32:55.505261+00:00 [info] <0.222.0>  config file(s) : (none)
2022-09-20 16:32:55.505261+00:00 [info] <0.222.0>  cookie hash    : yHHnYhOjcN9xNxtMyANs+A==
2022-09-20 16:32:55.505261+00:00 [info] <0.222.0>  log(s)         : /var/log/rabbitmq/rabbit@5d7a6c054cc2.log
2022-09-20 16:32:55.505261+00:00 [info] <0.222.0>                 : /var/log/rabbitmq/rabbit@5d7a6c054cc2_upgrade.log
2022-09-20 16:32:55.505261+00:00 [info] <0.222.0>                 : <stdout>
2022-09-20 16:32:55.505261+00:00 [info] <0.222.0>  database dir   : /var/lib/rabbitmq/mnesia/rabbit@5d7a6c054cc2
2022-09-20 16:32:57.224618+00:00 [info] <0.222.0> Running boot step pre_boot defined by app rabbit
2022-09-20 16:32:57.224694+00:00 [info] <0.222.0> Running boot step rabbit_global_counters defined by app rabbit
2022-09-20 16:32:57.224887+00:00 [info] <0.222.0> Running boot step rabbit_osiris_metrics defined by app rabbit
2022-09-20 16:32:57.224956+00:00 [info] <0.222.0> Running boot step rabbit_core_metrics defined by app rabbit
2022-09-20 16:32:57.226333+00:00 [info] <0.222.0> Running boot step rabbit_alarm defined by app rabbit
2022-09-20 16:32:57.229300+00:00 [info] <0.288.0> Memory high watermark set to 3057 MiB (3205649203 bytes) of 7642 MiB (8014123008 bytes) total
2022-09-20 16:32:57.233371+00:00 [info] <0.290.0> Enabling free disk space monitoring
2022-09-20 16:32:57.233411+00:00 [info] <0.290.0> Disk free limit set to 50MB
2022-09-20 16:32:57.236611+00:00 [info] <0.222.0> Running boot step code_server_cache defined by app rabbit
2022-09-20 16:32:57.236799+00:00 [info] <0.222.0> Running boot step file_handle_cache defined by app rabbit
2022-09-20 16:32:57.236986+00:00 [info] <0.295.0> Limiting to approx 1048479 file handles (943629 sockets)
2022-09-20 16:32:57.237286+00:00 [info] <0.296.0> FHC read buffering: OFF
2022-09-20 16:32:57.237332+00:00 [info] <0.296.0> FHC write buffering: ON
2022-09-20 16:32:57.237707+00:00 [info] <0.222.0> Running boot step worker_pool defined by app rabbit
2022-09-20 16:32:57.237797+00:00 [info] <0.280.0> Will use 16 processes for default worker pool
2022-09-20 16:32:57.237829+00:00 [info] <0.280.0> Starting worker pool 'worker_pool' with 16 processes in it
2022-09-20 16:32:57.238376+00:00 [info] <0.222.0> Running boot step database defined by app rabbit
2022-09-20 16:32:57.239755+00:00 [info] <0.222.0> Node database directory at /var/lib/rabbitmq/mnesia/rabbit@5d7a6c054cc2 is empty. Assuming we need to join an existing cluster or initialise from scratch...
2022-09-20 16:32:57.239812+00:00 [info] <0.222.0> Configured peer discovery backend: rabbit_peer_discovery_classic_config
2022-09-20 16:32:57.239835+00:00 [info] <0.222.0> Will try to lock with peer discovery backend rabbit_peer_discovery_classic_config
2022-09-20 16:32:57.239894+00:00 [info] <0.222.0> All discovered existing cluster peers:
2022-09-20 16:32:57.239915+00:00 [info] <0.222.0> Discovered no peer nodes to cluster with. Some discovery backends can filter nodes out based on a readiness criteria. Enabling debug logging might help troubleshoot.
2022-09-20 16:32:57.242393+00:00 [notice] <0.44.0> Application mnesia exited with reason: stopped
2022-09-20 16:32:57.454132+00:00 [info] <0.222.0> Waiting for Mnesia tables for 30000 ms, 9 retries left
2022-09-20 16:32:57.454288+00:00 [info] <0.222.0> Successfully synced tables from a peer
2022-09-20 16:32:57.463636+00:00 [info] <0.222.0> Waiting for Mnesia tables for 30000 ms, 9 retries left
2022-09-20 16:32:57.463752+00:00 [info] <0.222.0> Successfully synced tables from a peer
2022-09-20 16:32:57.463798+00:00 [info] <0.222.0> Feature flag `classic_mirrored_queue_version`: supported, attempt to enable...
2022-09-20 16:32:57.463885+00:00 [info] <0.222.0> Feature flag `classic_mirrored_queue_version`: mark as enabled=state_changing
2022-09-20 16:32:57.464544+00:00 [info] <0.222.0> Feature flags: list of feature flags found:
2022-09-20 16:32:57.464614+00:00 [info] <0.222.0> Feature flags:   [~] classic_mirrored_queue_version
2022-09-20 16:32:57.464642+00:00 [info] <0.222.0> Feature flags:   [ ] implicit_default_bindings
2022-09-20 16:32:57.464680+00:00 [info] <0.222.0> Feature flags:   [ ] maintenance_mode_status
2022-09-20 16:32:57.464725+00:00 [info] <0.222.0> Feature flags:   [ ] quorum_queue
2022-09-20 16:32:57.464751+00:00 [info] <0.222.0> Feature flags:   [ ] stream_queue
2022-09-20 16:32:57.464766+00:00 [info] <0.222.0> Feature flags:   [ ] user_limits
2022-09-20 16:32:57.464792+00:00 [info] <0.222.0> Feature flags:   [ ] virtual_host_metadata
2022-09-20 16:32:57.464806+00:00 [info] <0.222.0> Feature flags: feature flag states written to disk: yes
2022-09-20 16:32:57.471533+00:00 [info] <0.222.0> Feature flag `classic_mirrored_queue_version`: mark as enabled=true
2022-09-20 16:32:57.474278+00:00 [info] <0.222.0> Feature flags: list of feature flags found:
2022-09-20 16:32:57.474336+00:00 [info] <0.222.0> Feature flags:   [x] classic_mirrored_queue_version
2022-09-20 16:32:57.474362+00:00 [info] <0.222.0> Feature flags:   [ ] implicit_default_bindings
2022-09-20 16:32:57.474378+00:00 [info] <0.222.0> Feature flags:   [ ] maintenance_mode_status
2022-09-20 16:32:57.474408+00:00 [info] <0.222.0> Feature flags:   [ ] quorum_queue
2022-09-20 16:32:57.474450+00:00 [info] <0.222.0> Feature flags:   [ ] stream_queue
2022-09-20 16:32:57.474481+00:00 [info] <0.222.0> Feature flags:   [ ] user_limits
2022-09-20 16:32:57.474497+00:00 [info] <0.222.0> Feature flags:   [ ] virtual_host_metadata
2022-09-20 16:32:57.474512+00:00 [info] <0.222.0> Feature flags: feature flag states written to disk: yes
2022-09-20 16:32:57.480740+00:00 [info] <0.222.0> Feature flag `implicit_default_bindings`: supported, attempt to enable...
2022-09-20 16:32:57.480834+00:00 [info] <0.222.0> Feature flag `implicit_default_bindings`: mark as enabled=state_changing
2022-09-20 16:32:57.481711+00:00 [info] <0.222.0> Feature flags: list of feature flags found:
2022-09-20 16:32:57.481774+00:00 [info] <0.222.0> Feature flags:   [x] classic_mirrored_queue_version
2022-09-20 16:32:57.481806+00:00 [info] <0.222.0> Feature flags:   [~] implicit_default_bindings
2022-09-20 16:32:57.481831+00:00 [info] <0.222.0> Feature flags:   [ ] maintenance_mode_status
2022-09-20 16:32:57.481849+00:00 [info] <0.222.0> Feature flags:   [ ] quorum_queue
2022-09-20 16:32:57.481904+00:00 [info] <0.222.0> Feature flags:   [ ] stream_queue
2022-09-20 16:32:57.481922+00:00 [info] <0.222.0> Feature flags:   [ ] user_limits
2022-09-20 16:32:57.481934+00:00 [info] <0.222.0> Feature flags:   [ ] virtual_host_metadata
2022-09-20 16:32:57.482049+00:00 [info] <0.222.0> Feature flags: feature flag states written to disk: yes
2022-09-20 16:32:57.487970+00:00 [info] <0.222.0> Waiting for Mnesia tables for 30000 ms, 0 retries left
2022-09-20 16:32:57.488111+00:00 [info] <0.222.0> Successfully synced tables from a peer
2022-09-20 16:32:57.488164+00:00 [info] <0.222.0> Feature flag `implicit_default_bindings`: mark as enabled=true
2022-09-20 16:32:57.493314+00:00 [info] <0.222.0> Feature flags: list of feature flags found:
2022-09-20 16:32:57.493373+00:00 [info] <0.222.0> Feature flags:   [x] classic_mirrored_queue_version
2022-09-20 16:32:57.493397+00:00 [info] <0.222.0> Feature flags:   [x] implicit_default_bindings
2022-09-20 16:32:57.493438+00:00 [info] <0.222.0> Feature flags:   [ ] maintenance_mode_status
2022-09-20 16:32:57.493461+00:00 [info] <0.222.0> Feature flags:   [ ] quorum_queue
2022-09-20 16:32:57.493495+00:00 [info] <0.222.0> Feature flags:   [ ] stream_queue
2022-09-20 16:32:57.493554+00:00 [info] <0.222.0> Feature flags:   [ ] user_limits
2022-09-20 16:32:57.493574+00:00 [info] <0.222.0> Feature flags:   [ ] virtual_host_metadata
2022-09-20 16:32:57.493588+00:00 [info] <0.222.0> Feature flags: feature flag states written to disk: yes
2022-09-20 16:32:57.499789+00:00 [info] <0.222.0> Feature flag `maintenance_mode_status`: supported, attempt to enable...
2022-09-20 16:32:57.499889+00:00 [info] <0.222.0> Feature flag `maintenance_mode_status`: mark as enabled=state_changing
2022-09-20 16:32:57.500557+00:00 [info] <0.222.0> Feature flags: list of feature flags found:
2022-09-20 16:32:57.500615+00:00 [info] <0.222.0> Feature flags:   [x] classic_mirrored_queue_version
2022-09-20 16:32:57.500637+00:00 [info] <0.222.0> Feature flags:   [x] implicit_default_bindings
2022-09-20 16:32:57.500650+00:00 [info] <0.222.0> Feature flags:   [~] maintenance_mode_status
2022-09-20 16:32:57.500681+00:00 [info] <0.222.0> Feature flags:   [ ] quorum_queue
2022-09-20 16:32:57.500734+00:00 [info] <0.222.0> Feature flags:   [ ] stream_queue
2022-09-20 16:32:57.500753+00:00 [info] <0.222.0> Feature flags:   [ ] user_limits
2022-09-20 16:32:57.500776+00:00 [info] <0.222.0> Feature flags:   [ ] virtual_host_metadata
2022-09-20 16:32:57.500790+00:00 [info] <0.222.0> Feature flags: feature flag states written to disk: yes
2022-09-20 16:32:57.506261+00:00 [info] <0.222.0> Creating table rabbit_node_maintenance_states for feature flag `maintenance_mode_status`
2022-09-20 16:32:57.513885+00:00 [info] <0.222.0> Feature flag `maintenance_mode_status`: mark as enabled=true
2022-09-20 16:32:57.519320+00:00 [info] <0.222.0> Feature flags: list of feature flags found:
2022-09-20 16:32:57.519378+00:00 [info] <0.222.0> Feature flags:   [x] classic_mirrored_queue_version
2022-09-20 16:32:57.519403+00:00 [info] <0.222.0> Feature flags:   [x] implicit_default_bindings
2022-09-20 16:32:57.519422+00:00 [info] <0.222.0> Feature flags:   [x] maintenance_mode_status
2022-09-20 16:32:57.519453+00:00 [info] <0.222.0> Feature flags:   [ ] quorum_queue
2022-09-20 16:32:57.519504+00:00 [info] <0.222.0> Feature flags:   [ ] stream_queue
2022-09-20 16:32:57.519534+00:00 [info] <0.222.0> Feature flags:   [ ] user_limits
2022-09-20 16:32:57.519550+00:00 [info] <0.222.0> Feature flags:   [ ] virtual_host_metadata
2022-09-20 16:32:57.519562+00:00 [info] <0.222.0> Feature flags: feature flag states written to disk: yes
2022-09-20 16:32:57.525622+00:00 [info] <0.222.0> Feature flag `quorum_queue`: supported, attempt to enable...
2022-09-20 16:32:57.525734+00:00 [info] <0.222.0> Feature flag `quorum_queue`: mark as enabled=state_changing
2022-09-20 16:32:57.526349+00:00 [info] <0.222.0> Feature flags: list of feature flags found:
2022-09-20 16:32:57.526396+00:00 [info] <0.222.0> Feature flags:   [x] classic_mirrored_queue_version
2022-09-20 16:32:57.526417+00:00 [info] <0.222.0> Feature flags:   [x] implicit_default_bindings
2022-09-20 16:32:57.526433+00:00 [info] <0.222.0> Feature flags:   [x] maintenance_mode_status
2022-09-20 16:32:57.526456+00:00 [info] <0.222.0> Feature flags:   [~] quorum_queue
2022-09-20 16:32:57.526523+00:00 [info] <0.222.0> Feature flags:   [ ] stream_queue
2022-09-20 16:32:57.526549+00:00 [info] <0.222.0> Feature flags:   [ ] user_limits
2022-09-20 16:32:57.526566+00:00 [info] <0.222.0> Feature flags:   [ ] virtual_host_metadata
2022-09-20 16:32:57.526657+00:00 [info] <0.222.0> Feature flags: feature flag states written to disk: yes
2022-09-20 16:32:57.533408+00:00 [info] <0.222.0> Waiting for Mnesia tables for 30000 ms, 9 retries left
2022-09-20 16:32:57.533533+00:00 [info] <0.222.0> Successfully synced tables from a peer
2022-09-20 16:32:57.533578+00:00 [info] <0.222.0> Feature flag `quorum_queue`:   migrating Mnesia table rabbit_queue...
2022-09-20 16:32:57.571584+00:00 [info] <0.222.0> Feature flag `quorum_queue`:   migrating Mnesia table rabbit_durable_queue...
2022-09-20 16:32:57.610546+00:00 [info] <0.222.0> Feature flag `quorum_queue`:   Mnesia tables migration done
2022-09-20 16:32:57.610631+00:00 [info] <0.222.0> Feature flag `quorum_queue`: mark as enabled=true
2022-09-20 16:32:57.614857+00:00 [info] <0.222.0> Feature flags: list of feature flags found:
2022-09-20 16:32:57.614925+00:00 [info] <0.222.0> Feature flags:   [x] classic_mirrored_queue_version
2022-09-20 16:32:57.614948+00:00 [info] <0.222.0> Feature flags:   [x] implicit_default_bindings
2022-09-20 16:32:57.615011+00:00 [info] <0.222.0> Feature flags:   [x] maintenance_mode_status
2022-09-20 16:32:57.615031+00:00 [info] <0.222.0> Feature flags:   [x] quorum_queue
2022-09-20 16:32:57.615045+00:00 [info] <0.222.0> Feature flags:   [ ] stream_queue
2022-09-20 16:32:57.615089+00:00 [info] <0.222.0> Feature flags:   [ ] user_limits
2022-09-20 16:32:57.615106+00:00 [info] <0.222.0> Feature flags:   [ ] virtual_host_metadata
2022-09-20 16:32:57.615118+00:00 [info] <0.222.0> Feature flags: feature flag states written to disk: yes
2022-09-20 16:32:57.620786+00:00 [info] <0.222.0> Feature flag `stream_queue`: supported, attempt to enable...
2022-09-20 16:32:57.620881+00:00 [info] <0.222.0> Feature flag `stream_queue`: mark as enabled=state_changing
2022-09-20 16:32:57.621510+00:00 [info] <0.222.0> Feature flags: list of feature flags found:
2022-09-20 16:32:57.621557+00:00 [info] <0.222.0> Feature flags:   [x] classic_mirrored_queue_version
2022-09-20 16:32:57.621598+00:00 [info] <0.222.0> Feature flags:   [x] implicit_default_bindings
2022-09-20 16:32:57.621631+00:00 [info] <0.222.0> Feature flags:   [x] maintenance_mode_status
2022-09-20 16:32:57.621650+00:00 [info] <0.222.0> Feature flags:   [x] quorum_queue
2022-09-20 16:32:57.621676+00:00 [info] <0.222.0> Feature flags:   [~] stream_queue
2022-09-20 16:32:57.621703+00:00 [info] <0.222.0> Feature flags:   [ ] user_limits
2022-09-20 16:32:57.621729+00:00 [info] <0.222.0> Feature flags:   [ ] virtual_host_metadata
2022-09-20 16:32:57.621745+00:00 [info] <0.222.0> Feature flags: feature flag states written to disk: yes
2022-09-20 16:32:57.628130+00:00 [info] <0.222.0> Feature flag `stream_queue`: mark as enabled=true
2022-09-20 16:32:57.632806+00:00 [info] <0.222.0> Feature flags: list of feature flags found:
2022-09-20 16:32:57.632881+00:00 [info] <0.222.0> Feature flags:   [x] classic_mirrored_queue_version
2022-09-20 16:32:57.632910+00:00 [info] <0.222.0> Feature flags:   [x] implicit_default_bindings
2022-09-20 16:32:57.632930+00:00 [info] <0.222.0> Feature flags:   [x] maintenance_mode_status
2022-09-20 16:32:57.633000+00:00 [info] <0.222.0> Feature flags:   [x] quorum_queue
2022-09-20 16:32:57.633056+00:00 [info] <0.222.0> Feature flags:   [x] stream_queue
2022-09-20 16:32:57.633130+00:00 [info] <0.222.0> Feature flags:   [ ] user_limits
2022-09-20 16:32:57.633177+00:00 [info] <0.222.0> Feature flags:   [ ] virtual_host_metadata
2022-09-20 16:32:57.633218+00:00 [info] <0.222.0> Feature flags: feature flag states written to disk: yes
2022-09-20 16:32:57.640488+00:00 [info] <0.222.0> Feature flag `user_limits`: supported, attempt to enable...
2022-09-20 16:32:57.640705+00:00 [info] <0.222.0> Feature flag `user_limits`: mark as enabled=state_changing
2022-09-20 16:32:57.641431+00:00 [info] <0.222.0> Feature flags: list of feature flags found:
2022-09-20 16:32:57.641502+00:00 [info] <0.222.0> Feature flags:   [x] classic_mirrored_queue_version
2022-09-20 16:32:57.641525+00:00 [info] <0.222.0> Feature flags:   [x] implicit_default_bindings
2022-09-20 16:32:57.641539+00:00 [info] <0.222.0> Feature flags:   [x] maintenance_mode_status
2022-09-20 16:32:57.641550+00:00 [info] <0.222.0> Feature flags:   [x] quorum_queue
2022-09-20 16:32:57.641608+00:00 [info] <0.222.0> Feature flags:   [x] stream_queue
2022-09-20 16:32:57.641633+00:00 [info] <0.222.0> Feature flags:   [~] user_limits
2022-09-20 16:32:57.641651+00:00 [info] <0.222.0> Feature flags:   [ ] virtual_host_metadata
2022-09-20 16:32:57.641792+00:00 [info] <0.222.0> Feature flags: feature flag states written to disk: yes
2022-09-20 16:32:57.648240+00:00 [info] <0.222.0> Waiting for Mnesia tables for 30000 ms, 9 retries left
2022-09-20 16:32:57.648380+00:00 [info] <0.222.0> Successfully synced tables from a peer
2022-09-20 16:32:57.684057+00:00 [info] <0.222.0> Feature flag `user_limits`: mark as enabled=true
2022-09-20 16:32:57.688476+00:00 [info] <0.222.0> Feature flags: list of feature flags found:
2022-09-20 16:32:57.688547+00:00 [info] <0.222.0> Feature flags:   [x] classic_mirrored_queue_version
2022-09-20 16:32:57.688577+00:00 [info] <0.222.0> Feature flags:   [x] implicit_default_bindings
2022-09-20 16:32:57.688615+00:00 [info] <0.222.0> Feature flags:   [x] maintenance_mode_status
2022-09-20 16:32:57.688651+00:00 [info] <0.222.0> Feature flags:   [x] quorum_queue
2022-09-20 16:32:57.688695+00:00 [info] <0.222.0> Feature flags:   [x] stream_queue
2022-09-20 16:32:57.688723+00:00 [info] <0.222.0> Feature flags:   [x] user_limits
2022-09-20 16:32:57.688771+00:00 [info] <0.222.0> Feature flags:   [ ] virtual_host_metadata
2022-09-20 16:32:57.688810+00:00 [info] <0.222.0> Feature flags: feature flag states written to disk: yes
2022-09-20 16:32:57.696382+00:00 [info] <0.222.0> Feature flag `virtual_host_metadata`: supported, attempt to enable...
2022-09-20 16:32:57.696576+00:00 [info] <0.222.0> Feature flag `virtual_host_metadata`: mark as enabled=state_changing
2022-09-20 16:32:57.697345+00:00 [info] <0.222.0> Feature flags: list of feature flags found:
2022-09-20 16:32:57.697401+00:00 [info] <0.222.0> Feature flags:   [x] classic_mirrored_queue_version
2022-09-20 16:32:57.697423+00:00 [info] <0.222.0> Feature flags:   [x] implicit_default_bindings
2022-09-20 16:32:57.697449+00:00 [info] <0.222.0> Feature flags:   [x] maintenance_mode_status
2022-09-20 16:32:57.697476+00:00 [info] <0.222.0> Feature flags:   [x] quorum_queue
2022-09-20 16:32:57.697528+00:00 [info] <0.222.0> Feature flags:   [x] stream_queue
2022-09-20 16:32:57.697545+00:00 [info] <0.222.0> Feature flags:   [x] user_limits
2022-09-20 16:32:57.697567+00:00 [info] <0.222.0> Feature flags:   [~] virtual_host_metadata
2022-09-20 16:32:57.697582+00:00 [info] <0.222.0> Feature flags: feature flag states written to disk: yes
2022-09-20 16:32:57.703847+00:00 [info] <0.222.0> Waiting for Mnesia tables for 30000 ms, 9 retries left
2022-09-20 16:32:57.704010+00:00 [info] <0.222.0> Successfully synced tables from a peer
2022-09-20 16:32:57.743586+00:00 [info] <0.222.0> Feature flag `virtual_host_metadata`: mark as enabled=true
2022-09-20 16:32:57.747761+00:00 [info] <0.222.0> Feature flags: list of feature flags found:
2022-09-20 16:32:57.747812+00:00 [info] <0.222.0> Feature flags:   [x] classic_mirrored_queue_version
2022-09-20 16:32:57.747830+00:00 [info] <0.222.0> Feature flags:   [x] implicit_default_bindings
2022-09-20 16:32:57.747893+00:00 [info] <0.222.0> Feature flags:   [x] maintenance_mode_status
2022-09-20 16:32:57.747908+00:00 [info] <0.222.0> Feature flags:   [x] quorum_queue
2022-09-20 16:32:57.747955+00:00 [info] <0.222.0> Feature flags:   [x] stream_queue
2022-09-20 16:32:57.747988+00:00 [info] <0.222.0> Feature flags:   [x] user_limits
2022-09-20 16:32:57.748004+00:00 [info] <0.222.0> Feature flags:   [x] virtual_host_metadata
2022-09-20 16:32:57.748028+00:00 [info] <0.222.0> Feature flags: feature flag states written to disk: yes
2022-09-20 16:32:57.754945+00:00 [info] <0.222.0> Waiting for Mnesia tables for 30000 ms, 9 retries left
2022-09-20 16:32:57.755225+00:00 [info] <0.222.0> Successfully synced tables from a peer
2022-09-20 16:32:57.771653+00:00 [info] <0.222.0> Waiting for Mnesia tables for 30000 ms, 9 retries left
2022-09-20 16:32:57.771784+00:00 [info] <0.222.0> Successfully synced tables from a peer
2022-09-20 16:32:57.771825+00:00 [info] <0.222.0> Peer discovery backend rabbit_peer_discovery_classic_config does not support registration, skipping registration.
2022-09-20 16:32:57.771848+00:00 [info] <0.222.0> Will try to unlock with peer discovery backend rabbit_peer_discovery_classic_config
2022-09-20 16:32:57.772000+00:00 [info] <0.222.0> Running boot step database_sync defined by app rabbit
2022-09-20 16:32:57.772138+00:00 [info] <0.222.0> Running boot step feature_flags defined by app rabbit
2022-09-20 16:32:57.773401+00:00 [info] <0.222.0> Running boot step codec_correctness_check defined by app rabbit
2022-09-20 16:32:57.773444+00:00 [info] <0.222.0> Running boot step external_infrastructure defined by app rabbit
2022-09-20 16:32:57.773462+00:00 [info] <0.222.0> Running boot step rabbit_event defined by app rabbit
2022-09-20 16:32:57.773590+00:00 [info] <0.222.0> Running boot step rabbit_registry defined by app rabbit
2022-09-20 16:32:57.773658+00:00 [info] <0.222.0> Running boot step rabbit_auth_mechanism_amqplain defined by app rabbit
2022-09-20 16:32:57.773741+00:00 [info] <0.222.0> Running boot step rabbit_auth_mechanism_cr_demo defined by app rabbit
2022-09-20 16:32:57.773802+00:00 [info] <0.222.0> Running boot step rabbit_auth_mechanism_plain defined by app rabbit
2022-09-20 16:32:57.773880+00:00 [info] <0.222.0> Running boot step rabbit_exchange_type_direct defined by app rabbit
2022-09-20 16:32:57.773971+00:00 [info] <0.222.0> Running boot step rabbit_exchange_type_fanout defined by app rabbit
2022-09-20 16:32:57.774080+00:00 [info] <0.222.0> Running boot step rabbit_exchange_type_headers defined by app rabbit
2022-09-20 16:32:57.774158+00:00 [info] <0.222.0> Running boot step rabbit_exchange_type_topic defined by app rabbit
2022-09-20 16:32:57.774217+00:00 [info] <0.222.0> Running boot step rabbit_mirror_queue_mode_all defined by app rabbit
2022-09-20 16:32:57.774269+00:00 [info] <0.222.0> Running boot step rabbit_mirror_queue_mode_exactly defined by app rabbit
2022-09-20 16:32:57.774327+00:00 [info] <0.222.0> Running boot step rabbit_mirror_queue_mode_nodes defined by app rabbit
2022-09-20 16:32:57.774378+00:00 [info] <0.222.0> Running boot step rabbit_priority_queue defined by app rabbit
2022-09-20 16:32:57.774406+00:00 [info] <0.222.0> Priority queues enabled, real BQ is rabbit_variable_queue
2022-09-20 16:32:57.774487+00:00 [info] <0.222.0> Running boot step rabbit_queue_location_client_local defined by app rabbit
2022-09-20 16:32:57.774584+00:00 [info] <0.222.0> Running boot step rabbit_queue_location_min_masters defined by app rabbit
2022-09-20 16:32:57.774655+00:00 [info] <0.222.0> Running boot step rabbit_queue_location_random defined by app rabbit
2022-09-20 16:32:57.774721+00:00 [info] <0.222.0> Running boot step kernel_ready defined by app rabbit
2022-09-20 16:32:57.774745+00:00 [info] <0.222.0> Running boot step rabbit_sysmon_minder defined by app rabbit
2022-09-20 16:32:57.774862+00:00 [info] <0.222.0> Running boot step rabbit_epmd_monitor defined by app rabbit
2022-09-20 16:32:57.775585+00:00 [info] <0.566.0> epmd monitor knows us, inter-node communication (distribution) port: 25672
2022-09-20 16:32:57.775665+00:00 [info] <0.222.0> Running boot step guid_generator defined by app rabbit
2022-09-20 16:32:57.780591+00:00 [info] <0.222.0> Running boot step rabbit_node_monitor defined by app rabbit
2022-09-20 16:32:57.780808+00:00 [info] <0.570.0> Starting rabbit_node_monitor
2022-09-20 16:32:57.780924+00:00 [info] <0.222.0> Running boot step delegate_sup defined by app rabbit
2022-09-20 16:32:57.781478+00:00 [info] <0.222.0> Running boot step rabbit_memory_monitor defined by app rabbit
2022-09-20 16:32:57.781658+00:00 [info] <0.222.0> Running boot step rabbit_fifo_dlx_sup defined by app rabbit
2022-09-20 16:32:57.781747+00:00 [info] <0.222.0> Running boot step core_initialized defined by app rabbit
2022-09-20 16:32:57.781785+00:00 [info] <0.222.0> Running boot step upgrade_queues defined by app rabbit
2022-09-20 16:32:57.789831+00:00 [info] <0.222.0> message_store upgrades: 1 to apply
2022-09-20 16:32:57.789918+00:00 [info] <0.222.0> message_store upgrades: Applying rabbit_variable_queue:move_messages_to_vhost_store
2022-09-20 16:32:57.790030+00:00 [info] <0.222.0> message_store upgrades: No durable queues found. Skipping message store migration
2022-09-20 16:32:57.790071+00:00 [info] <0.222.0> message_store upgrades: Removing the old message store data
2022-09-20 16:32:57.791763+00:00 [info] <0.222.0> message_store upgrades: All upgrades applied successfully
2022-09-20 16:32:57.804058+00:00 [info] <0.222.0> Running boot step channel_tracking defined by app rabbit
2022-09-20 16:32:57.810852+00:00 [info] <0.222.0> Setting up a table for channel tracking on this node: tracked_channel_on_node_rabbit@5d7a6c054cc2
2022-09-20 16:32:57.818167+00:00 [info] <0.222.0> Setting up a table for channel tracking on this node: tracked_channel_table_per_user_on_node_rabbit@5d7a6c054cc2
2022-09-20 16:32:57.818403+00:00 [info] <0.222.0> Running boot step rabbit_channel_tracking_handler defined by app rabbit
2022-09-20 16:32:57.818496+00:00 [info] <0.222.0> Running boot step connection_tracking defined by app rabbit
2022-09-20 16:32:57.826176+00:00 [info] <0.222.0> Setting up a table for connection tracking on this node: tracked_connection_on_node_rabbit@5d7a6c054cc2
2022-09-20 16:32:57.832851+00:00 [info] <0.222.0> Setting up a table for per-vhost connection counting on this node: tracked_connection_per_vhost_on_node_rabbit@5d7a6c054cc2
2022-09-20 16:32:57.840146+00:00 [info] <0.222.0> Setting up a table for per-user connection counting on this node: tracked_connection_table_per_user_on_node_rabbit@5d7a6c054cc2
2022-09-20 16:32:57.840450+00:00 [info] <0.222.0> Running boot step rabbit_connection_tracking_handler defined by app rabbit
2022-09-20 16:32:57.840513+00:00 [info] <0.222.0> Running boot step rabbit_definitions_hashing defined by app rabbit
2022-09-20 16:32:57.840594+00:00 [info] <0.222.0> Running boot step rabbit_exchange_parameters defined by app rabbit
2022-09-20 16:32:57.840726+00:00 [info] <0.222.0> Running boot step rabbit_mirror_queue_misc defined by app rabbit
2022-09-20 16:32:57.840989+00:00 [info] <0.222.0> Running boot step rabbit_policies defined by app rabbit
2022-09-20 16:32:57.841334+00:00 [info] <0.222.0> Running boot step rabbit_policy defined by app rabbit
2022-09-20 16:32:57.841377+00:00 [info] <0.222.0> Running boot step rabbit_queue_location_validator defined by app rabbit
2022-09-20 16:32:57.841408+00:00 [info] <0.222.0> Running boot step rabbit_quorum_memory_manager defined by app rabbit
2022-09-20 16:32:57.841465+00:00 [info] <0.222.0> Running boot step rabbit_stream_coordinator defined by app rabbit
2022-09-20 16:32:57.841715+00:00 [info] <0.222.0> Running boot step rabbit_vhost_limit defined by app rabbit
2022-09-20 16:32:57.841805+00:00 [info] <0.222.0> Running boot step recovery defined by app rabbit
2022-09-20 16:32:57.842979+00:00 [info] <0.222.0> Running boot step empty_db_check defined by app rabbit
2022-09-20 16:32:57.843082+00:00 [info] <0.222.0> Will seed default virtual host and user...
2022-09-20 16:32:57.843159+00:00 [info] <0.222.0> Adding vhost '/' (description: 'Default virtual host', tags: [])
2022-09-20 16:32:57.858286+00:00 [info] <0.627.0> Making sure data directory '/var/lib/rabbitmq/mnesia/rabbit@5d7a6c054cc2/msg_stores/vhosts/628WB79CIFDYO9LJI6DKMI09L' for vhost '/' exists
2022-09-20 16:32:57.866274+00:00 [info] <0.627.0> Setting segment_entry_count for vhost '/' with 0 queues to '2048'
2022-09-20 16:32:57.875003+00:00 [info] <0.627.0> Starting message stores for vhost '/'
2022-09-20 16:32:57.875426+00:00 [info] <0.632.0> Message store "628WB79CIFDYO9LJI6DKMI09L/msg_store_transient": using rabbit_msg_store_ets_index to provide index
2022-09-20 16:32:57.890818+00:00 [info] <0.627.0> Started message store of type transient for vhost '/'
2022-09-20 16:32:57.891109+00:00 [info] <0.636.0> Message store "628WB79CIFDYO9LJI6DKMI09L/msg_store_persistent": using rabbit_msg_store_ets_index to provide index
2022-09-20 16:32:57.896406+00:00 [warning] <0.636.0> Message store "628WB79CIFDYO9LJI6DKMI09L/msg_store_persistent": rebuilding indices from scratch
2022-09-20 16:32:57.900970+00:00 [info] <0.627.0> Started message store of type persistent for vhost '/'
2022-09-20 16:32:57.901146+00:00 [info] <0.627.0> Recovering 0 queues of type rabbit_classic_queue took 32ms
2022-09-20 16:32:57.901195+00:00 [info] <0.627.0> Recovering 0 queues of type rabbit_quorum_queue took 0ms
2022-09-20 16:32:57.901232+00:00 [info] <0.627.0> Recovering 0 queues of type rabbit_stream_queue took 0ms
2022-09-20 16:32:57.904183+00:00 [info] <0.222.0> Created user 'guest'
2022-09-20 16:32:57.905813+00:00 [info] <0.222.0> Successfully set user tags for user 'guest' to [administrator]
2022-09-20 16:32:57.907771+00:00 [info] <0.222.0> Successfully set permissions for 'guest' in virtual host '/' to '.*', '.*', '.*'
2022-09-20 16:32:57.907845+00:00 [info] <0.222.0> Running boot step rabbit_looking_glass defined by app rabbit
2022-09-20 16:32:57.907876+00:00 [info] <0.222.0> Running boot step rabbit_core_metrics_gc defined by app rabbit
2022-09-20 16:32:57.907983+00:00 [info] <0.222.0> Running boot step background_gc defined by app rabbit
2022-09-20 16:32:57.908093+00:00 [info] <0.222.0> Running boot step routing_ready defined by app rabbit
2022-09-20 16:32:57.908152+00:00 [info] <0.222.0> Running boot step pre_flight defined by app rabbit
2022-09-20 16:32:57.908172+00:00 [info] <0.222.0> Running boot step notify_cluster defined by app rabbit
2022-09-20 16:32:57.908201+00:00 [info] <0.222.0> Running boot step networking defined by app rabbit
2022-09-20 16:32:57.908222+00:00 [info] <0.222.0> Running boot step definition_import_worker_pool defined by app rabbit
2022-09-20 16:32:57.908269+00:00 [info] <0.280.0> Starting worker pool 'definition_import_pool' with 16 processes in it
2022-09-20 16:32:57.908948+00:00 [info] <0.222.0> Running boot step cluster_name defined by app rabbit
2022-09-20 16:32:57.909041+00:00 [info] <0.222.0> Initialising internal cluster ID to 'rabbitmq-cluster-id-M_ZDzysHo_rtcgtnfd1zWQ'
2022-09-20 16:32:57.910914+00:00 [info] <0.222.0> Running boot step direct_client defined by app rabbit
2022-09-20 16:32:57.911081+00:00 [info] <0.222.0> Running boot step rabbit_maintenance_mode_state defined by app rabbit
2022-09-20 16:32:57.911119+00:00 [info] <0.222.0> Creating table rabbit_node_maintenance_states for feature flag `maintenance_mode_status`
2022-09-20 16:32:57.911546+00:00 [info] <0.682.0> Resetting node maintenance status
2022-09-20 16:32:57.911706+00:00 [info] <0.682.0> Ready to start client connection listeners
2022-09-20 16:32:57.913417+00:00 [info] <0.700.0> started TCP listener on [::]:5672
2022-09-20 16:32:57.990267+00:00 [info] <0.682.0> Server startup complete; 0 plugins started.
2022-09-20 16:33:45.661658+00:00 [info] <0.710.0> accepting AMQP connection <0.710.0> (172.22.0.1:38570 -> 172.22.0.3:5672)
2022-09-20 16:33:45.662108+00:00 [error] <0.710.0> closing AMQP connection <0.710.0> (172.22.0.1:38570 -> 172.22.0.3:5672):
2022-09-20 16:33:45.662108+00:00 [error] <0.710.0> {bad_header,<<"GET / HT">>}
2022-09-20 16:33:46.765002+00:00 [info] <0.707.0> accepting AMQP connection <0.707.0> (172.22.0.1:38568 -> 172.22.0.3:5672)
2022-09-20 16:33:46.765193+00:00 [error] <0.707.0> closing AMQP connection <0.707.0> (172.22.0.1:38568 -> 172.22.0.3:5672):
2022-09-20 16:33:46.765193+00:00 [error] <0.707.0> {bad_header,<<"GET / HT">>}
2022-09-20 16:33:47.860638+00:00 [info] <0.724.0> accepting AMQP connection <0.724.0> (172.22.0.1:38578 -> 172.22.0.3:5672)
2022-09-20 16:33:47.860891+00:00 [error] <0.724.0> closing AMQP connection <0.724.0> (172.22.0.1:38578 -> 172.22.0.3:5672):
2022-09-20 16:33:47.860891+00:00 [error] <0.724.0> {bad_header,<<"GET / HT">>}
2022-09-20 16:33:48.390977+00:00 [info] <0.727.0> accepting AMQP connection <0.727.0> (172.22.0.1:38582 -> 172.22.0.3:5672)
2022-09-20 16:33:48.391552+00:00 [error] <0.727.0> closing AMQP connection <0.727.0> (172.22.0.1:38582 -> 172.22.0.3:5672):
2022-09-20 16:33:48.391552+00:00 [error] <0.727.0> {bad_header,<<"GET / HT">>}
2022-09-20 16:33:48.550663+00:00 [info] <0.732.0> accepting AMQP connection <0.732.0> (172.22.0.1:38586 -> 172.22.0.3:5672)
2022-09-20 16:33:48.550879+00:00 [error] <0.732.0> closing AMQP connection <0.732.0> (172.22.0.1:38586 -> 172.22.0.3:5672):
2022-09-20 16:33:48.550879+00:00 [error] <0.732.0> {bad_header,<<"GET / HT">>}
2022-09-20 16:33:48.712127+00:00 [info] <0.737.0> accepting AMQP connection <0.737.0> (172.22.0.1:38590 -> 172.22.0.3:5672)
2022-09-20 16:33:48.712306+00:00 [error] <0.737.0> closing AMQP connection <0.737.0> (172.22.0.1:38590 -> 172.22.0.3:5672):
2022-09-20 16:33:48.712306+00:00 [error] <0.737.0> {bad_header,<<"GET / HT">>}
2022-09-20 16:33:48.863266+00:00 [info] <0.742.0> accepting AMQP connection <0.742.0> (172.22.0.1:38594 -> 172.22.0.3:5672)
2022-09-20 16:33:48.863433+00:00 [error] <0.742.0> closing AMQP connection <0.742.0> (172.22.0.1:38594 -> 172.22.0.3:5672):
2022-09-20 16:33:48.863433+00:00 [error] <0.742.0> {bad_header,<<"GET / HT">>}
2022-09-20 16:33:53.889355+00:00 [info] <0.747.0> accepting AMQP connection <0.747.0> (172.22.0.1:38598 -> 172.22.0.3:5672)
2022-09-20 16:33:53.889516+00:00 [error] <0.747.0> closing AMQP connection <0.747.0> (172.22.0.1:38598 -> 172.22.0.3:5672):
2022-09-20 16:33:53.889516+00:00 [error] <0.747.0> {bad_header,<<"GET / HT">>}
2022-09-20 16:34:23.911892+00:00 [info] <0.765.0> accepting AMQP connection <0.765.0> (172.22.0.1:38614 -> 172.22.0.3:5672)
2022-09-20 16:34:23.912027+00:00 [error] <0.765.0> closing AMQP connection <0.765.0> (172.22.0.1:38614 -> 172.22.0.3:5672):
2022-09-20 16:34:23.912027+00:00 [error] <0.765.0> {bad_header,<<"GET / HT">>}
2022-09-20 16:34:36.648995+00:00 [notice] <0.60.0> SIGTERM received - shutting down
2022-09-20 16:34:36.648995+00:00 [notice] <0.60.0> 
2022-09-20 16:34:36.650806+00:00 [info] <0.222.0> Peer discovery backend rabbit_peer_discovery_classic_config does not support registration, skipping unregistration.
2022-09-20 16:34:36.651037+00:00 [info] <0.700.0> stopped TCP listener on [::]:5672
2022-09-20 16:34:36.652854+00:00 [info] <0.771.0> Closing all connections in vhost '/' on node 'rabbit@5d7a6c054cc2' because the vhost is stopping
2022-09-20 16:34:36.652965+00:00 [info] <0.636.0> Stopping message store for directory '/var/lib/rabbitmq/mnesia/rabbit@5d7a6c054cc2/msg_stores/vhosts/628WB79CIFDYO9LJI6DKMI09L/msg_store_persistent'
2022-09-20 16:34:36.671583+00:00 [info] <0.636.0> Message store for directory '/var/lib/rabbitmq/mnesia/rabbit@5d7a6c054cc2/msg_stores/vhosts/628WB79CIFDYO9LJI6DKMI09L/msg_store_persistent' is stopped
2022-09-20 16:34:36.671803+00:00 [info] <0.632.0> Stopping message store for directory '/var/lib/rabbitmq/mnesia/rabbit@5d7a6c054cc2/msg_stores/vhosts/628WB79CIFDYO9LJI6DKMI09L/msg_store_transient'
2022-09-20 16:34:36.695914+00:00 [info] <0.632.0> Message store for directory '/var/lib/rabbitmq/mnesia/rabbit@5d7a6c054cc2/msg_stores/vhosts/628WB79CIFDYO9LJI6DKMI09L/msg_store_transient' is stopped
