[19-Sep-2022 01:33:25] NOTICE: fpm is running, pid 15
[19-Sep-2022 01:33:25] NOTICE: ready to handle connections
[19-Sep-2022 01:33:25] NOTICE: systemd monitor interval set to 10000ms
[19-Sep-2022 01:34:34] WARNING: [pool www] child 25 said into stderr: "NOTICE: PHP message: PHP Warning:  require(/var/www/html/public/../vendor/autoload.php): Failed to open stream: No such file or directory in /var/www/html/public/index.php on line 34"
[19-Sep-2022 01:34:34] WARNING: [pool www] child 25 said into stderr: "NOTICE: PHP message: PHP Fatal error:  Uncaught Error: Failed opening required '/var/www/html/public/../vendor/autoload.php' (include_path='.:/usr/share/php') in /var/www/html/public/index.php:34"
[19-Sep-2022 01:34:34] WARNING: [pool www] child 25 said into stderr: "Stack trace:"
[19-Sep-2022 01:34:34] WARNING: [pool www] child 25 said into stderr: "#0 {main}"
[19-Sep-2022 01:34:34] WARNING: [pool www] child 25 said into stderr: "  thrown in /var/www/html/public/index.php on line 34"
[19-Sep-2022 01:41:11] WARNING: [pool www] child 26 said into stderr: "NOTICE: PHP message: PHP Warning:  require(/var/www/html/public/../vendor/autoload.php): Failed to open stream: No such file or directory in /var/www/html/public/index.php on line 34"
[19-Sep-2022 01:41:11] WARNING: [pool www] child 26 said into stderr: "NOTICE: PHP message: PHP Fatal error:  Uncaught Error: Failed opening required '/var/www/html/public/../vendor/autoload.php' (include_path='.:/usr/share/php') in /var/www/html/public/index.php:34"
[19-Sep-2022 01:41:11] WARNING: [pool www] child 26 said into stderr: "Stack trace:"
[19-Sep-2022 01:41:11] WARNING: [pool www] child 26 said into stderr: "#0 {main}"
[19-Sep-2022 01:41:11] WARNING: [pool www] child 26 said into stderr: "  thrown in /var/www/html/public/index.php on line 34"
[19-Sep-2022 01:41:22] WARNING: [pool www] child 27 said into stderr: "NOTICE: PHP message: PHP Warning:  require(/var/www/html/public/../vendor/autoload.php): Failed to open stream: No such file or directory in /var/www/html/public/index.php on line 34"
[19-Sep-2022 01:41:22] WARNING: [pool www] child 27 said into stderr: "NOTICE: PHP message: PHP Fatal error:  Uncaught Error: Failed opening required '/var/www/html/public/../vendor/autoload.php' (include_path='.:/usr/share/php') in /var/www/html/public/index.php:34"
[19-Sep-2022 01:41:22] WARNING: [pool www] child 27 said into stderr: "Stack trace:"
[19-Sep-2022 01:41:22] WARNING: [pool www] child 27 said into stderr: "#0 {main}"
[19-Sep-2022 01:41:22] WARNING: [pool www] child 27 said into stderr: "  thrown in /var/www/html/public/index.php on line 34"
[19-Sep-2022 07:37:51] NOTICE: fpm is running, pid 15
[19-Sep-2022 07:37:51] NOTICE: ready to handle connections
[19-Sep-2022 07:37:51] NOTICE: systemd monitor interval set to 10000ms
[19-Sep-2022 07:38:12] NOTICE: fpm is running, pid 15
[19-Sep-2022 07:38:12] NOTICE: ready to handle connections
[19-Sep-2022 07:38:12] NOTICE: systemd monitor interval set to 10000ms
[19-Sep-2022 07:41:17] NOTICE: fpm is running, pid 16
[19-Sep-2022 07:41:17] NOTICE: ready to handle connections
[19-Sep-2022 07:41:17] NOTICE: systemd monitor interval set to 10000ms
[19-Sep-2022 07:41:53] NOTICE: fpm is running, pid 16
[19-Sep-2022 07:41:53] NOTICE: ready to handle connections
[19-Sep-2022 07:41:53] NOTICE: systemd monitor interval set to 10000ms
[19-Sep-2022 07:56:18] NOTICE: fpm is running, pid 15
[19-Sep-2022 07:56:18] NOTICE: ready to handle connections
[19-Sep-2022 07:56:18] NOTICE: systemd monitor interval set to 10000ms
[19-Sep-2022 07:56:42] NOTICE: fpm is running, pid 15
[19-Sep-2022 07:56:42] NOTICE: ready to handle connections
[19-Sep-2022 07:56:42] NOTICE: systemd monitor interval set to 10000ms
[19-Sep-2022 08:05:33] NOTICE: fpm is running, pid 14
[19-Sep-2022 08:05:33] NOTICE: ready to handle connections
[19-Sep-2022 08:05:33] NOTICE: systemd monitor interval set to 10000ms
[19-Sep-2022 08:29:39] NOTICE: fpm is running, pid 15
[19-Sep-2022 08:29:39] NOTICE: ready to handle connections
[19-Sep-2022 08:29:39] NOTICE: systemd monitor interval set to 10000ms
[19-Sep-2022 08:30:08] NOTICE: fpm is running, pid 15
[19-Sep-2022 08:30:08] NOTICE: ready to handle connections
[19-Sep-2022 08:30:08] NOTICE: systemd monitor interval set to 10000ms
[20-Sep-2022 16:32:54] NOTICE: fpm is running, pid 15
[20-Sep-2022 16:32:54] NOTICE: ready to handle connections
[20-Sep-2022 16:32:54] NOTICE: systemd monitor interval set to 10000ms
[20-Sep-2022 16:34:57] NOTICE: fpm is running, pid 15
[20-Sep-2022 16:34:57] NOTICE: ready to handle connections
[20-Sep-2022 16:34:57] NOTICE: systemd monitor interval set to 10000ms
[20-Sep-2022 16:38:49] NOTICE: fpm is running, pid 15
[20-Sep-2022 16:38:49] NOTICE: ready to handle connections
[20-Sep-2022 16:38:49] NOTICE: systemd monitor interval set to 10000ms
[20-Sep-2022 16:42:00] NOTICE: fpm is running, pid 15
[20-Sep-2022 16:42:00] NOTICE: ready to handle connections
[20-Sep-2022 16:42:00] NOTICE: systemd monitor interval set to 10000ms
[20-Sep-2022 16:44:32] NOTICE: fpm is running, pid 15
[20-Sep-2022 16:44:32] NOTICE: ready to handle connections
[20-Sep-2022 16:44:32] NOTICE: systemd monitor interval set to 10000ms
[20-Sep-2022 16:45:10] NOTICE: fpm is running, pid 15
[20-Sep-2022 16:45:10] NOTICE: ready to handle connections
[20-Sep-2022 16:45:10] NOTICE: systemd monitor interval set to 10000ms
[20-Sep-2022 16:58:43] NOTICE: fpm is running, pid 15
[20-Sep-2022 16:58:43] NOTICE: ready to handle connections
[20-Sep-2022 16:58:43] NOTICE: systemd monitor interval set to 10000ms
[20-Sep-2022 17:01:35] NOTICE: fpm is running, pid 15
[20-Sep-2022 17:01:35] NOTICE: ready to handle connections
[20-Sep-2022 17:01:35] NOTICE: systemd monitor interval set to 10000ms
[20-Sep-2022 17:08:31] NOTICE: fpm is running, pid 15
[20-Sep-2022 17:08:31] NOTICE: ready to handle connections
[20-Sep-2022 17:08:31] NOTICE: systemd monitor interval set to 10000ms
