2022-09-20 16:45:11.262761+00:00 [notice] <0.222.0> Logging: configured log handlers are now ACTIVE
2022-09-20 16:45:11.426699+00:00 [info] <0.222.0> ra: starting system quorum_queues
2022-09-20 16:45:11.426806+00:00 [info] <0.222.0> starting Ra system: quorum_queues in directory: /var/lib/rabbitmq/mnesia/rabbit@5f4e07fe6ca7/quorum/rabbit@5f4e07fe6ca7
2022-09-20 16:45:11.483674+00:00 [info] <0.259.0> ra system 'quorum_queues' running pre init for 0 registered servers
2022-09-20 16:45:11.493399+00:00 [info] <0.260.0> ra: meta data store initialised for system quorum_queues. 0 record(s) recovered
2022-09-20 16:45:11.504114+00:00 [notice] <0.265.0> WAL: ra_log_wal init, open tbls: ra_log_open_mem_tables, closed tbls: ra_log_closed_mem_tables
2022-09-20 16:45:11.515823+00:00 [info] <0.222.0> ra: starting system coordination
2022-09-20 16:45:11.515910+00:00 [info] <0.222.0> starting Ra system: coordination in directory: /var/lib/rabbitmq/mnesia/rabbit@5f4e07fe6ca7/coordination/rabbit@5f4e07fe6ca7
2022-09-20 16:45:11.524540+00:00 [info] <0.272.0> ra system 'coordination' running pre init for 0 registered servers
2022-09-20 16:45:11.526955+00:00 [info] <0.273.0> ra: meta data store initialised for system coordination. 0 record(s) recovered
2022-09-20 16:45:11.527140+00:00 [notice] <0.278.0> WAL: ra_coordination_log_wal init, open tbls: ra_coordination_log_open_mem_tables, closed tbls: ra_coordination_log_closed_mem_tables
2022-09-20 16:45:11.534536+00:00 [info] <0.222.0> 
2022-09-20 16:45:11.534536+00:00 [info] <0.222.0>  Starting RabbitMQ 3.10.7 on Erlang 25.0.4 [jit]
2022-09-20 16:45:11.534536+00:00 [info] <0.222.0>  Copyright (c) 2007-2022 VMware, Inc. or its affiliates.
2022-09-20 16:45:11.534536+00:00 [info] <0.222.0>  Licensed under the MPL 2.0. Website: https://rabbitmq.com
2022-09-20 16:45:11.535764+00:00 [info] <0.222.0> 
2022-09-20 16:45:11.535764+00:00 [info] <0.222.0>  node           : rabbit@5f4e07fe6ca7
2022-09-20 16:45:11.535764+00:00 [info] <0.222.0>  home dir       : /var/lib/rabbitmq
2022-09-20 16:45:11.535764+00:00 [info] <0.222.0>  config file(s) : (none)
2022-09-20 16:45:11.535764+00:00 [info] <0.222.0>  cookie hash    : J1A9fYYGn7KbOCswpFqaKA==
2022-09-20 16:45:11.535764+00:00 [info] <0.222.0>  log(s)         : /var/log/rabbitmq/rabbit@5f4e07fe6ca7.log
2022-09-20 16:45:11.535764+00:00 [info] <0.222.0>                 : /var/log/rabbitmq/rabbit@5f4e07fe6ca7_upgrade.log
2022-09-20 16:45:11.535764+00:00 [info] <0.222.0>                 : <stdout>
2022-09-20 16:45:11.535764+00:00 [info] <0.222.0>  database dir   : /var/lib/rabbitmq/mnesia/rabbit@5f4e07fe6ca7
2022-09-20 16:45:13.394311+00:00 [info] <0.222.0> Running boot step pre_boot defined by app rabbit
2022-09-20 16:45:13.394418+00:00 [info] <0.222.0> Running boot step rabbit_global_counters defined by app rabbit
2022-09-20 16:45:13.394920+00:00 [info] <0.222.0> Running boot step rabbit_osiris_metrics defined by app rabbit
2022-09-20 16:45:13.395048+00:00 [info] <0.222.0> Running boot step rabbit_core_metrics defined by app rabbit
2022-09-20 16:45:13.395741+00:00 [info] <0.222.0> Running boot step rabbit_alarm defined by app rabbit
2022-09-20 16:45:13.398182+00:00 [info] <0.288.0> Memory high watermark set to 3057 MiB (3205649203 bytes) of 7642 MiB (8014123008 bytes) total
2022-09-20 16:45:13.402733+00:00 [info] <0.290.0> Enabling free disk space monitoring
2022-09-20 16:45:13.402839+00:00 [info] <0.290.0> Disk free limit set to 50MB
2022-09-20 16:45:13.406733+00:00 [info] <0.222.0> Running boot step code_server_cache defined by app rabbit
2022-09-20 16:45:13.406944+00:00 [info] <0.222.0> Running boot step file_handle_cache defined by app rabbit
2022-09-20 16:45:13.407218+00:00 [info] <0.295.0> Limiting to approx 1048479 file handles (943629 sockets)
2022-09-20 16:45:13.407336+00:00 [info] <0.296.0> FHC read buffering: OFF
2022-09-20 16:45:13.407377+00:00 [info] <0.296.0> FHC write buffering: ON
2022-09-20 16:45:13.407773+00:00 [info] <0.222.0> Running boot step worker_pool defined by app rabbit
2022-09-20 16:45:13.407854+00:00 [info] <0.280.0> Will use 16 processes for default worker pool
2022-09-20 16:45:13.407997+00:00 [info] <0.280.0> Starting worker pool 'worker_pool' with 16 processes in it
2022-09-20 16:45:13.408671+00:00 [info] <0.222.0> Running boot step database defined by app rabbit
2022-09-20 16:45:13.409933+00:00 [info] <0.222.0> Node database directory at /var/lib/rabbitmq/mnesia/rabbit@5f4e07fe6ca7 is empty. Assuming we need to join an existing cluster or initialise from scratch...
2022-09-20 16:45:13.410007+00:00 [info] <0.222.0> Configured peer discovery backend: rabbit_peer_discovery_classic_config
2022-09-20 16:45:13.410036+00:00 [info] <0.222.0> Will try to lock with peer discovery backend rabbit_peer_discovery_classic_config
2022-09-20 16:45:13.410107+00:00 [info] <0.222.0> All discovered existing cluster peers:
2022-09-20 16:45:13.410154+00:00 [info] <0.222.0> Discovered no peer nodes to cluster with. Some discovery backends can filter nodes out based on a readiness criteria. Enabling debug logging might help troubleshoot.
2022-09-20 16:45:13.412968+00:00 [notice] <0.44.0> Application mnesia exited with reason: stopped
2022-09-20 16:45:13.634416+00:00 [info] <0.222.0> Waiting for Mnesia tables for 30000 ms, 9 retries left
2022-09-20 16:45:13.634538+00:00 [info] <0.222.0> Successfully synced tables from a peer
2022-09-20 16:45:13.644594+00:00 [info] <0.222.0> Waiting for Mnesia tables for 30000 ms, 9 retries left
2022-09-20 16:45:13.644741+00:00 [info] <0.222.0> Successfully synced tables from a peer
2022-09-20 16:45:13.644779+00:00 [info] <0.222.0> Feature flag `classic_mirrored_queue_version`: supported, attempt to enable...
2022-09-20 16:45:13.644832+00:00 [info] <0.222.0> Feature flag `classic_mirrored_queue_version`: mark as enabled=state_changing
2022-09-20 16:45:13.645468+00:00 [info] <0.222.0> Feature flags: list of feature flags found:
2022-09-20 16:45:13.645526+00:00 [info] <0.222.0> Feature flags:   [~] classic_mirrored_queue_version
2022-09-20 16:45:13.645560+00:00 [info] <0.222.0> Feature flags:   [ ] implicit_default_bindings
2022-09-20 16:45:13.645576+00:00 [info] <0.222.0> Feature flags:   [ ] maintenance_mode_status
2022-09-20 16:45:13.645587+00:00 [info] <0.222.0> Feature flags:   [ ] quorum_queue
2022-09-20 16:45:13.645649+00:00 [info] <0.222.0> Feature flags:   [ ] stream_queue
2022-09-20 16:45:13.645665+00:00 [info] <0.222.0> Feature flags:   [ ] user_limits
2022-09-20 16:45:13.645687+00:00 [info] <0.222.0> Feature flags:   [ ] virtual_host_metadata
2022-09-20 16:45:13.645716+00:00 [info] <0.222.0> Feature flags: feature flag states written to disk: yes
2022-09-20 16:45:13.652169+00:00 [info] <0.222.0> Feature flag `classic_mirrored_queue_version`: mark as enabled=true
2022-09-20 16:45:13.655132+00:00 [info] <0.222.0> Feature flags: list of feature flags found:
2022-09-20 16:45:13.655199+00:00 [info] <0.222.0> Feature flags:   [x] classic_mirrored_queue_version
2022-09-20 16:45:13.655228+00:00 [info] <0.222.0> Feature flags:   [ ] implicit_default_bindings
2022-09-20 16:45:13.655253+00:00 [info] <0.222.0> Feature flags:   [ ] maintenance_mode_status
2022-09-20 16:45:13.655290+00:00 [info] <0.222.0> Feature flags:   [ ] quorum_queue
2022-09-20 16:45:13.655319+00:00 [info] <0.222.0> Feature flags:   [ ] stream_queue
2022-09-20 16:45:13.655345+00:00 [info] <0.222.0> Feature flags:   [ ] user_limits
2022-09-20 16:45:13.655374+00:00 [info] <0.222.0> Feature flags:   [ ] virtual_host_metadata
2022-09-20 16:45:13.655389+00:00 [info] <0.222.0> Feature flags: feature flag states written to disk: yes
2022-09-20 16:45:13.661098+00:00 [info] <0.222.0> Feature flag `implicit_default_bindings`: supported, attempt to enable...
2022-09-20 16:45:13.661195+00:00 [info] <0.222.0> Feature flag `implicit_default_bindings`: mark as enabled=state_changing
2022-09-20 16:45:13.661850+00:00 [info] <0.222.0> Feature flags: list of feature flags found:
2022-09-20 16:45:13.661914+00:00 [info] <0.222.0> Feature flags:   [x] classic_mirrored_queue_version
2022-09-20 16:45:13.661935+00:00 [info] <0.222.0> Feature flags:   [~] implicit_default_bindings
2022-09-20 16:45:13.661966+00:00 [info] <0.222.0> Feature flags:   [ ] maintenance_mode_status
2022-09-20 16:45:13.661984+00:00 [info] <0.222.0> Feature flags:   [ ] quorum_queue
2022-09-20 16:45:13.662038+00:00 [info] <0.222.0> Feature flags:   [ ] stream_queue
2022-09-20 16:45:13.662057+00:00 [info] <0.222.0> Feature flags:   [ ] user_limits
2022-09-20 16:45:13.662070+00:00 [info] <0.222.0> Feature flags:   [ ] virtual_host_metadata
2022-09-20 16:45:13.662169+00:00 [info] <0.222.0> Feature flags: feature flag states written to disk: yes
2022-09-20 16:45:13.669232+00:00 [info] <0.222.0> Waiting for Mnesia tables for 30000 ms, 0 retries left
2022-09-20 16:45:13.669364+00:00 [info] <0.222.0> Successfully synced tables from a peer
2022-09-20 16:45:13.669419+00:00 [info] <0.222.0> Feature flag `implicit_default_bindings`: mark as enabled=true
2022-09-20 16:45:13.674766+00:00 [info] <0.222.0> Feature flags: list of feature flags found:
2022-09-20 16:45:13.674824+00:00 [info] <0.222.0> Feature flags:   [x] classic_mirrored_queue_version
2022-09-20 16:45:13.674847+00:00 [info] <0.222.0> Feature flags:   [x] implicit_default_bindings
2022-09-20 16:45:13.674862+00:00 [info] <0.222.0> Feature flags:   [ ] maintenance_mode_status
2022-09-20 16:45:13.674874+00:00 [info] <0.222.0> Feature flags:   [ ] quorum_queue
2022-09-20 16:45:13.674923+00:00 [info] <0.222.0> Feature flags:   [ ] stream_queue
2022-09-20 16:45:13.674953+00:00 [info] <0.222.0> Feature flags:   [ ] user_limits
2022-09-20 16:45:13.674970+00:00 [info] <0.222.0> Feature flags:   [ ] virtual_host_metadata
2022-09-20 16:45:13.674992+00:00 [info] <0.222.0> Feature flags: feature flag states written to disk: yes
2022-09-20 16:45:13.680922+00:00 [info] <0.222.0> Feature flag `maintenance_mode_status`: supported, attempt to enable...
2022-09-20 16:45:13.681059+00:00 [info] <0.222.0> Feature flag `maintenance_mode_status`: mark as enabled=state_changing
2022-09-20 16:45:13.681778+00:00 [info] <0.222.0> Feature flags: list of feature flags found:
2022-09-20 16:45:13.681858+00:00 [info] <0.222.0> Feature flags:   [x] classic_mirrored_queue_version
2022-09-20 16:45:13.681880+00:00 [info] <0.222.0> Feature flags:   [x] implicit_default_bindings
2022-09-20 16:45:13.681894+00:00 [info] <0.222.0> Feature flags:   [~] maintenance_mode_status
2022-09-20 16:45:13.681905+00:00 [info] <0.222.0> Feature flags:   [ ] quorum_queue
2022-09-20 16:45:13.681976+00:00 [info] <0.222.0> Feature flags:   [ ] stream_queue
2022-09-20 16:45:13.681989+00:00 [info] <0.222.0> Feature flags:   [ ] user_limits
2022-09-20 16:45:13.682000+00:00 [info] <0.222.0> Feature flags:   [ ] virtual_host_metadata
2022-09-20 16:45:13.682064+00:00 [info] <0.222.0> Feature flags: feature flag states written to disk: yes
2022-09-20 16:45:13.688020+00:00 [info] <0.222.0> Creating table rabbit_node_maintenance_states for feature flag `maintenance_mode_status`
2022-09-20 16:45:13.695489+00:00 [info] <0.222.0> Feature flag `maintenance_mode_status`: mark as enabled=true
2022-09-20 16:45:13.701205+00:00 [info] <0.222.0> Feature flags: list of feature flags found:
2022-09-20 16:45:13.701297+00:00 [info] <0.222.0> Feature flags:   [x] classic_mirrored_queue_version
2022-09-20 16:45:13.701316+00:00 [info] <0.222.0> Feature flags:   [x] implicit_default_bindings
2022-09-20 16:45:13.701349+00:00 [info] <0.222.0> Feature flags:   [x] maintenance_mode_status
2022-09-20 16:45:13.701361+00:00 [info] <0.222.0> Feature flags:   [ ] quorum_queue
2022-09-20 16:45:13.701389+00:00 [info] <0.222.0> Feature flags:   [ ] stream_queue
2022-09-20 16:45:13.701461+00:00 [info] <0.222.0> Feature flags:   [ ] user_limits
2022-09-20 16:45:13.701479+00:00 [info] <0.222.0> Feature flags:   [ ] virtual_host_metadata
2022-09-20 16:45:13.701491+00:00 [info] <0.222.0> Feature flags: feature flag states written to disk: yes
2022-09-20 16:45:13.707460+00:00 [info] <0.222.0> Feature flag `quorum_queue`: supported, attempt to enable...
2022-09-20 16:45:13.707580+00:00 [info] <0.222.0> Feature flag `quorum_queue`: mark as enabled=state_changing
2022-09-20 16:45:13.708245+00:00 [info] <0.222.0> Feature flags: list of feature flags found:
2022-09-20 16:45:13.708336+00:00 [info] <0.222.0> Feature flags:   [x] classic_mirrored_queue_version
2022-09-20 16:45:13.708359+00:00 [info] <0.222.0> Feature flags:   [x] implicit_default_bindings
2022-09-20 16:45:13.708378+00:00 [info] <0.222.0> Feature flags:   [x] maintenance_mode_status
2022-09-20 16:45:13.708395+00:00 [info] <0.222.0> Feature flags:   [~] quorum_queue
2022-09-20 16:45:13.708618+00:00 [info] <0.222.0> Feature flags:   [ ] stream_queue
2022-09-20 16:45:13.708640+00:00 [info] <0.222.0> Feature flags:   [ ] user_limits
2022-09-20 16:45:13.708656+00:00 [info] <0.222.0> Feature flags:   [ ] virtual_host_metadata
2022-09-20 16:45:13.708746+00:00 [info] <0.222.0> Feature flags: feature flag states written to disk: yes
2022-09-20 16:45:13.718693+00:00 [info] <0.222.0> Waiting for Mnesia tables for 30000 ms, 9 retries left
2022-09-20 16:45:13.718990+00:00 [info] <0.222.0> Successfully synced tables from a peer
2022-09-20 16:45:13.719042+00:00 [info] <0.222.0> Feature flag `quorum_queue`:   migrating Mnesia table rabbit_queue...
2022-09-20 16:45:13.764793+00:00 [info] <0.222.0> Feature flag `quorum_queue`:   migrating Mnesia table rabbit_durable_queue...
2022-09-20 16:45:13.800817+00:00 [info] <0.222.0> Feature flag `quorum_queue`:   Mnesia tables migration done
2022-09-20 16:45:13.800899+00:00 [info] <0.222.0> Feature flag `quorum_queue`: mark as enabled=true
2022-09-20 16:45:13.804966+00:00 [info] <0.222.0> Feature flags: list of feature flags found:
2022-09-20 16:45:13.805025+00:00 [info] <0.222.0> Feature flags:   [x] classic_mirrored_queue_version
2022-09-20 16:45:13.805043+00:00 [info] <0.222.0> Feature flags:   [x] implicit_default_bindings
2022-09-20 16:45:13.805074+00:00 [info] <0.222.0> Feature flags:   [x] maintenance_mode_status
2022-09-20 16:45:13.805087+00:00 [info] <0.222.0> Feature flags:   [x] quorum_queue
2022-09-20 16:45:13.805098+00:00 [info] <0.222.0> Feature flags:   [ ] stream_queue
2022-09-20 16:45:13.805154+00:00 [info] <0.222.0> Feature flags:   [ ] user_limits
2022-09-20 16:45:13.805178+00:00 [info] <0.222.0> Feature flags:   [ ] virtual_host_metadata
2022-09-20 16:45:13.805191+00:00 [info] <0.222.0> Feature flags: feature flag states written to disk: yes
2022-09-20 16:45:13.811363+00:00 [info] <0.222.0> Feature flag `stream_queue`: supported, attempt to enable...
2022-09-20 16:45:13.811466+00:00 [info] <0.222.0> Feature flag `stream_queue`: mark as enabled=state_changing
2022-09-20 16:45:13.812109+00:00 [info] <0.222.0> Feature flags: list of feature flags found:
2022-09-20 16:45:13.812152+00:00 [info] <0.222.0> Feature flags:   [x] classic_mirrored_queue_version
2022-09-20 16:45:13.812196+00:00 [info] <0.222.0> Feature flags:   [x] implicit_default_bindings
2022-09-20 16:45:13.812215+00:00 [info] <0.222.0> Feature flags:   [x] maintenance_mode_status
2022-09-20 16:45:13.812240+00:00 [info] <0.222.0> Feature flags:   [x] quorum_queue
2022-09-20 16:45:13.812291+00:00 [info] <0.222.0> Feature flags:   [~] stream_queue
2022-09-20 16:45:13.812307+00:00 [info] <0.222.0> Feature flags:   [ ] user_limits
2022-09-20 16:45:13.812319+00:00 [info] <0.222.0> Feature flags:   [ ] virtual_host_metadata
2022-09-20 16:45:13.812390+00:00 [info] <0.222.0> Feature flags: feature flag states written to disk: yes
2022-09-20 16:45:13.819136+00:00 [info] <0.222.0> Feature flag `stream_queue`: mark as enabled=true
2022-09-20 16:45:13.823183+00:00 [info] <0.222.0> Feature flags: list of feature flags found:
2022-09-20 16:45:13.823265+00:00 [info] <0.222.0> Feature flags:   [x] classic_mirrored_queue_version
2022-09-20 16:45:13.823298+00:00 [info] <0.222.0> Feature flags:   [x] implicit_default_bindings
2022-09-20 16:45:13.823340+00:00 [info] <0.222.0> Feature flags:   [x] maintenance_mode_status
2022-09-20 16:45:13.823371+00:00 [info] <0.222.0> Feature flags:   [x] quorum_queue
2022-09-20 16:45:13.823418+00:00 [info] <0.222.0> Feature flags:   [x] stream_queue
2022-09-20 16:45:13.823507+00:00 [info] <0.222.0> Feature flags:   [ ] user_limits
2022-09-20 16:45:13.823549+00:00 [info] <0.222.0> Feature flags:   [ ] virtual_host_metadata
2022-09-20 16:45:13.823583+00:00 [info] <0.222.0> Feature flags: feature flag states written to disk: yes
2022-09-20 16:45:13.829309+00:00 [info] <0.222.0> Feature flag `user_limits`: supported, attempt to enable...
2022-09-20 16:45:13.829407+00:00 [info] <0.222.0> Feature flag `user_limits`: mark as enabled=state_changing
2022-09-20 16:45:13.830021+00:00 [info] <0.222.0> Feature flags: list of feature flags found:
2022-09-20 16:45:13.830067+00:00 [info] <0.222.0> Feature flags:   [x] classic_mirrored_queue_version
2022-09-20 16:45:13.830089+00:00 [info] <0.222.0> Feature flags:   [x] implicit_default_bindings
2022-09-20 16:45:13.830104+00:00 [info] <0.222.0> Feature flags:   [x] maintenance_mode_status
2022-09-20 16:45:13.830136+00:00 [info] <0.222.0> Feature flags:   [x] quorum_queue
2022-09-20 16:45:13.830193+00:00 [info] <0.222.0> Feature flags:   [x] stream_queue
2022-09-20 16:45:13.830213+00:00 [info] <0.222.0> Feature flags:   [~] user_limits
2022-09-20 16:45:13.830225+00:00 [info] <0.222.0> Feature flags:   [ ] virtual_host_metadata
2022-09-20 16:45:13.830239+00:00 [info] <0.222.0> Feature flags: feature flag states written to disk: yes
2022-09-20 16:45:13.835987+00:00 [info] <0.222.0> Waiting for Mnesia tables for 30000 ms, 9 retries left
2022-09-20 16:45:13.836235+00:00 [info] <0.222.0> Successfully synced tables from a peer
2022-09-20 16:45:13.875619+00:00 [info] <0.222.0> Feature flag `user_limits`: mark as enabled=true
2022-09-20 16:45:13.879417+00:00 [info] <0.222.0> Feature flags: list of feature flags found:
2022-09-20 16:45:13.879490+00:00 [info] <0.222.0> Feature flags:   [x] classic_mirrored_queue_version
2022-09-20 16:45:13.879514+00:00 [info] <0.222.0> Feature flags:   [x] implicit_default_bindings
2022-09-20 16:45:13.879529+00:00 [info] <0.222.0> Feature flags:   [x] maintenance_mode_status
2022-09-20 16:45:13.879556+00:00 [info] <0.222.0> Feature flags:   [x] quorum_queue
2022-09-20 16:45:13.879606+00:00 [info] <0.222.0> Feature flags:   [x] stream_queue
2022-09-20 16:45:13.879634+00:00 [info] <0.222.0> Feature flags:   [x] user_limits
2022-09-20 16:45:13.879650+00:00 [info] <0.222.0> Feature flags:   [ ] virtual_host_metadata
2022-09-20 16:45:13.879662+00:00 [info] <0.222.0> Feature flags: feature flag states written to disk: yes
2022-09-20 16:45:13.886418+00:00 [info] <0.222.0> Feature flag `virtual_host_metadata`: supported, attempt to enable...
2022-09-20 16:45:13.886513+00:00 [info] <0.222.0> Feature flag `virtual_host_metadata`: mark as enabled=state_changing
2022-09-20 16:45:13.887095+00:00 [info] <0.222.0> Feature flags: list of feature flags found:
2022-09-20 16:45:13.887153+00:00 [info] <0.222.0> Feature flags:   [x] classic_mirrored_queue_version
2022-09-20 16:45:13.887175+00:00 [info] <0.222.0> Feature flags:   [x] implicit_default_bindings
2022-09-20 16:45:13.887190+00:00 [info] <0.222.0> Feature flags:   [x] maintenance_mode_status
2022-09-20 16:45:13.887220+00:00 [info] <0.222.0> Feature flags:   [x] quorum_queue
2022-09-20 16:45:13.887287+00:00 [info] <0.222.0> Feature flags:   [x] stream_queue
2022-09-20 16:45:13.887306+00:00 [info] <0.222.0> Feature flags:   [x] user_limits
2022-09-20 16:45:13.887319+00:00 [info] <0.222.0> Feature flags:   [~] virtual_host_metadata
2022-09-20 16:45:13.887331+00:00 [info] <0.222.0> Feature flags: feature flag states written to disk: yes
2022-09-20 16:45:13.893074+00:00 [info] <0.222.0> Waiting for Mnesia tables for 30000 ms, 9 retries left
2022-09-20 16:45:13.893193+00:00 [info] <0.222.0> Successfully synced tables from a peer
2022-09-20 16:45:13.933572+00:00 [info] <0.222.0> Feature flag `virtual_host_metadata`: mark as enabled=true
2022-09-20 16:45:13.937569+00:00 [info] <0.222.0> Feature flags: list of feature flags found:
2022-09-20 16:45:13.937623+00:00 [info] <0.222.0> Feature flags:   [x] classic_mirrored_queue_version
2022-09-20 16:45:13.937648+00:00 [info] <0.222.0> Feature flags:   [x] implicit_default_bindings
2022-09-20 16:45:13.937706+00:00 [info] <0.222.0> Feature flags:   [x] maintenance_mode_status
2022-09-20 16:45:13.937732+00:00 [info] <0.222.0> Feature flags:   [x] quorum_queue
2022-09-20 16:45:13.937764+00:00 [info] <0.222.0> Feature flags:   [x] stream_queue
2022-09-20 16:45:13.937809+00:00 [info] <0.222.0> Feature flags:   [x] user_limits
2022-09-20 16:45:13.937830+00:00 [info] <0.222.0> Feature flags:   [x] virtual_host_metadata
2022-09-20 16:45:13.937847+00:00 [info] <0.222.0> Feature flags: feature flag states written to disk: yes
2022-09-20 16:45:13.943287+00:00 [info] <0.222.0> Waiting for Mnesia tables for 30000 ms, 9 retries left
2022-09-20 16:45:13.943459+00:00 [info] <0.222.0> Successfully synced tables from a peer
2022-09-20 16:45:13.960825+00:00 [info] <0.222.0> Waiting for Mnesia tables for 30000 ms, 9 retries left
2022-09-20 16:45:13.961004+00:00 [info] <0.222.0> Successfully synced tables from a peer
2022-09-20 16:45:13.961036+00:00 [info] <0.222.0> Peer discovery backend rabbit_peer_discovery_classic_config does not support registration, skipping registration.
2022-09-20 16:45:13.961056+00:00 [info] <0.222.0> Will try to unlock with peer discovery backend rabbit_peer_discovery_classic_config
2022-09-20 16:45:13.961174+00:00 [info] <0.222.0> Running boot step database_sync defined by app rabbit
2022-09-20 16:45:13.961322+00:00 [info] <0.222.0> Running boot step feature_flags defined by app rabbit
2022-09-20 16:45:13.962430+00:00 [info] <0.222.0> Running boot step codec_correctness_check defined by app rabbit
2022-09-20 16:45:13.962484+00:00 [info] <0.222.0> Running boot step external_infrastructure defined by app rabbit
2022-09-20 16:45:13.962505+00:00 [info] <0.222.0> Running boot step rabbit_event defined by app rabbit
2022-09-20 16:45:13.962631+00:00 [info] <0.222.0> Running boot step rabbit_registry defined by app rabbit
2022-09-20 16:45:13.962728+00:00 [info] <0.222.0> Running boot step rabbit_auth_mechanism_amqplain defined by app rabbit
2022-09-20 16:45:13.962836+00:00 [info] <0.222.0> Running boot step rabbit_auth_mechanism_cr_demo defined by app rabbit
2022-09-20 16:45:13.962936+00:00 [info] <0.222.0> Running boot step rabbit_auth_mechanism_plain defined by app rabbit
2022-09-20 16:45:13.963010+00:00 [info] <0.222.0> Running boot step rabbit_exchange_type_direct defined by app rabbit
2022-09-20 16:45:13.963118+00:00 [info] <0.222.0> Running boot step rabbit_exchange_type_fanout defined by app rabbit
2022-09-20 16:45:13.963208+00:00 [info] <0.222.0> Running boot step rabbit_exchange_type_headers defined by app rabbit
2022-09-20 16:45:13.963281+00:00 [info] <0.222.0> Running boot step rabbit_exchange_type_topic defined by app rabbit
2022-09-20 16:45:13.963383+00:00 [info] <0.222.0> Running boot step rabbit_mirror_queue_mode_all defined by app rabbit
2022-09-20 16:45:13.963451+00:00 [info] <0.222.0> Running boot step rabbit_mirror_queue_mode_exactly defined by app rabbit
2022-09-20 16:45:13.963521+00:00 [info] <0.222.0> Running boot step rabbit_mirror_queue_mode_nodes defined by app rabbit
2022-09-20 16:45:13.963579+00:00 [info] <0.222.0> Running boot step rabbit_priority_queue defined by app rabbit
2022-09-20 16:45:13.963603+00:00 [info] <0.222.0> Priority queues enabled, real BQ is rabbit_variable_queue
2022-09-20 16:45:13.963676+00:00 [info] <0.222.0> Running boot step rabbit_queue_location_client_local defined by app rabbit
2022-09-20 16:45:13.963727+00:00 [info] <0.222.0> Running boot step rabbit_queue_location_min_masters defined by app rabbit
2022-09-20 16:45:13.963788+00:00 [info] <0.222.0> Running boot step rabbit_queue_location_random defined by app rabbit
2022-09-20 16:45:13.963863+00:00 [info] <0.222.0> Running boot step kernel_ready defined by app rabbit
2022-09-20 16:45:13.963893+00:00 [info] <0.222.0> Running boot step rabbit_sysmon_minder defined by app rabbit
2022-09-20 16:45:13.964004+00:00 [info] <0.222.0> Running boot step rabbit_epmd_monitor defined by app rabbit
2022-09-20 16:45:13.964679+00:00 [info] <0.566.0> epmd monitor knows us, inter-node communication (distribution) port: 25672
2022-09-20 16:45:13.964770+00:00 [info] <0.222.0> Running boot step guid_generator defined by app rabbit
2022-09-20 16:45:13.970436+00:00 [info] <0.222.0> Running boot step rabbit_node_monitor defined by app rabbit
2022-09-20 16:45:13.970771+00:00 [info] <0.570.0> Starting rabbit_node_monitor
2022-09-20 16:45:13.970899+00:00 [info] <0.222.0> Running boot step delegate_sup defined by app rabbit
2022-09-20 16:45:13.971464+00:00 [info] <0.222.0> Running boot step rabbit_memory_monitor defined by app rabbit
2022-09-20 16:45:13.971649+00:00 [info] <0.222.0> Running boot step rabbit_fifo_dlx_sup defined by app rabbit
2022-09-20 16:45:13.971711+00:00 [info] <0.222.0> Running boot step core_initialized defined by app rabbit
2022-09-20 16:45:13.971740+00:00 [info] <0.222.0> Running boot step upgrade_queues defined by app rabbit
2022-09-20 16:45:13.980427+00:00 [info] <0.222.0> message_store upgrades: 1 to apply
2022-09-20 16:45:13.980560+00:00 [info] <0.222.0> message_store upgrades: Applying rabbit_variable_queue:move_messages_to_vhost_store
2022-09-20 16:45:13.980741+00:00 [info] <0.222.0> message_store upgrades: No durable queues found. Skipping message store migration
2022-09-20 16:45:13.980792+00:00 [info] <0.222.0> message_store upgrades: Removing the old message store data
2022-09-20 16:45:13.982502+00:00 [info] <0.222.0> message_store upgrades: All upgrades applied successfully
2022-09-20 16:45:13.996892+00:00 [info] <0.222.0> Running boot step channel_tracking defined by app rabbit
2022-09-20 16:45:14.003821+00:00 [info] <0.222.0> Setting up a table for channel tracking on this node: tracked_channel_on_node_rabbit@5f4e07fe6ca7
2022-09-20 16:45:14.010737+00:00 [info] <0.222.0> Setting up a table for channel tracking on this node: tracked_channel_table_per_user_on_node_rabbit@5f4e07fe6ca7
2022-09-20 16:45:14.011099+00:00 [info] <0.222.0> Running boot step rabbit_channel_tracking_handler defined by app rabbit
2022-09-20 16:45:14.011209+00:00 [info] <0.222.0> Running boot step connection_tracking defined by app rabbit
2022-09-20 16:45:14.017976+00:00 [info] <0.222.0> Setting up a table for connection tracking on this node: tracked_connection_on_node_rabbit@5f4e07fe6ca7
2022-09-20 16:45:14.025231+00:00 [info] <0.222.0> Setting up a table for per-vhost connection counting on this node: tracked_connection_per_vhost_on_node_rabbit@5f4e07fe6ca7
2022-09-20 16:45:14.032707+00:00 [info] <0.222.0> Setting up a table for per-user connection counting on this node: tracked_connection_table_per_user_on_node_rabbit@5f4e07fe6ca7
2022-09-20 16:45:14.033174+00:00 [info] <0.222.0> Running boot step rabbit_connection_tracking_handler defined by app rabbit
2022-09-20 16:45:14.033282+00:00 [info] <0.222.0> Running boot step rabbit_definitions_hashing defined by app rabbit
2022-09-20 16:45:14.033399+00:00 [info] <0.222.0> Running boot step rabbit_exchange_parameters defined by app rabbit
2022-09-20 16:45:14.033494+00:00 [info] <0.222.0> Running boot step rabbit_mirror_queue_misc defined by app rabbit
2022-09-20 16:45:14.033851+00:00 [info] <0.222.0> Running boot step rabbit_policies defined by app rabbit
2022-09-20 16:45:14.034188+00:00 [info] <0.222.0> Running boot step rabbit_policy defined by app rabbit
2022-09-20 16:45:14.034243+00:00 [info] <0.222.0> Running boot step rabbit_queue_location_validator defined by app rabbit
2022-09-20 16:45:14.034334+00:00 [info] <0.222.0> Running boot step rabbit_quorum_memory_manager defined by app rabbit
2022-09-20 16:45:14.034391+00:00 [info] <0.222.0> Running boot step rabbit_stream_coordinator defined by app rabbit
2022-09-20 16:45:14.034732+00:00 [info] <0.222.0> Running boot step rabbit_vhost_limit defined by app rabbit
2022-09-20 16:45:14.034822+00:00 [info] <0.222.0> Running boot step recovery defined by app rabbit
2022-09-20 16:45:14.035857+00:00 [info] <0.222.0> Running boot step empty_db_check defined by app rabbit
2022-09-20 16:45:14.035929+00:00 [info] <0.222.0> Will seed default virtual host and user...
2022-09-20 16:45:14.036015+00:00 [info] <0.222.0> Adding vhost '/' (description: 'Default virtual host', tags: [])
2022-09-20 16:45:14.052095+00:00 [info] <0.627.0> Making sure data directory '/var/lib/rabbitmq/mnesia/rabbit@5f4e07fe6ca7/msg_stores/vhosts/628WB79CIFDYO9LJI6DKMI09L' for vhost '/' exists
2022-09-20 16:45:14.061530+00:00 [info] <0.627.0> Setting segment_entry_count for vhost '/' with 0 queues to '2048'
2022-09-20 16:45:14.070172+00:00 [info] <0.627.0> Starting message stores for vhost '/'
2022-09-20 16:45:14.070590+00:00 [info] <0.632.0> Message store "628WB79CIFDYO9LJI6DKMI09L/msg_store_transient": using rabbit_msg_store_ets_index to provide index
2022-09-20 16:45:14.087512+00:00 [info] <0.627.0> Started message store of type transient for vhost '/'
2022-09-20 16:45:14.087727+00:00 [info] <0.636.0> Message store "628WB79CIFDYO9LJI6DKMI09L/msg_store_persistent": using rabbit_msg_store_ets_index to provide index
2022-09-20 16:45:14.092944+00:00 [warning] <0.636.0> Message store "628WB79CIFDYO9LJI6DKMI09L/msg_store_persistent": rebuilding indices from scratch
2022-09-20 16:45:14.096907+00:00 [info] <0.627.0> Started message store of type persistent for vhost '/'
2022-09-20 16:45:14.097032+00:00 [info] <0.627.0> Recovering 0 queues of type rabbit_classic_queue took 32ms
2022-09-20 16:45:14.097087+00:00 [info] <0.627.0> Recovering 0 queues of type rabbit_quorum_queue took 0ms
2022-09-20 16:45:14.097125+00:00 [info] <0.627.0> Recovering 0 queues of type rabbit_stream_queue took 0ms
2022-09-20 16:45:14.100128+00:00 [info] <0.222.0> Created user 'taivo'
2022-09-20 16:45:14.101717+00:00 [info] <0.222.0> Successfully set user tags for user 'taivo' to [administrator]
2022-09-20 16:45:14.103658+00:00 [info] <0.222.0> Successfully set permissions for 'taivo' in virtual host '/' to '.*', '.*', '.*'
2022-09-20 16:45:14.103710+00:00 [info] <0.222.0> Running boot step rabbit_looking_glass defined by app rabbit
2022-09-20 16:45:14.103738+00:00 [info] <0.222.0> Running boot step rabbit_core_metrics_gc defined by app rabbit
2022-09-20 16:45:14.103940+00:00 [info] <0.222.0> Running boot step background_gc defined by app rabbit
2022-09-20 16:45:14.104138+00:00 [info] <0.222.0> Running boot step routing_ready defined by app rabbit
2022-09-20 16:45:14.104169+00:00 [info] <0.222.0> Running boot step pre_flight defined by app rabbit
2022-09-20 16:45:14.104187+00:00 [info] <0.222.0> Running boot step notify_cluster defined by app rabbit
2022-09-20 16:45:14.104221+00:00 [info] <0.222.0> Running boot step networking defined by app rabbit
2022-09-20 16:45:14.104288+00:00 [info] <0.222.0> Running boot step definition_import_worker_pool defined by app rabbit
2022-09-20 16:45:14.104320+00:00 [info] <0.280.0> Starting worker pool 'definition_import_pool' with 16 processes in it
2022-09-20 16:45:14.105003+00:00 [info] <0.222.0> Running boot step cluster_name defined by app rabbit
2022-09-20 16:45:14.105087+00:00 [info] <0.222.0> Initialising internal cluster ID to 'rabbitmq-cluster-id-s6qaX_fM92cPB3K4BaWvxw'
2022-09-20 16:45:14.106893+00:00 [info] <0.222.0> Running boot step direct_client defined by app rabbit
2022-09-20 16:45:14.107017+00:00 [info] <0.222.0> Running boot step rabbit_maintenance_mode_state defined by app rabbit
2022-09-20 16:45:14.107066+00:00 [info] <0.222.0> Creating table rabbit_node_maintenance_states for feature flag `maintenance_mode_status`
2022-09-20 16:45:14.107352+00:00 [info] <0.682.0> Resetting node maintenance status
2022-09-20 16:45:14.107533+00:00 [info] <0.682.0> Ready to start client connection listeners
2022-09-20 16:45:14.109173+00:00 [info] <0.700.0> started TCP listener on [::]:5672
2022-09-20 16:45:14.171927+00:00 [info] <0.682.0> Server startup complete; 0 plugins started.
2022-09-20 16:46:45.493792+00:00 [info] <0.712.0> accepting AMQP connection <0.712.0> (172.23.0.1:38992 -> 172.23.0.3:5672)
2022-09-20 16:46:45.493973+00:00 [error] <0.712.0> closing AMQP connection <0.712.0> (172.23.0.1:38992 -> 172.23.0.3:5672):
2022-09-20 16:46:45.493973+00:00 [error] <0.712.0> {bad_header,<<"GET / HT">>}
2022-09-20 16:46:46.523728+00:00 [info] <0.715.0> accepting AMQP connection <0.715.0> (172.23.0.1:38994 -> 172.23.0.3:5672)
2022-09-20 16:46:46.523882+00:00 [error] <0.715.0> closing AMQP connection <0.715.0> (172.23.0.1:38994 -> 172.23.0.3:5672):
2022-09-20 16:46:46.523882+00:00 [error] <0.715.0> {bad_header,<<"GET / HT">>}
2022-09-20 16:46:56.524171+00:00 [info] <0.721.0> accepting AMQP connection <0.721.0> (172.23.0.1:38998 -> 172.23.0.3:5672)
2022-09-20 16:46:56.524321+00:00 [error] <0.721.0> closing AMQP connection <0.721.0> (172.23.0.1:38998 -> 172.23.0.3:5672):
2022-09-20 16:46:56.524321+00:00 [error] <0.721.0> {handshake_timeout,handshake}
2022-09-20 16:47:21.811647+00:00 [info] <0.732.0> accepting AMQP connection <0.732.0> (172.23.0.1:39006 -> 172.23.0.3:5672)
2022-09-20 16:47:21.811808+00:00 [error] <0.732.0> closing AMQP connection <0.732.0> (172.23.0.1:39006 -> 172.23.0.3:5672):
2022-09-20 16:47:21.811808+00:00 [error] <0.732.0> {bad_header,<<"GET / HT">>}
2022-09-20 16:47:31.800943+00:00 [info] <0.735.0> accepting AMQP connection <0.735.0> (172.23.0.1:39010 -> 172.23.0.3:5672)
2022-09-20 16:47:31.801195+00:00 [error] <0.735.0> closing AMQP connection <0.735.0> (172.23.0.1:39010 -> 172.23.0.3:5672):
2022-09-20 16:47:31.801195+00:00 [error] <0.735.0> {handshake_timeout,handshake}
2022-09-20 16:53:34.447704+00:00 [info] <0.805.0> accepting AMQP connection <0.805.0> (172.23.0.1:39516 -> 172.23.0.3:5672)
2022-09-20 16:53:34.447943+00:00 [error] <0.805.0> closing AMQP connection <0.805.0> (172.23.0.1:39516 -> 172.23.0.3:5672):
2022-09-20 16:53:34.447943+00:00 [error] <0.805.0> {bad_header,<<"GET / HT">>}
2022-09-20 16:53:35.476873+00:00 [info] <0.802.0> accepting AMQP connection <0.802.0> (172.23.0.1:39518 -> 172.23.0.3:5672)
2022-09-20 16:53:35.477021+00:00 [error] <0.802.0> closing AMQP connection <0.802.0> (172.23.0.1:39518 -> 172.23.0.3:5672):
2022-09-20 16:53:35.477021+00:00 [error] <0.802.0> {bad_header,<<"GET / HT">>}
2022-09-20 16:53:40.500745+00:00 [info] <0.810.0> accepting AMQP connection <0.810.0> (172.23.0.1:39522 -> 172.23.0.3:5672)
2022-09-20 16:53:40.500899+00:00 [error] <0.810.0> closing AMQP connection <0.810.0> (172.23.0.1:39522 -> 172.23.0.3:5672):
2022-09-20 16:53:40.500899+00:00 [error] <0.810.0> {bad_header,<<"GET / HT">>}
2022-09-20 16:53:50.500950+00:00 [info] <0.815.0> accepting AMQP connection <0.815.0> (172.23.0.1:39524 -> 172.23.0.3:5672)
2022-09-20 16:53:50.501133+00:00 [error] <0.815.0> closing AMQP connection <0.815.0> (172.23.0.1:39524 -> 172.23.0.3:5672):
2022-09-20 16:53:50.501133+00:00 [error] <0.815.0> {handshake_timeout,handshake}
2022-09-20 16:55:29.973023+00:00 [info] <0.838.0> accepting AMQP connection <0.838.0> (172.23.0.1:39636 -> 172.23.0.3:5672)
2022-09-20 16:55:29.973278+00:00 [error] <0.838.0> closing AMQP connection <0.838.0> (172.23.0.1:39636 -> 172.23.0.3:5672):
2022-09-20 16:55:29.973278+00:00 [error] <0.838.0> {bad_header,<<"GET / HT">>}
2022-09-20 16:55:39.972949+00:00 [info] <0.835.0> accepting AMQP connection <0.835.0> (172.23.0.1:39638 -> 172.23.0.3:5672)
2022-09-20 16:55:39.973126+00:00 [error] <0.835.0> closing AMQP connection <0.835.0> (172.23.0.1:39638 -> 172.23.0.3:5672):
2022-09-20 16:55:39.973126+00:00 [error] <0.835.0> {handshake_timeout,handshake}
2022-09-20 16:58:16.859101+00:00 [notice] <0.60.0> SIGTERM received - shutting down
2022-09-20 16:58:16.859101+00:00 [notice] <0.60.0> 
2022-09-20 16:58:16.860602+00:00 [info] <0.222.0> Peer discovery backend rabbit_peer_discovery_classic_config does not support registration, skipping unregistration.
2022-09-20 16:58:16.860826+00:00 [info] <0.700.0> stopped TCP listener on [::]:5672
2022-09-20 16:58:16.862408+00:00 [info] <0.862.0> Closing all connections in vhost '/' on node 'rabbit@5f4e07fe6ca7' because the vhost is stopping
2022-09-20 16:58:16.862468+00:00 [info] <0.636.0> Stopping message store for directory '/var/lib/rabbitmq/mnesia/rabbit@5f4e07fe6ca7/msg_stores/vhosts/628WB79CIFDYO9LJI6DKMI09L/msg_store_persistent'
2022-09-20 16:58:16.877647+00:00 [info] <0.636.0> Message store for directory '/var/lib/rabbitmq/mnesia/rabbit@5f4e07fe6ca7/msg_stores/vhosts/628WB79CIFDYO9LJI6DKMI09L/msg_store_persistent' is stopped
2022-09-20 16:58:16.877874+00:00 [info] <0.632.0> Stopping message store for directory '/var/lib/rabbitmq/mnesia/rabbit@5f4e07fe6ca7/msg_stores/vhosts/628WB79CIFDYO9LJI6DKMI09L/msg_store_transient'
2022-09-20 16:58:16.902321+00:00 [info] <0.632.0> Message store for directory '/var/lib/rabbitmq/mnesia/rabbit@5f4e07fe6ca7/msg_stores/vhosts/628WB79CIFDYO9LJI6DKMI09L/msg_store_transient' is stopped
