2022-09-20 16:44:33.975424+00:00 [notice] <0.222.0> Logging: configured log handlers are now ACTIVE
2022-09-20 16:44:34.147938+00:00 [info] <0.222.0> ra: starting system quorum_queues
2022-09-20 16:44:34.148058+00:00 [info] <0.222.0> starting Ra system: quorum_queues in directory: /var/lib/rabbitmq/mnesia/rabbit@220ca8cf0e4f/quorum/rabbit@220ca8cf0e4f
2022-09-20 16:44:34.203733+00:00 [info] <0.259.0> ra system 'quorum_queues' running pre init for 0 registered servers
2022-09-20 16:44:34.211910+00:00 [info] <0.260.0> ra: meta data store initialised for system quorum_queues. 0 record(s) recovered
2022-09-20 16:44:34.220212+00:00 [notice] <0.265.0> WAL: ra_log_wal init, open tbls: ra_log_open_mem_tables, closed tbls: ra_log_closed_mem_tables
2022-09-20 16:44:34.230419+00:00 [info] <0.222.0> ra: starting system coordination
2022-09-20 16:44:34.230474+00:00 [info] <0.222.0> starting Ra system: coordination in directory: /var/lib/rabbitmq/mnesia/rabbit@220ca8cf0e4f/coordination/rabbit@220ca8cf0e4f
2022-09-20 16:44:34.237391+00:00 [info] <0.272.0> ra system 'coordination' running pre init for 0 registered servers
2022-09-20 16:44:34.239745+00:00 [info] <0.273.0> ra: meta data store initialised for system coordination. 0 record(s) recovered
2022-09-20 16:44:34.239906+00:00 [notice] <0.278.0> WAL: ra_coordination_log_wal init, open tbls: ra_coordination_log_open_mem_tables, closed tbls: ra_coordination_log_closed_mem_tables
2022-09-20 16:44:34.248158+00:00 [info] <0.222.0> 
2022-09-20 16:44:34.248158+00:00 [info] <0.222.0>  Starting RabbitMQ 3.10.7 on Erlang 25.0.4 [jit]
2022-09-20 16:44:34.248158+00:00 [info] <0.222.0>  Copyright (c) 2007-2022 VMware, Inc. or its affiliates.
2022-09-20 16:44:34.248158+00:00 [info] <0.222.0>  Licensed under the MPL 2.0. Website: https://rabbitmq.com
2022-09-20 16:44:34.248982+00:00 [info] <0.222.0> 
2022-09-20 16:44:34.248982+00:00 [info] <0.222.0>  node           : rabbit@220ca8cf0e4f
2022-09-20 16:44:34.248982+00:00 [info] <0.222.0>  home dir       : /var/lib/rabbitmq
2022-09-20 16:44:34.248982+00:00 [info] <0.222.0>  config file(s) : (none)
2022-09-20 16:44:34.248982+00:00 [info] <0.222.0>  cookie hash    : J1A9fYYGn7KbOCswpFqaKA==
2022-09-20 16:44:34.248982+00:00 [info] <0.222.0>  log(s)         : /var/log/rabbitmq/rabbit@220ca8cf0e4f.log
2022-09-20 16:44:34.248982+00:00 [info] <0.222.0>                 : /var/log/rabbitmq/rabbit@220ca8cf0e4f_upgrade.log
2022-09-20 16:44:34.248982+00:00 [info] <0.222.0>                 : <stdout>
2022-09-20 16:44:34.248982+00:00 [info] <0.222.0>  database dir   : /var/lib/rabbitmq/mnesia/rabbit@220ca8cf0e4f
2022-09-20 16:44:35.833681+00:00 [info] <0.222.0> Running boot step pre_boot defined by app rabbit
2022-09-20 16:44:35.833755+00:00 [info] <0.222.0> Running boot step rabbit_global_counters defined by app rabbit
2022-09-20 16:44:35.833936+00:00 [info] <0.222.0> Running boot step rabbit_osiris_metrics defined by app rabbit
2022-09-20 16:44:35.834000+00:00 [info] <0.222.0> Running boot step rabbit_core_metrics defined by app rabbit
2022-09-20 16:44:35.834657+00:00 [info] <0.222.0> Running boot step rabbit_alarm defined by app rabbit
2022-09-20 16:44:35.837171+00:00 [info] <0.288.0> Memory high watermark set to 3057 MiB (3205649203 bytes) of 7642 MiB (8014123008 bytes) total
2022-09-20 16:44:35.840452+00:00 [info] <0.290.0> Enabling free disk space monitoring
2022-09-20 16:44:35.840489+00:00 [info] <0.290.0> Disk free limit set to 50MB
2022-09-20 16:44:35.844266+00:00 [info] <0.222.0> Running boot step code_server_cache defined by app rabbit
2022-09-20 16:44:35.844439+00:00 [info] <0.222.0> Running boot step file_handle_cache defined by app rabbit
2022-09-20 16:44:35.844583+00:00 [info] <0.295.0> Limiting to approx 1048479 file handles (943629 sockets)
2022-09-20 16:44:35.844680+00:00 [info] <0.296.0> FHC read buffering: OFF
2022-09-20 16:44:35.844711+00:00 [info] <0.296.0> FHC write buffering: ON
2022-09-20 16:44:35.845026+00:00 [info] <0.222.0> Running boot step worker_pool defined by app rabbit
2022-09-20 16:44:35.845105+00:00 [info] <0.280.0> Will use 16 processes for default worker pool
2022-09-20 16:44:35.845149+00:00 [info] <0.280.0> Starting worker pool 'worker_pool' with 16 processes in it
2022-09-20 16:44:35.845810+00:00 [info] <0.222.0> Running boot step database defined by app rabbit
2022-09-20 16:44:35.847032+00:00 [info] <0.222.0> Node database directory at /var/lib/rabbitmq/mnesia/rabbit@220ca8cf0e4f is empty. Assuming we need to join an existing cluster or initialise from scratch...
2022-09-20 16:44:35.847079+00:00 [info] <0.222.0> Configured peer discovery backend: rabbit_peer_discovery_classic_config
2022-09-20 16:44:35.847102+00:00 [info] <0.222.0> Will try to lock with peer discovery backend rabbit_peer_discovery_classic_config
2022-09-20 16:44:35.847177+00:00 [info] <0.222.0> All discovered existing cluster peers:
2022-09-20 16:44:35.847203+00:00 [info] <0.222.0> Discovered no peer nodes to cluster with. Some discovery backends can filter nodes out based on a readiness criteria. Enabling debug logging might help troubleshoot.
2022-09-20 16:44:35.849290+00:00 [notice] <0.44.0> Application mnesia exited with reason: stopped
2022-09-20 16:44:36.072974+00:00 [info] <0.222.0> Waiting for Mnesia tables for 30000 ms, 9 retries left
2022-09-20 16:44:36.073155+00:00 [info] <0.222.0> Successfully synced tables from a peer
2022-09-20 16:44:36.085047+00:00 [info] <0.222.0> Waiting for Mnesia tables for 30000 ms, 9 retries left
2022-09-20 16:44:36.085235+00:00 [info] <0.222.0> Successfully synced tables from a peer
2022-09-20 16:44:36.085283+00:00 [info] <0.222.0> Feature flag `classic_mirrored_queue_version`: supported, attempt to enable...
2022-09-20 16:44:36.085337+00:00 [info] <0.222.0> Feature flag `classic_mirrored_queue_version`: mark as enabled=state_changing
2022-09-20 16:44:36.086096+00:00 [info] <0.222.0> Feature flags: list of feature flags found:
2022-09-20 16:44:36.086179+00:00 [info] <0.222.0> Feature flags:   [~] classic_mirrored_queue_version
2022-09-20 16:44:36.086203+00:00 [info] <0.222.0> Feature flags:   [ ] implicit_default_bindings
2022-09-20 16:44:36.086217+00:00 [info] <0.222.0> Feature flags:   [ ] maintenance_mode_status
2022-09-20 16:44:36.086229+00:00 [info] <0.222.0> Feature flags:   [ ] quorum_queue
2022-09-20 16:44:36.086280+00:00 [info] <0.222.0> Feature flags:   [ ] stream_queue
2022-09-20 16:44:36.086294+00:00 [info] <0.222.0> Feature flags:   [ ] user_limits
2022-09-20 16:44:36.086306+00:00 [info] <0.222.0> Feature flags:   [ ] virtual_host_metadata
2022-09-20 16:44:36.086319+00:00 [info] <0.222.0> Feature flags: feature flag states written to disk: yes
2022-09-20 16:44:36.091980+00:00 [info] <0.222.0> Feature flag `classic_mirrored_queue_version`: mark as enabled=true
2022-09-20 16:44:36.094919+00:00 [info] <0.222.0> Feature flags: list of feature flags found:
2022-09-20 16:44:36.094974+00:00 [info] <0.222.0> Feature flags:   [x] classic_mirrored_queue_version
2022-09-20 16:44:36.095040+00:00 [info] <0.222.0> Feature flags:   [ ] implicit_default_bindings
2022-09-20 16:44:36.095064+00:00 [info] <0.222.0> Feature flags:   [ ] maintenance_mode_status
2022-09-20 16:44:36.095077+00:00 [info] <0.222.0> Feature flags:   [ ] quorum_queue
2022-09-20 16:44:36.095115+00:00 [info] <0.222.0> Feature flags:   [ ] stream_queue
2022-09-20 16:44:36.095137+00:00 [info] <0.222.0> Feature flags:   [ ] user_limits
2022-09-20 16:44:36.095162+00:00 [info] <0.222.0> Feature flags:   [ ] virtual_host_metadata
2022-09-20 16:44:36.095180+00:00 [info] <0.222.0> Feature flags: feature flag states written to disk: yes
2022-09-20 16:44:36.100535+00:00 [info] <0.222.0> Feature flag `implicit_default_bindings`: supported, attempt to enable...
2022-09-20 16:44:36.100616+00:00 [info] <0.222.0> Feature flag `implicit_default_bindings`: mark as enabled=state_changing
2022-09-20 16:44:36.101357+00:00 [info] <0.222.0> Feature flags: list of feature flags found:
2022-09-20 16:44:36.101422+00:00 [info] <0.222.0> Feature flags:   [x] classic_mirrored_queue_version
2022-09-20 16:44:36.101449+00:00 [info] <0.222.0> Feature flags:   [~] implicit_default_bindings
2022-09-20 16:44:36.101471+00:00 [info] <0.222.0> Feature flags:   [ ] maintenance_mode_status
2022-09-20 16:44:36.101487+00:00 [info] <0.222.0> Feature flags:   [ ] quorum_queue
2022-09-20 16:44:36.101624+00:00 [info] <0.222.0> Feature flags:   [ ] stream_queue
2022-09-20 16:44:36.101652+00:00 [info] <0.222.0> Feature flags:   [ ] user_limits
2022-09-20 16:44:36.101671+00:00 [info] <0.222.0> Feature flags:   [ ] virtual_host_metadata
2022-09-20 16:44:36.101768+00:00 [info] <0.222.0> Feature flags: feature flag states written to disk: yes
2022-09-20 16:44:36.108635+00:00 [info] <0.222.0> Waiting for Mnesia tables for 30000 ms, 0 retries left
2022-09-20 16:44:36.108770+00:00 [info] <0.222.0> Successfully synced tables from a peer
2022-09-20 16:44:36.108830+00:00 [info] <0.222.0> Feature flag `implicit_default_bindings`: mark as enabled=true
2022-09-20 16:44:36.114189+00:00 [info] <0.222.0> Feature flags: list of feature flags found:
2022-09-20 16:44:36.114245+00:00 [info] <0.222.0> Feature flags:   [x] classic_mirrored_queue_version
2022-09-20 16:44:36.114268+00:00 [info] <0.222.0> Feature flags:   [x] implicit_default_bindings
2022-09-20 16:44:36.114284+00:00 [info] <0.222.0> Feature flags:   [ ] maintenance_mode_status
2022-09-20 16:44:36.114296+00:00 [info] <0.222.0> Feature flags:   [ ] quorum_queue
2022-09-20 16:44:36.114339+00:00 [info] <0.222.0> Feature flags:   [ ] stream_queue
2022-09-20 16:44:36.114369+00:00 [info] <0.222.0> Feature flags:   [ ] user_limits
2022-09-20 16:44:36.114395+00:00 [info] <0.222.0> Feature flags:   [ ] virtual_host_metadata
2022-09-20 16:44:36.114421+00:00 [info] <0.222.0> Feature flags: feature flag states written to disk: yes
2022-09-20 16:44:36.120810+00:00 [info] <0.222.0> Feature flag `maintenance_mode_status`: supported, attempt to enable...
2022-09-20 16:44:36.120893+00:00 [info] <0.222.0> Feature flag `maintenance_mode_status`: mark as enabled=state_changing
2022-09-20 16:44:36.121575+00:00 [info] <0.222.0> Feature flags: list of feature flags found:
2022-09-20 16:44:36.121629+00:00 [info] <0.222.0> Feature flags:   [x] classic_mirrored_queue_version
2022-09-20 16:44:36.121651+00:00 [info] <0.222.0> Feature flags:   [x] implicit_default_bindings
2022-09-20 16:44:36.121664+00:00 [info] <0.222.0> Feature flags:   [~] maintenance_mode_status
2022-09-20 16:44:36.121693+00:00 [info] <0.222.0> Feature flags:   [ ] quorum_queue
2022-09-20 16:44:36.121738+00:00 [info] <0.222.0> Feature flags:   [ ] stream_queue
2022-09-20 16:44:36.121772+00:00 [info] <0.222.0> Feature flags:   [ ] user_limits
2022-09-20 16:44:36.121794+00:00 [info] <0.222.0> Feature flags:   [ ] virtual_host_metadata
2022-09-20 16:44:36.121828+00:00 [info] <0.222.0> Feature flags: feature flag states written to disk: yes
2022-09-20 16:44:36.127776+00:00 [info] <0.222.0> Creating table rabbit_node_maintenance_states for feature flag `maintenance_mode_status`
2022-09-20 16:44:36.136303+00:00 [info] <0.222.0> Feature flag `maintenance_mode_status`: mark as enabled=true
2022-09-20 16:44:36.141655+00:00 [info] <0.222.0> Feature flags: list of feature flags found:
2022-09-20 16:44:36.141703+00:00 [info] <0.222.0> Feature flags:   [x] classic_mirrored_queue_version
2022-09-20 16:44:36.141722+00:00 [info] <0.222.0> Feature flags:   [x] implicit_default_bindings
2022-09-20 16:44:36.141774+00:00 [info] <0.222.0> Feature flags:   [x] maintenance_mode_status
2022-09-20 16:44:36.141789+00:00 [info] <0.222.0> Feature flags:   [ ] quorum_queue
2022-09-20 16:44:36.141833+00:00 [info] <0.222.0> Feature flags:   [ ] stream_queue
2022-09-20 16:44:36.141866+00:00 [info] <0.222.0> Feature flags:   [ ] user_limits
2022-09-20 16:44:36.141896+00:00 [info] <0.222.0> Feature flags:   [ ] virtual_host_metadata
2022-09-20 16:44:36.141962+00:00 [info] <0.222.0> Feature flags: feature flag states written to disk: yes
2022-09-20 16:44:36.147848+00:00 [info] <0.222.0> Feature flag `quorum_queue`: supported, attempt to enable...
2022-09-20 16:44:36.147929+00:00 [info] <0.222.0> Feature flag `quorum_queue`: mark as enabled=state_changing
2022-09-20 16:44:36.148531+00:00 [info] <0.222.0> Feature flags: list of feature flags found:
2022-09-20 16:44:36.148577+00:00 [info] <0.222.0> Feature flags:   [x] classic_mirrored_queue_version
2022-09-20 16:44:36.148599+00:00 [info] <0.222.0> Feature flags:   [x] implicit_default_bindings
2022-09-20 16:44:36.148626+00:00 [info] <0.222.0> Feature flags:   [x] maintenance_mode_status
2022-09-20 16:44:36.148643+00:00 [info] <0.222.0> Feature flags:   [~] quorum_queue
2022-09-20 16:44:36.148749+00:00 [info] <0.222.0> Feature flags:   [ ] stream_queue
2022-09-20 16:44:36.148772+00:00 [info] <0.222.0> Feature flags:   [ ] user_limits
2022-09-20 16:44:36.148797+00:00 [info] <0.222.0> Feature flags:   [ ] virtual_host_metadata
2022-09-20 16:44:36.148895+00:00 [info] <0.222.0> Feature flags: feature flag states written to disk: yes
2022-09-20 16:44:36.156224+00:00 [info] <0.222.0> Waiting for Mnesia tables for 30000 ms, 9 retries left
2022-09-20 16:44:36.156386+00:00 [info] <0.222.0> Successfully synced tables from a peer
2022-09-20 16:44:36.156423+00:00 [info] <0.222.0> Feature flag `quorum_queue`:   migrating Mnesia table rabbit_queue...
2022-09-20 16:44:36.197743+00:00 [info] <0.222.0> Feature flag `quorum_queue`:   migrating Mnesia table rabbit_durable_queue...
2022-09-20 16:44:36.237024+00:00 [info] <0.222.0> Feature flag `quorum_queue`:   Mnesia tables migration done
2022-09-20 16:44:36.237108+00:00 [info] <0.222.0> Feature flag `quorum_queue`: mark as enabled=true
2022-09-20 16:44:36.241143+00:00 [info] <0.222.0> Feature flags: list of feature flags found:
2022-09-20 16:44:36.241259+00:00 [info] <0.222.0> Feature flags:   [x] classic_mirrored_queue_version
2022-09-20 16:44:36.241283+00:00 [info] <0.222.0> Feature flags:   [x] implicit_default_bindings
2022-09-20 16:44:36.241299+00:00 [info] <0.222.0> Feature flags:   [x] maintenance_mode_status
2022-09-20 16:44:36.241311+00:00 [info] <0.222.0> Feature flags:   [x] quorum_queue
2022-09-20 16:44:36.241322+00:00 [info] <0.222.0> Feature flags:   [ ] stream_queue
2022-09-20 16:44:36.241335+00:00 [info] <0.222.0> Feature flags:   [ ] user_limits
2022-09-20 16:44:36.241358+00:00 [info] <0.222.0> Feature flags:   [ ] virtual_host_metadata
2022-09-20 16:44:36.241385+00:00 [info] <0.222.0> Feature flags: feature flag states written to disk: yes
2022-09-20 16:44:36.248320+00:00 [info] <0.222.0> Feature flag `stream_queue`: supported, attempt to enable...
2022-09-20 16:44:36.248414+00:00 [info] <0.222.0> Feature flag `stream_queue`: mark as enabled=state_changing
2022-09-20 16:44:36.249033+00:00 [info] <0.222.0> Feature flags: list of feature flags found:
2022-09-20 16:44:36.249089+00:00 [info] <0.222.0> Feature flags:   [x] classic_mirrored_queue_version
2022-09-20 16:44:36.249144+00:00 [info] <0.222.0> Feature flags:   [x] implicit_default_bindings
2022-09-20 16:44:36.249180+00:00 [info] <0.222.0> Feature flags:   [x] maintenance_mode_status
2022-09-20 16:44:36.249214+00:00 [info] <0.222.0> Feature flags:   [x] quorum_queue
2022-09-20 16:44:36.249260+00:00 [info] <0.222.0> Feature flags:   [~] stream_queue
2022-09-20 16:44:36.249289+00:00 [info] <0.222.0> Feature flags:   [ ] user_limits
2022-09-20 16:44:36.249303+00:00 [info] <0.222.0> Feature flags:   [ ] virtual_host_metadata
2022-09-20 16:44:36.249333+00:00 [info] <0.222.0> Feature flags: feature flag states written to disk: yes
2022-09-20 16:44:36.257311+00:00 [info] <0.222.0> Feature flag `stream_queue`: mark as enabled=true
2022-09-20 16:44:36.261103+00:00 [info] <0.222.0> Feature flags: list of feature flags found:
2022-09-20 16:44:36.261182+00:00 [info] <0.222.0> Feature flags:   [x] classic_mirrored_queue_version
2022-09-20 16:44:36.261219+00:00 [info] <0.222.0> Feature flags:   [x] implicit_default_bindings
2022-09-20 16:44:36.261243+00:00 [info] <0.222.0> Feature flags:   [x] maintenance_mode_status
2022-09-20 16:44:36.261278+00:00 [info] <0.222.0> Feature flags:   [x] quorum_queue
2022-09-20 16:44:36.261325+00:00 [info] <0.222.0> Feature flags:   [x] stream_queue
2022-09-20 16:44:36.261359+00:00 [info] <0.222.0> Feature flags:   [ ] user_limits
2022-09-20 16:44:36.261426+00:00 [info] <0.222.0> Feature flags:   [ ] virtual_host_metadata
2022-09-20 16:44:36.261469+00:00 [info] <0.222.0> Feature flags: feature flag states written to disk: yes
2022-09-20 16:44:36.267581+00:00 [info] <0.222.0> Feature flag `user_limits`: supported, attempt to enable...
2022-09-20 16:44:36.267706+00:00 [info] <0.222.0> Feature flag `user_limits`: mark as enabled=state_changing
2022-09-20 16:44:36.268452+00:00 [info] <0.222.0> Feature flags: list of feature flags found:
2022-09-20 16:44:36.268518+00:00 [info] <0.222.0> Feature flags:   [x] classic_mirrored_queue_version
2022-09-20 16:44:36.268539+00:00 [info] <0.222.0> Feature flags:   [x] implicit_default_bindings
2022-09-20 16:44:36.268555+00:00 [info] <0.222.0> Feature flags:   [x] maintenance_mode_status
2022-09-20 16:44:36.268584+00:00 [info] <0.222.0> Feature flags:   [x] quorum_queue
2022-09-20 16:44:36.268663+00:00 [info] <0.222.0> Feature flags:   [x] stream_queue
2022-09-20 16:44:36.268683+00:00 [info] <0.222.0> Feature flags:   [~] user_limits
2022-09-20 16:44:36.268698+00:00 [info] <0.222.0> Feature flags:   [ ] virtual_host_metadata
2022-09-20 16:44:36.268775+00:00 [info] <0.222.0> Feature flags: feature flag states written to disk: yes
2022-09-20 16:44:36.276079+00:00 [info] <0.222.0> Waiting for Mnesia tables for 30000 ms, 9 retries left
2022-09-20 16:44:36.276247+00:00 [info] <0.222.0> Successfully synced tables from a peer
2022-09-20 16:44:36.315807+00:00 [info] <0.222.0> Feature flag `user_limits`: mark as enabled=true
2022-09-20 16:44:36.320096+00:00 [info] <0.222.0> Feature flags: list of feature flags found:
2022-09-20 16:44:36.320204+00:00 [info] <0.222.0> Feature flags:   [x] classic_mirrored_queue_version
2022-09-20 16:44:36.320229+00:00 [info] <0.222.0> Feature flags:   [x] implicit_default_bindings
2022-09-20 16:44:36.320246+00:00 [info] <0.222.0> Feature flags:   [x] maintenance_mode_status
2022-09-20 16:44:36.320258+00:00 [info] <0.222.0> Feature flags:   [x] quorum_queue
2022-09-20 16:44:36.320308+00:00 [info] <0.222.0> Feature flags:   [x] stream_queue
2022-09-20 16:44:36.320345+00:00 [info] <0.222.0> Feature flags:   [x] user_limits
2022-09-20 16:44:36.320371+00:00 [info] <0.222.0> Feature flags:   [ ] virtual_host_metadata
2022-09-20 16:44:36.320404+00:00 [info] <0.222.0> Feature flags: feature flag states written to disk: yes
2022-09-20 16:44:36.327627+00:00 [info] <0.222.0> Feature flag `virtual_host_metadata`: supported, attempt to enable...
2022-09-20 16:44:36.327757+00:00 [info] <0.222.0> Feature flag `virtual_host_metadata`: mark as enabled=state_changing
2022-09-20 16:44:36.328381+00:00 [info] <0.222.0> Feature flags: list of feature flags found:
2022-09-20 16:44:36.328455+00:00 [info] <0.222.0> Feature flags:   [x] classic_mirrored_queue_version
2022-09-20 16:44:36.328478+00:00 [info] <0.222.0> Feature flags:   [x] implicit_default_bindings
2022-09-20 16:44:36.328493+00:00 [info] <0.222.0> Feature flags:   [x] maintenance_mode_status
2022-09-20 16:44:36.328507+00:00 [info] <0.222.0> Feature flags:   [x] quorum_queue
2022-09-20 16:44:36.328596+00:00 [info] <0.222.0> Feature flags:   [x] stream_queue
2022-09-20 16:44:36.328628+00:00 [info] <0.222.0> Feature flags:   [x] user_limits
2022-09-20 16:44:36.328650+00:00 [info] <0.222.0> Feature flags:   [~] virtual_host_metadata
2022-09-20 16:44:36.328674+00:00 [info] <0.222.0> Feature flags: feature flag states written to disk: yes
2022-09-20 16:44:36.334749+00:00 [info] <0.222.0> Waiting for Mnesia tables for 30000 ms, 9 retries left
2022-09-20 16:44:36.334907+00:00 [info] <0.222.0> Successfully synced tables from a peer
2022-09-20 16:44:36.378004+00:00 [info] <0.222.0> Feature flag `virtual_host_metadata`: mark as enabled=true
2022-09-20 16:44:36.381934+00:00 [info] <0.222.0> Feature flags: list of feature flags found:
2022-09-20 16:44:36.382001+00:00 [info] <0.222.0> Feature flags:   [x] classic_mirrored_queue_version
2022-09-20 16:44:36.382024+00:00 [info] <0.222.0> Feature flags:   [x] implicit_default_bindings
2022-09-20 16:44:36.382040+00:00 [info] <0.222.0> Feature flags:   [x] maintenance_mode_status
2022-09-20 16:44:36.382066+00:00 [info] <0.222.0> Feature flags:   [x] quorum_queue
2022-09-20 16:44:36.382121+00:00 [info] <0.222.0> Feature flags:   [x] stream_queue
2022-09-20 16:44:36.382153+00:00 [info] <0.222.0> Feature flags:   [x] user_limits
2022-09-20 16:44:36.382180+00:00 [info] <0.222.0> Feature flags:   [x] virtual_host_metadata
2022-09-20 16:44:36.382207+00:00 [info] <0.222.0> Feature flags: feature flag states written to disk: yes
2022-09-20 16:44:36.388520+00:00 [info] <0.222.0> Waiting for Mnesia tables for 30000 ms, 9 retries left
2022-09-20 16:44:36.388692+00:00 [info] <0.222.0> Successfully synced tables from a peer
2022-09-20 16:44:36.407896+00:00 [info] <0.222.0> Waiting for Mnesia tables for 30000 ms, 9 retries left
2022-09-20 16:44:36.408066+00:00 [info] <0.222.0> Successfully synced tables from a peer
2022-09-20 16:44:36.408116+00:00 [info] <0.222.0> Peer discovery backend rabbit_peer_discovery_classic_config does not support registration, skipping registration.
2022-09-20 16:44:36.408153+00:00 [info] <0.222.0> Will try to unlock with peer discovery backend rabbit_peer_discovery_classic_config
2022-09-20 16:44:36.408269+00:00 [info] <0.222.0> Running boot step database_sync defined by app rabbit
2022-09-20 16:44:36.408367+00:00 [info] <0.222.0> Running boot step feature_flags defined by app rabbit
2022-09-20 16:44:36.409607+00:00 [info] <0.222.0> Running boot step codec_correctness_check defined by app rabbit
2022-09-20 16:44:36.409646+00:00 [info] <0.222.0> Running boot step external_infrastructure defined by app rabbit
2022-09-20 16:44:36.409664+00:00 [info] <0.222.0> Running boot step rabbit_event defined by app rabbit
2022-09-20 16:44:36.409812+00:00 [info] <0.222.0> Running boot step rabbit_registry defined by app rabbit
2022-09-20 16:44:36.409952+00:00 [info] <0.222.0> Running boot step rabbit_auth_mechanism_amqplain defined by app rabbit
2022-09-20 16:44:36.410042+00:00 [info] <0.222.0> Running boot step rabbit_auth_mechanism_cr_demo defined by app rabbit
2022-09-20 16:44:36.410147+00:00 [info] <0.222.0> Running boot step rabbit_auth_mechanism_plain defined by app rabbit
2022-09-20 16:44:36.410215+00:00 [info] <0.222.0> Running boot step rabbit_exchange_type_direct defined by app rabbit
2022-09-20 16:44:36.410265+00:00 [info] <0.222.0> Running boot step rabbit_exchange_type_fanout defined by app rabbit
2022-09-20 16:44:36.410323+00:00 [info] <0.222.0> Running boot step rabbit_exchange_type_headers defined by app rabbit
2022-09-20 16:44:36.410379+00:00 [info] <0.222.0> Running boot step rabbit_exchange_type_topic defined by app rabbit
2022-09-20 16:44:36.410465+00:00 [info] <0.222.0> Running boot step rabbit_mirror_queue_mode_all defined by app rabbit
2022-09-20 16:44:36.410518+00:00 [info] <0.222.0> Running boot step rabbit_mirror_queue_mode_exactly defined by app rabbit
2022-09-20 16:44:36.410583+00:00 [info] <0.222.0> Running boot step rabbit_mirror_queue_mode_nodes defined by app rabbit
2022-09-20 16:44:36.410651+00:00 [info] <0.222.0> Running boot step rabbit_priority_queue defined by app rabbit
2022-09-20 16:44:36.410771+00:00 [info] <0.222.0> Priority queues enabled, real BQ is rabbit_variable_queue
2022-09-20 16:44:36.410863+00:00 [info] <0.222.0> Running boot step rabbit_queue_location_client_local defined by app rabbit
2022-09-20 16:44:36.410930+00:00 [info] <0.222.0> Running boot step rabbit_queue_location_min_masters defined by app rabbit
2022-09-20 16:44:36.411022+00:00 [info] <0.222.0> Running boot step rabbit_queue_location_random defined by app rabbit
2022-09-20 16:44:36.411079+00:00 [info] <0.222.0> Running boot step kernel_ready defined by app rabbit
2022-09-20 16:44:36.411111+00:00 [info] <0.222.0> Running boot step rabbit_sysmon_minder defined by app rabbit
2022-09-20 16:44:36.411258+00:00 [info] <0.222.0> Running boot step rabbit_epmd_monitor defined by app rabbit
2022-09-20 16:44:36.411893+00:00 [info] <0.566.0> epmd monitor knows us, inter-node communication (distribution) port: 25672
2022-09-20 16:44:36.412025+00:00 [info] <0.222.0> Running boot step guid_generator defined by app rabbit
2022-09-20 16:44:36.417411+00:00 [info] <0.222.0> Running boot step rabbit_node_monitor defined by app rabbit
2022-09-20 16:44:36.417606+00:00 [info] <0.570.0> Starting rabbit_node_monitor
2022-09-20 16:44:36.417741+00:00 [info] <0.222.0> Running boot step delegate_sup defined by app rabbit
2022-09-20 16:44:36.418225+00:00 [info] <0.222.0> Running boot step rabbit_memory_monitor defined by app rabbit
2022-09-20 16:44:36.418365+00:00 [info] <0.222.0> Running boot step rabbit_fifo_dlx_sup defined by app rabbit
2022-09-20 16:44:36.418459+00:00 [info] <0.222.0> Running boot step core_initialized defined by app rabbit
2022-09-20 16:44:36.418481+00:00 [info] <0.222.0> Running boot step upgrade_queues defined by app rabbit
2022-09-20 16:44:36.427647+00:00 [info] <0.222.0> message_store upgrades: 1 to apply
2022-09-20 16:44:36.427780+00:00 [info] <0.222.0> message_store upgrades: Applying rabbit_variable_queue:move_messages_to_vhost_store
2022-09-20 16:44:36.427870+00:00 [info] <0.222.0> message_store upgrades: No durable queues found. Skipping message store migration
2022-09-20 16:44:36.427893+00:00 [info] <0.222.0> message_store upgrades: Removing the old message store data
2022-09-20 16:44:36.429478+00:00 [info] <0.222.0> message_store upgrades: All upgrades applied successfully
2022-09-20 16:44:36.442641+00:00 [info] <0.222.0> Running boot step channel_tracking defined by app rabbit
2022-09-20 16:44:36.449134+00:00 [info] <0.222.0> Setting up a table for channel tracking on this node: tracked_channel_on_node_rabbit@220ca8cf0e4f
2022-09-20 16:44:36.456052+00:00 [info] <0.222.0> Setting up a table for channel tracking on this node: tracked_channel_table_per_user_on_node_rabbit@220ca8cf0e4f
2022-09-20 16:44:36.456344+00:00 [info] <0.222.0> Running boot step rabbit_channel_tracking_handler defined by app rabbit
2022-09-20 16:44:36.456455+00:00 [info] <0.222.0> Running boot step connection_tracking defined by app rabbit
2022-09-20 16:44:36.463940+00:00 [info] <0.222.0> Setting up a table for connection tracking on this node: tracked_connection_on_node_rabbit@220ca8cf0e4f
2022-09-20 16:44:36.470538+00:00 [info] <0.222.0> Setting up a table for per-vhost connection counting on this node: tracked_connection_per_vhost_on_node_rabbit@220ca8cf0e4f
2022-09-20 16:44:36.478239+00:00 [info] <0.222.0> Setting up a table for per-user connection counting on this node: tracked_connection_table_per_user_on_node_rabbit@220ca8cf0e4f
2022-09-20 16:44:36.478466+00:00 [info] <0.222.0> Running boot step rabbit_connection_tracking_handler defined by app rabbit
2022-09-20 16:44:36.478566+00:00 [info] <0.222.0> Running boot step rabbit_definitions_hashing defined by app rabbit
2022-09-20 16:44:36.478644+00:00 [info] <0.222.0> Running boot step rabbit_exchange_parameters defined by app rabbit
2022-09-20 16:44:36.478711+00:00 [info] <0.222.0> Running boot step rabbit_mirror_queue_misc defined by app rabbit
2022-09-20 16:44:36.478873+00:00 [info] <0.222.0> Running boot step rabbit_policies defined by app rabbit
2022-09-20 16:44:36.479147+00:00 [info] <0.222.0> Running boot step rabbit_policy defined by app rabbit
2022-09-20 16:44:36.479188+00:00 [info] <0.222.0> Running boot step rabbit_queue_location_validator defined by app rabbit
2022-09-20 16:44:36.479222+00:00 [info] <0.222.0> Running boot step rabbit_quorum_memory_manager defined by app rabbit
2022-09-20 16:44:36.479250+00:00 [info] <0.222.0> Running boot step rabbit_stream_coordinator defined by app rabbit
2022-09-20 16:44:36.479558+00:00 [info] <0.222.0> Running boot step rabbit_vhost_limit defined by app rabbit
2022-09-20 16:44:36.479649+00:00 [info] <0.222.0> Running boot step recovery defined by app rabbit
2022-09-20 16:44:36.480684+00:00 [info] <0.222.0> Running boot step empty_db_check defined by app rabbit
2022-09-20 16:44:36.480739+00:00 [info] <0.222.0> Will seed default virtual host and user...
2022-09-20 16:44:36.480808+00:00 [info] <0.222.0> Adding vhost '/' (description: 'Default virtual host', tags: [])
2022-09-20 16:44:36.495846+00:00 [info] <0.627.0> Making sure data directory '/var/lib/rabbitmq/mnesia/rabbit@220ca8cf0e4f/msg_stores/vhosts/628WB79CIFDYO9LJI6DKMI09L' for vhost '/' exists
2022-09-20 16:44:36.504122+00:00 [info] <0.627.0> Setting segment_entry_count for vhost '/' with 0 queues to '2048'
2022-09-20 16:44:36.513549+00:00 [info] <0.627.0> Starting message stores for vhost '/'
2022-09-20 16:44:36.513885+00:00 [info] <0.632.0> Message store "628WB79CIFDYO9LJI6DKMI09L/msg_store_transient": using rabbit_msg_store_ets_index to provide index
2022-09-20 16:44:36.530204+00:00 [info] <0.627.0> Started message store of type transient for vhost '/'
2022-09-20 16:44:36.530385+00:00 [info] <0.636.0> Message store "628WB79CIFDYO9LJI6DKMI09L/msg_store_persistent": using rabbit_msg_store_ets_index to provide index
2022-09-20 16:44:36.533698+00:00 [warning] <0.636.0> Message store "628WB79CIFDYO9LJI6DKMI09L/msg_store_persistent": rebuilding indices from scratch
2022-09-20 16:44:36.538164+00:00 [info] <0.627.0> Started message store of type persistent for vhost '/'
2022-09-20 16:44:36.538351+00:00 [info] <0.627.0> Recovering 0 queues of type rabbit_classic_queue took 31ms
2022-09-20 16:44:36.538417+00:00 [info] <0.627.0> Recovering 0 queues of type rabbit_quorum_queue took 0ms
2022-09-20 16:44:36.538458+00:00 [info] <0.627.0> Recovering 0 queues of type rabbit_stream_queue took 0ms
2022-09-20 16:44:36.540971+00:00 [info] <0.222.0> Created user 'taivo'
2022-09-20 16:44:36.543093+00:00 [info] <0.222.0> Successfully set user tags for user 'taivo' to [administrator]
2022-09-20 16:44:36.544942+00:00 [info] <0.222.0> Successfully set permissions for 'taivo' in virtual host '/' to '.*', '.*', '.*'
2022-09-20 16:44:36.545001+00:00 [info] <0.222.0> Running boot step rabbit_looking_glass defined by app rabbit
2022-09-20 16:44:36.545028+00:00 [info] <0.222.0> Running boot step rabbit_core_metrics_gc defined by app rabbit
2022-09-20 16:44:36.545158+00:00 [info] <0.222.0> Running boot step background_gc defined by app rabbit
2022-09-20 16:44:36.545266+00:00 [info] <0.222.0> Running boot step routing_ready defined by app rabbit
2022-09-20 16:44:36.545308+00:00 [info] <0.222.0> Running boot step pre_flight defined by app rabbit
2022-09-20 16:44:36.545331+00:00 [info] <0.222.0> Running boot step notify_cluster defined by app rabbit
2022-09-20 16:44:36.545388+00:00 [info] <0.222.0> Running boot step networking defined by app rabbit
2022-09-20 16:44:36.545415+00:00 [info] <0.222.0> Running boot step definition_import_worker_pool defined by app rabbit
2022-09-20 16:44:36.545453+00:00 [info] <0.280.0> Starting worker pool 'definition_import_pool' with 16 processes in it
2022-09-20 16:44:36.546146+00:00 [info] <0.222.0> Running boot step cluster_name defined by app rabbit
2022-09-20 16:44:36.546208+00:00 [info] <0.222.0> Initialising internal cluster ID to 'rabbitmq-cluster-id-9O2E0ZmF36VBpAx3XZ2UEA'
2022-09-20 16:44:36.548073+00:00 [info] <0.222.0> Running boot step direct_client defined by app rabbit
2022-09-20 16:44:36.548175+00:00 [info] <0.222.0> Running boot step rabbit_maintenance_mode_state defined by app rabbit
2022-09-20 16:44:36.548207+00:00 [info] <0.222.0> Creating table rabbit_node_maintenance_states for feature flag `maintenance_mode_status`
2022-09-20 16:44:36.548426+00:00 [info] <0.682.0> Resetting node maintenance status
2022-09-20 16:44:36.548523+00:00 [info] <0.682.0> Ready to start client connection listeners
2022-09-20 16:44:36.550166+00:00 [info] <0.700.0> started TCP listener on [::]:5672
2022-09-20 16:44:36.618350+00:00 [info] <0.682.0> Server startup complete; 0 plugins started.
2022-09-20 16:44:50.159877+00:00 [notice] <0.60.0> SIGTERM received - shutting down
2022-09-20 16:44:50.159877+00:00 [notice] <0.60.0> 
2022-09-20 16:44:50.161101+00:00 [info] <0.222.0> Peer discovery backend rabbit_peer_discovery_classic_config does not support registration, skipping unregistration.
2022-09-20 16:44:50.161314+00:00 [info] <0.700.0> stopped TCP listener on [::]:5672
2022-09-20 16:44:50.162495+00:00 [info] <0.702.0> Closing all connections in vhost '/' on node 'rabbit@220ca8cf0e4f' because the vhost is stopping
2022-09-20 16:44:50.162517+00:00 [info] <0.636.0> Stopping message store for directory '/var/lib/rabbitmq/mnesia/rabbit@220ca8cf0e4f/msg_stores/vhosts/628WB79CIFDYO9LJI6DKMI09L/msg_store_persistent'
2022-09-20 16:44:50.176815+00:00 [info] <0.636.0> Message store for directory '/var/lib/rabbitmq/mnesia/rabbit@220ca8cf0e4f/msg_stores/vhosts/628WB79CIFDYO9LJI6DKMI09L/msg_store_persistent' is stopped
2022-09-20 16:44:50.177029+00:00 [info] <0.632.0> Stopping message store for directory '/var/lib/rabbitmq/mnesia/rabbit@220ca8cf0e4f/msg_stores/vhosts/628WB79CIFDYO9LJI6DKMI09L/msg_store_transient'
2022-09-20 16:44:50.196055+00:00 [info] <0.632.0> Message store for directory '/var/lib/rabbitmq/mnesia/rabbit@220ca8cf0e4f/msg_stores/vhosts/628WB79CIFDYO9LJI6DKMI09L/msg_store_transient' is stopped
