2022-09-20 16:58:45.901776+00:00 [notice] <0.222.0> Logging: configured log handlers are now ACTIVE
2022-09-20 16:58:46.083000+00:00 [info] <0.222.0> ra: starting system quorum_queues
2022-09-20 16:58:46.083098+00:00 [info] <0.222.0> starting Ra system: quorum_queues in directory: /var/lib/rabbitmq/mnesia/rabbit@a48fd4c9f64c/quorum/rabbit@a48fd4c9f64c
2022-09-20 16:58:46.135689+00:00 [info] <0.259.0> ra system 'quorum_queues' running pre init for 0 registered servers
2022-09-20 16:58:46.143518+00:00 [info] <0.260.0> ra: meta data store initialised for system quorum_queues. 0 record(s) recovered
2022-09-20 16:58:46.153883+00:00 [notice] <0.265.0> WAL: ra_log_wal init, open tbls: ra_log_open_mem_tables, closed tbls: ra_log_closed_mem_tables
2022-09-20 16:58:46.165663+00:00 [info] <0.222.0> ra: starting system coordination
2022-09-20 16:58:46.165728+00:00 [info] <0.222.0> starting Ra system: coordination in directory: /var/lib/rabbitmq/mnesia/rabbit@a48fd4c9f64c/coordination/rabbit@a48fd4c9f64c
2022-09-20 16:58:46.173314+00:00 [info] <0.272.0> ra system 'coordination' running pre init for 0 registered servers
2022-09-20 16:58:46.175484+00:00 [info] <0.273.0> ra: meta data store initialised for system coordination. 0 record(s) recovered
2022-09-20 16:58:46.175659+00:00 [notice] <0.278.0> WAL: ra_coordination_log_wal init, open tbls: ra_coordination_log_open_mem_tables, closed tbls: ra_coordination_log_closed_mem_tables
2022-09-20 16:58:46.183184+00:00 [info] <0.222.0> 
2022-09-20 16:58:46.183184+00:00 [info] <0.222.0>  Starting RabbitMQ 3.10.7 on Erlang 25.0.4 [jit]
2022-09-20 16:58:46.183184+00:00 [info] <0.222.0>  Copyright (c) 2007-2022 VMware, Inc. or its affiliates.
2022-09-20 16:58:46.183184+00:00 [info] <0.222.0>  Licensed under the MPL 2.0. Website: https://rabbitmq.com
2022-09-20 16:58:46.184246+00:00 [info] <0.222.0> 
2022-09-20 16:58:46.184246+00:00 [info] <0.222.0>  node           : rabbit@a48fd4c9f64c
2022-09-20 16:58:46.184246+00:00 [info] <0.222.0>  home dir       : /var/lib/rabbitmq
2022-09-20 16:58:46.184246+00:00 [info] <0.222.0>  config file(s) : (none)
2022-09-20 16:58:46.184246+00:00 [info] <0.222.0>  cookie hash    : J1A9fYYGn7KbOCswpFqaKA==
2022-09-20 16:58:46.184246+00:00 [info] <0.222.0>  log(s)         : /var/log/rabbitmq/rabbit@a48fd4c9f64c.log
2022-09-20 16:58:46.184246+00:00 [info] <0.222.0>                 : /var/log/rabbitmq/rabbit@a48fd4c9f64c_upgrade.log
2022-09-20 16:58:46.184246+00:00 [info] <0.222.0>                 : <stdout>
2022-09-20 16:58:46.184246+00:00 [info] <0.222.0>  database dir   : /var/lib/rabbitmq/mnesia/rabbit@a48fd4c9f64c
2022-09-20 16:58:48.220454+00:00 [info] <0.222.0> Running boot step pre_boot defined by app rabbit
2022-09-20 16:58:48.220624+00:00 [info] <0.222.0> Running boot step rabbit_global_counters defined by app rabbit
2022-09-20 16:58:48.220898+00:00 [info] <0.222.0> Running boot step rabbit_osiris_metrics defined by app rabbit
2022-09-20 16:58:48.221069+00:00 [info] <0.222.0> Running boot step rabbit_core_metrics defined by app rabbit
2022-09-20 16:58:48.221912+00:00 [info] <0.222.0> Running boot step rabbit_alarm defined by app rabbit
2022-09-20 16:58:48.224526+00:00 [info] <0.288.0> Memory high watermark set to 3057 MiB (3205649203 bytes) of 7642 MiB (8014123008 bytes) total
2022-09-20 16:58:48.228063+00:00 [info] <0.290.0> Enabling free disk space monitoring
2022-09-20 16:58:48.228100+00:00 [info] <0.290.0> Disk free limit set to 50MB
2022-09-20 16:58:48.230966+00:00 [info] <0.222.0> Running boot step code_server_cache defined by app rabbit
2022-09-20 16:58:48.231086+00:00 [info] <0.222.0> Running boot step file_handle_cache defined by app rabbit
2022-09-20 16:58:48.231362+00:00 [info] <0.295.0> Limiting to approx 1048479 file handles (943629 sockets)
2022-09-20 16:58:48.231466+00:00 [info] <0.296.0> FHC read buffering: OFF
2022-09-20 16:58:48.231497+00:00 [info] <0.296.0> FHC write buffering: ON
2022-09-20 16:58:48.231835+00:00 [info] <0.222.0> Running boot step worker_pool defined by app rabbit
2022-09-20 16:58:48.231900+00:00 [info] <0.280.0> Will use 16 processes for default worker pool
2022-09-20 16:58:48.231931+00:00 [info] <0.280.0> Starting worker pool 'worker_pool' with 16 processes in it
2022-09-20 16:58:48.232488+00:00 [info] <0.222.0> Running boot step database defined by app rabbit
2022-09-20 16:58:48.233678+00:00 [info] <0.222.0> Node database directory at /var/lib/rabbitmq/mnesia/rabbit@a48fd4c9f64c is empty. Assuming we need to join an existing cluster or initialise from scratch...
2022-09-20 16:58:48.233746+00:00 [info] <0.222.0> Configured peer discovery backend: rabbit_peer_discovery_classic_config
2022-09-20 16:58:48.233773+00:00 [info] <0.222.0> Will try to lock with peer discovery backend rabbit_peer_discovery_classic_config
2022-09-20 16:58:48.233847+00:00 [info] <0.222.0> All discovered existing cluster peers:
2022-09-20 16:58:48.233875+00:00 [info] <0.222.0> Discovered no peer nodes to cluster with. Some discovery backends can filter nodes out based on a readiness criteria. Enabling debug logging might help troubleshoot.
2022-09-20 16:58:48.236348+00:00 [notice] <0.44.0> Application mnesia exited with reason: stopped
2022-09-20 16:58:48.486997+00:00 [info] <0.222.0> Waiting for Mnesia tables for 30000 ms, 9 retries left
2022-09-20 16:58:48.487157+00:00 [info] <0.222.0> Successfully synced tables from a peer
2022-09-20 16:58:48.497716+00:00 [info] <0.222.0> Waiting for Mnesia tables for 30000 ms, 9 retries left
2022-09-20 16:58:48.497843+00:00 [info] <0.222.0> Successfully synced tables from a peer
2022-09-20 16:58:48.497881+00:00 [info] <0.222.0> Feature flag `classic_mirrored_queue_version`: supported, attempt to enable...
2022-09-20 16:58:48.497927+00:00 [info] <0.222.0> Feature flag `classic_mirrored_queue_version`: mark as enabled=state_changing
2022-09-20 16:58:48.498550+00:00 [info] <0.222.0> Feature flags: list of feature flags found:
2022-09-20 16:58:48.498620+00:00 [info] <0.222.0> Feature flags:   [~] classic_mirrored_queue_version
2022-09-20 16:58:48.498642+00:00 [info] <0.222.0> Feature flags:   [ ] implicit_default_bindings
2022-09-20 16:58:48.498664+00:00 [info] <0.222.0> Feature flags:   [ ] maintenance_mode_status
2022-09-20 16:58:48.498685+00:00 [info] <0.222.0> Feature flags:   [ ] quorum_queue
2022-09-20 16:58:48.498738+00:00 [info] <0.222.0> Feature flags:   [ ] stream_queue
2022-09-20 16:58:48.498751+00:00 [info] <0.222.0> Feature flags:   [ ] user_limits
2022-09-20 16:58:48.498762+00:00 [info] <0.222.0> Feature flags:   [ ] virtual_host_metadata
2022-09-20 16:58:48.498814+00:00 [info] <0.222.0> Feature flags: feature flag states written to disk: yes
2022-09-20 16:58:48.505390+00:00 [info] <0.222.0> Feature flag `classic_mirrored_queue_version`: mark as enabled=true
2022-09-20 16:58:48.510489+00:00 [info] <0.222.0> Feature flags: list of feature flags found:
2022-09-20 16:58:48.510789+00:00 [info] <0.222.0> Feature flags:   [x] classic_mirrored_queue_version
2022-09-20 16:58:48.510848+00:00 [info] <0.222.0> Feature flags:   [ ] implicit_default_bindings
2022-09-20 16:58:48.510868+00:00 [info] <0.222.0> Feature flags:   [ ] maintenance_mode_status
2022-09-20 16:58:48.510885+00:00 [info] <0.222.0> Feature flags:   [ ] quorum_queue
2022-09-20 16:58:48.510924+00:00 [info] <0.222.0> Feature flags:   [ ] stream_queue
2022-09-20 16:58:48.510944+00:00 [info] <0.222.0> Feature flags:   [ ] user_limits
2022-09-20 16:58:48.510958+00:00 [info] <0.222.0> Feature flags:   [ ] virtual_host_metadata
2022-09-20 16:58:48.510978+00:00 [info] <0.222.0> Feature flags: feature flag states written to disk: yes
2022-09-20 16:58:48.518782+00:00 [info] <0.222.0> Feature flag `implicit_default_bindings`: supported, attempt to enable...
2022-09-20 16:58:48.518914+00:00 [info] <0.222.0> Feature flag `implicit_default_bindings`: mark as enabled=state_changing
2022-09-20 16:58:48.519568+00:00 [info] <0.222.0> Feature flags: list of feature flags found:
2022-09-20 16:58:48.519621+00:00 [info] <0.222.0> Feature flags:   [x] classic_mirrored_queue_version
2022-09-20 16:58:48.519658+00:00 [info] <0.222.0> Feature flags:   [~] implicit_default_bindings
2022-09-20 16:58:48.519672+00:00 [info] <0.222.0> Feature flags:   [ ] maintenance_mode_status
2022-09-20 16:58:48.519685+00:00 [info] <0.222.0> Feature flags:   [ ] quorum_queue
2022-09-20 16:58:48.519738+00:00 [info] <0.222.0> Feature flags:   [ ] stream_queue
2022-09-20 16:58:48.519756+00:00 [info] <0.222.0> Feature flags:   [ ] user_limits
2022-09-20 16:58:48.519768+00:00 [info] <0.222.0> Feature flags:   [ ] virtual_host_metadata
2022-09-20 16:58:48.519816+00:00 [info] <0.222.0> Feature flags: feature flag states written to disk: yes
2022-09-20 16:58:48.527160+00:00 [info] <0.222.0> Waiting for Mnesia tables for 30000 ms, 0 retries left
2022-09-20 16:58:48.527316+00:00 [info] <0.222.0> Successfully synced tables from a peer
2022-09-20 16:58:48.527396+00:00 [info] <0.222.0> Feature flag `implicit_default_bindings`: mark as enabled=true
2022-09-20 16:58:48.532307+00:00 [info] <0.222.0> Feature flags: list of feature flags found:
2022-09-20 16:58:48.532385+00:00 [info] <0.222.0> Feature flags:   [x] classic_mirrored_queue_version
2022-09-20 16:58:48.532406+00:00 [info] <0.222.0> Feature flags:   [x] implicit_default_bindings
2022-09-20 16:58:48.532458+00:00 [info] <0.222.0> Feature flags:   [ ] maintenance_mode_status
2022-09-20 16:58:48.532476+00:00 [info] <0.222.0> Feature flags:   [ ] quorum_queue
2022-09-20 16:58:48.532502+00:00 [info] <0.222.0> Feature flags:   [ ] stream_queue
2022-09-20 16:58:48.532514+00:00 [info] <0.222.0> Feature flags:   [ ] user_limits
2022-09-20 16:58:48.532524+00:00 [info] <0.222.0> Feature flags:   [ ] virtual_host_metadata
2022-09-20 16:58:48.532535+00:00 [info] <0.222.0> Feature flags: feature flag states written to disk: yes
2022-09-20 16:58:48.539959+00:00 [info] <0.222.0> Feature flag `maintenance_mode_status`: supported, attempt to enable...
2022-09-20 16:58:48.540131+00:00 [info] <0.222.0> Feature flag `maintenance_mode_status`: mark as enabled=state_changing
2022-09-20 16:58:48.541530+00:00 [info] <0.222.0> Feature flags: list of feature flags found:
2022-09-20 16:58:48.541636+00:00 [info] <0.222.0> Feature flags:   [x] classic_mirrored_queue_version
2022-09-20 16:58:48.541679+00:00 [info] <0.222.0> Feature flags:   [x] implicit_default_bindings
2022-09-20 16:58:48.541732+00:00 [info] <0.222.0> Feature flags:   [~] maintenance_mode_status
2022-09-20 16:58:48.541788+00:00 [info] <0.222.0> Feature flags:   [ ] quorum_queue
2022-09-20 16:58:48.541867+00:00 [info] <0.222.0> Feature flags:   [ ] stream_queue
2022-09-20 16:58:48.541895+00:00 [info] <0.222.0> Feature flags:   [ ] user_limits
2022-09-20 16:58:48.541917+00:00 [info] <0.222.0> Feature flags:   [ ] virtual_host_metadata
2022-09-20 16:58:48.542028+00:00 [info] <0.222.0> Feature flags: feature flag states written to disk: yes
2022-09-20 16:58:48.549601+00:00 [info] <0.222.0> Creating table rabbit_node_maintenance_states for feature flag `maintenance_mode_status`
2022-09-20 16:58:48.557362+00:00 [info] <0.222.0> Feature flag `maintenance_mode_status`: mark as enabled=true
2022-09-20 16:58:48.563924+00:00 [info] <0.222.0> Feature flags: list of feature flags found:
2022-09-20 16:58:48.564083+00:00 [info] <0.222.0> Feature flags:   [x] classic_mirrored_queue_version
2022-09-20 16:58:48.564111+00:00 [info] <0.222.0> Feature flags:   [x] implicit_default_bindings
2022-09-20 16:58:48.564165+00:00 [info] <0.222.0> Feature flags:   [x] maintenance_mode_status
2022-09-20 16:58:48.564187+00:00 [info] <0.222.0> Feature flags:   [ ] quorum_queue
2022-09-20 16:58:48.564215+00:00 [info] <0.222.0> Feature flags:   [ ] stream_queue
2022-09-20 16:58:48.564323+00:00 [info] <0.222.0> Feature flags:   [ ] user_limits
2022-09-20 16:58:48.564373+00:00 [info] <0.222.0> Feature flags:   [ ] virtual_host_metadata
2022-09-20 16:58:48.564393+00:00 [info] <0.222.0> Feature flags: feature flag states written to disk: yes
2022-09-20 16:58:48.572346+00:00 [info] <0.222.0> Feature flag `quorum_queue`: supported, attempt to enable...
2022-09-20 16:58:48.572514+00:00 [info] <0.222.0> Feature flag `quorum_queue`: mark as enabled=state_changing
2022-09-20 16:58:48.573203+00:00 [info] <0.222.0> Feature flags: list of feature flags found:
2022-09-20 16:58:48.573256+00:00 [info] <0.222.0> Feature flags:   [x] classic_mirrored_queue_version
2022-09-20 16:58:48.573281+00:00 [info] <0.222.0> Feature flags:   [x] implicit_default_bindings
2022-09-20 16:58:48.573298+00:00 [info] <0.222.0> Feature flags:   [x] maintenance_mode_status
2022-09-20 16:58:48.573336+00:00 [info] <0.222.0> Feature flags:   [~] quorum_queue
2022-09-20 16:58:48.573398+00:00 [info] <0.222.0> Feature flags:   [ ] stream_queue
2022-09-20 16:58:48.573416+00:00 [info] <0.222.0> Feature flags:   [ ] user_limits
2022-09-20 16:58:48.573431+00:00 [info] <0.222.0> Feature flags:   [ ] virtual_host_metadata
2022-09-20 16:58:48.573455+00:00 [info] <0.222.0> Feature flags: feature flag states written to disk: yes
2022-09-20 16:58:48.580115+00:00 [info] <0.222.0> Waiting for Mnesia tables for 30000 ms, 9 retries left
2022-09-20 16:58:48.580335+00:00 [info] <0.222.0> Successfully synced tables from a peer
2022-09-20 16:58:48.580377+00:00 [info] <0.222.0> Feature flag `quorum_queue`:   migrating Mnesia table rabbit_queue...
2022-09-20 16:58:48.622384+00:00 [info] <0.222.0> Feature flag `quorum_queue`:   migrating Mnesia table rabbit_durable_queue...
2022-09-20 16:58:48.662131+00:00 [info] <0.222.0> Feature flag `quorum_queue`:   Mnesia tables migration done
2022-09-20 16:58:48.662252+00:00 [info] <0.222.0> Feature flag `quorum_queue`: mark as enabled=true
2022-09-20 16:58:48.667034+00:00 [info] <0.222.0> Feature flags: list of feature flags found:
2022-09-20 16:58:48.667130+00:00 [info] <0.222.0> Feature flags:   [x] classic_mirrored_queue_version
2022-09-20 16:58:48.667158+00:00 [info] <0.222.0> Feature flags:   [x] implicit_default_bindings
2022-09-20 16:58:48.667180+00:00 [info] <0.222.0> Feature flags:   [x] maintenance_mode_status
2022-09-20 16:58:48.667212+00:00 [info] <0.222.0> Feature flags:   [x] quorum_queue
2022-09-20 16:58:48.667243+00:00 [info] <0.222.0> Feature flags:   [ ] stream_queue
2022-09-20 16:58:48.667277+00:00 [info] <0.222.0> Feature flags:   [ ] user_limits
2022-09-20 16:58:48.667311+00:00 [info] <0.222.0> Feature flags:   [ ] virtual_host_metadata
2022-09-20 16:58:48.667339+00:00 [info] <0.222.0> Feature flags: feature flag states written to disk: yes
2022-09-20 16:58:48.673937+00:00 [info] <0.222.0> Feature flag `stream_queue`: supported, attempt to enable...
2022-09-20 16:58:48.674157+00:00 [info] <0.222.0> Feature flag `stream_queue`: mark as enabled=state_changing
2022-09-20 16:58:48.674877+00:00 [info] <0.222.0> Feature flags: list of feature flags found:
2022-09-20 16:58:48.674927+00:00 [info] <0.222.0> Feature flags:   [x] classic_mirrored_queue_version
2022-09-20 16:58:48.674986+00:00 [info] <0.222.0> Feature flags:   [x] implicit_default_bindings
2022-09-20 16:58:48.675010+00:00 [info] <0.222.0> Feature flags:   [x] maintenance_mode_status
2022-09-20 16:58:48.675024+00:00 [info] <0.222.0> Feature flags:   [x] quorum_queue
2022-09-20 16:58:48.675094+00:00 [info] <0.222.0> Feature flags:   [~] stream_queue
2022-09-20 16:58:48.675115+00:00 [info] <0.222.0> Feature flags:   [ ] user_limits
2022-09-20 16:58:48.675131+00:00 [info] <0.222.0> Feature flags:   [ ] virtual_host_metadata
2022-09-20 16:58:48.675146+00:00 [info] <0.222.0> Feature flags: feature flag states written to disk: yes
2022-09-20 16:58:48.681066+00:00 [info] <0.222.0> Feature flag `stream_queue`: mark as enabled=true
2022-09-20 16:58:48.685261+00:00 [info] <0.222.0> Feature flags: list of feature flags found:
2022-09-20 16:58:48.685315+00:00 [info] <0.222.0> Feature flags:   [x] classic_mirrored_queue_version
2022-09-20 16:58:48.685349+00:00 [info] <0.222.0> Feature flags:   [x] implicit_default_bindings
2022-09-20 16:58:48.685401+00:00 [info] <0.222.0> Feature flags:   [x] maintenance_mode_status
2022-09-20 16:58:48.685415+00:00 [info] <0.222.0> Feature flags:   [x] quorum_queue
2022-09-20 16:58:48.685450+00:00 [info] <0.222.0> Feature flags:   [x] stream_queue
2022-09-20 16:58:48.685504+00:00 [info] <0.222.0> Feature flags:   [ ] user_limits
2022-09-20 16:58:48.685524+00:00 [info] <0.222.0> Feature flags:   [ ] virtual_host_metadata
2022-09-20 16:58:48.685536+00:00 [info] <0.222.0> Feature flags: feature flag states written to disk: yes
2022-09-20 16:58:48.691692+00:00 [info] <0.222.0> Feature flag `user_limits`: supported, attempt to enable...
2022-09-20 16:58:48.691811+00:00 [info] <0.222.0> Feature flag `user_limits`: mark as enabled=state_changing
2022-09-20 16:58:48.692578+00:00 [info] <0.222.0> Feature flags: list of feature flags found:
2022-09-20 16:58:48.692762+00:00 [info] <0.222.0> Feature flags:   [x] classic_mirrored_queue_version
2022-09-20 16:58:48.692806+00:00 [info] <0.222.0> Feature flags:   [x] implicit_default_bindings
2022-09-20 16:58:48.692826+00:00 [info] <0.222.0> Feature flags:   [x] maintenance_mode_status
2022-09-20 16:58:48.692855+00:00 [info] <0.222.0> Feature flags:   [x] quorum_queue
2022-09-20 16:58:48.692945+00:00 [info] <0.222.0> Feature flags:   [x] stream_queue
2022-09-20 16:58:48.692973+00:00 [info] <0.222.0> Feature flags:   [~] user_limits
2022-09-20 16:58:48.692988+00:00 [info] <0.222.0> Feature flags:   [ ] virtual_host_metadata
2022-09-20 16:58:48.693104+00:00 [info] <0.222.0> Feature flags: feature flag states written to disk: yes
2022-09-20 16:58:48.701388+00:00 [info] <0.222.0> Waiting for Mnesia tables for 30000 ms, 9 retries left
2022-09-20 16:58:48.701535+00:00 [info] <0.222.0> Successfully synced tables from a peer
2022-09-20 16:58:48.742423+00:00 [info] <0.222.0> Feature flag `user_limits`: mark as enabled=true
2022-09-20 16:58:48.747235+00:00 [info] <0.222.0> Feature flags: list of feature flags found:
2022-09-20 16:58:48.747312+00:00 [info] <0.222.0> Feature flags:   [x] classic_mirrored_queue_version
2022-09-20 16:58:48.747339+00:00 [info] <0.222.0> Feature flags:   [x] implicit_default_bindings
2022-09-20 16:58:48.747360+00:00 [info] <0.222.0> Feature flags:   [x] maintenance_mode_status
2022-09-20 16:58:48.747393+00:00 [info] <0.222.0> Feature flags:   [x] quorum_queue
2022-09-20 16:58:48.747437+00:00 [info] <0.222.0> Feature flags:   [x] stream_queue
2022-09-20 16:58:48.747467+00:00 [info] <0.222.0> Feature flags:   [x] user_limits
2022-09-20 16:58:48.747495+00:00 [info] <0.222.0> Feature flags:   [ ] virtual_host_metadata
2022-09-20 16:58:48.747513+00:00 [info] <0.222.0> Feature flags: feature flag states written to disk: yes
2022-09-20 16:58:48.754384+00:00 [info] <0.222.0> Feature flag `virtual_host_metadata`: supported, attempt to enable...
2022-09-20 16:58:48.754491+00:00 [info] <0.222.0> Feature flag `virtual_host_metadata`: mark as enabled=state_changing
2022-09-20 16:58:48.755162+00:00 [info] <0.222.0> Feature flags: list of feature flags found:
2022-09-20 16:58:48.755226+00:00 [info] <0.222.0> Feature flags:   [x] classic_mirrored_queue_version
2022-09-20 16:58:48.755251+00:00 [info] <0.222.0> Feature flags:   [x] implicit_default_bindings
2022-09-20 16:58:48.755279+00:00 [info] <0.222.0> Feature flags:   [x] maintenance_mode_status
2022-09-20 16:58:48.755308+00:00 [info] <0.222.0> Feature flags:   [x] quorum_queue
2022-09-20 16:58:48.755359+00:00 [info] <0.222.0> Feature flags:   [x] stream_queue
2022-09-20 16:58:48.755388+00:00 [info] <0.222.0> Feature flags:   [x] user_limits
2022-09-20 16:58:48.755405+00:00 [info] <0.222.0> Feature flags:   [~] virtual_host_metadata
2022-09-20 16:58:48.755417+00:00 [info] <0.222.0> Feature flags: feature flag states written to disk: yes
2022-09-20 16:58:48.761069+00:00 [info] <0.222.0> Waiting for Mnesia tables for 30000 ms, 9 retries left
2022-09-20 16:58:48.761325+00:00 [info] <0.222.0> Successfully synced tables from a peer
2022-09-20 16:58:48.804429+00:00 [info] <0.222.0> Feature flag `virtual_host_metadata`: mark as enabled=true
2022-09-20 16:58:48.808204+00:00 [info] <0.222.0> Feature flags: list of feature flags found:
2022-09-20 16:58:48.808264+00:00 [info] <0.222.0> Feature flags:   [x] classic_mirrored_queue_version
2022-09-20 16:58:48.808284+00:00 [info] <0.222.0> Feature flags:   [x] implicit_default_bindings
2022-09-20 16:58:48.808317+00:00 [info] <0.222.0> Feature flags:   [x] maintenance_mode_status
2022-09-20 16:58:48.808330+00:00 [info] <0.222.0> Feature flags:   [x] quorum_queue
2022-09-20 16:58:48.808360+00:00 [info] <0.222.0> Feature flags:   [x] stream_queue
2022-09-20 16:58:48.808412+00:00 [info] <0.222.0> Feature flags:   [x] user_limits
2022-09-20 16:58:48.808430+00:00 [info] <0.222.0> Feature flags:   [x] virtual_host_metadata
2022-09-20 16:58:48.808442+00:00 [info] <0.222.0> Feature flags: feature flag states written to disk: yes
2022-09-20 16:58:48.814069+00:00 [info] <0.222.0> Waiting for Mnesia tables for 30000 ms, 9 retries left
2022-09-20 16:58:48.814233+00:00 [info] <0.222.0> Successfully synced tables from a peer
2022-09-20 16:58:48.832810+00:00 [info] <0.222.0> Waiting for Mnesia tables for 30000 ms, 9 retries left
2022-09-20 16:58:48.832931+00:00 [info] <0.222.0> Successfully synced tables from a peer
2022-09-20 16:58:48.832954+00:00 [info] <0.222.0> Peer discovery backend rabbit_peer_discovery_classic_config does not support registration, skipping registration.
2022-09-20 16:58:48.832989+00:00 [info] <0.222.0> Will try to unlock with peer discovery backend rabbit_peer_discovery_classic_config
2022-09-20 16:58:48.833107+00:00 [info] <0.222.0> Running boot step database_sync defined by app rabbit
2022-09-20 16:58:48.833215+00:00 [info] <0.222.0> Running boot step feature_flags defined by app rabbit
2022-09-20 16:58:48.834797+00:00 [info] <0.222.0> Running boot step codec_correctness_check defined by app rabbit
2022-09-20 16:58:48.834860+00:00 [info] <0.222.0> Running boot step external_infrastructure defined by app rabbit
2022-09-20 16:58:48.834884+00:00 [info] <0.222.0> Running boot step rabbit_event defined by app rabbit
2022-09-20 16:58:48.835017+00:00 [info] <0.222.0> Running boot step rabbit_registry defined by app rabbit
2022-09-20 16:58:48.835128+00:00 [info] <0.222.0> Running boot step rabbit_auth_mechanism_amqplain defined by app rabbit
2022-09-20 16:58:48.835223+00:00 [info] <0.222.0> Running boot step rabbit_auth_mechanism_cr_demo defined by app rabbit
2022-09-20 16:58:48.835306+00:00 [info] <0.222.0> Running boot step rabbit_auth_mechanism_plain defined by app rabbit
2022-09-20 16:58:48.835358+00:00 [info] <0.222.0> Running boot step rabbit_exchange_type_direct defined by app rabbit
2022-09-20 16:58:48.835409+00:00 [info] <0.222.0> Running boot step rabbit_exchange_type_fanout defined by app rabbit
2022-09-20 16:58:48.835454+00:00 [info] <0.222.0> Running boot step rabbit_exchange_type_headers defined by app rabbit
2022-09-20 16:58:48.835483+00:00 [info] <0.222.0> Running boot step rabbit_exchange_type_topic defined by app rabbit
2022-09-20 16:58:48.835537+00:00 [info] <0.222.0> Running boot step rabbit_mirror_queue_mode_all defined by app rabbit
2022-09-20 16:58:48.835599+00:00 [info] <0.222.0> Running boot step rabbit_mirror_queue_mode_exactly defined by app rabbit
2022-09-20 16:58:48.835693+00:00 [info] <0.222.0> Running boot step rabbit_mirror_queue_mode_nodes defined by app rabbit
2022-09-20 16:58:48.835777+00:00 [info] <0.222.0> Running boot step rabbit_priority_queue defined by app rabbit
2022-09-20 16:58:48.835816+00:00 [info] <0.222.0> Priority queues enabled, real BQ is rabbit_variable_queue
2022-09-20 16:58:48.835878+00:00 [info] <0.222.0> Running boot step rabbit_queue_location_client_local defined by app rabbit
2022-09-20 16:58:48.835963+00:00 [info] <0.222.0> Running boot step rabbit_queue_location_min_masters defined by app rabbit
2022-09-20 16:58:48.836041+00:00 [info] <0.222.0> Running boot step rabbit_queue_location_random defined by app rabbit
2022-09-20 16:58:48.836129+00:00 [info] <0.222.0> Running boot step kernel_ready defined by app rabbit
2022-09-20 16:58:48.836163+00:00 [info] <0.222.0> Running boot step rabbit_sysmon_minder defined by app rabbit
2022-09-20 16:58:48.836336+00:00 [info] <0.222.0> Running boot step rabbit_epmd_monitor defined by app rabbit
2022-09-20 16:58:48.837330+00:00 [info] <0.566.0> epmd monitor knows us, inter-node communication (distribution) port: 25672
2022-09-20 16:58:48.837457+00:00 [info] <0.222.0> Running boot step guid_generator defined by app rabbit
2022-09-20 16:58:48.842569+00:00 [info] <0.222.0> Running boot step rabbit_node_monitor defined by app rabbit
2022-09-20 16:58:48.842890+00:00 [info] <0.570.0> Starting rabbit_node_monitor
2022-09-20 16:58:48.843008+00:00 [info] <0.222.0> Running boot step delegate_sup defined by app rabbit
2022-09-20 16:58:48.843630+00:00 [info] <0.222.0> Running boot step rabbit_memory_monitor defined by app rabbit
2022-09-20 16:58:48.843846+00:00 [info] <0.222.0> Running boot step rabbit_fifo_dlx_sup defined by app rabbit
2022-09-20 16:58:48.843978+00:00 [info] <0.222.0> Running boot step core_initialized defined by app rabbit
2022-09-20 16:58:48.844024+00:00 [info] <0.222.0> Running boot step upgrade_queues defined by app rabbit
2022-09-20 16:58:48.852332+00:00 [info] <0.222.0> message_store upgrades: 1 to apply
2022-09-20 16:58:48.852595+00:00 [info] <0.222.0> message_store upgrades: Applying rabbit_variable_queue:move_messages_to_vhost_store
2022-09-20 16:58:48.852801+00:00 [info] <0.222.0> message_store upgrades: No durable queues found. Skipping message store migration
2022-09-20 16:58:48.852838+00:00 [info] <0.222.0> message_store upgrades: Removing the old message store data
2022-09-20 16:58:48.855071+00:00 [info] <0.222.0> message_store upgrades: All upgrades applied successfully
2022-09-20 16:58:48.869491+00:00 [info] <0.222.0> Running boot step channel_tracking defined by app rabbit
2022-09-20 16:58:48.877233+00:00 [info] <0.222.0> Setting up a table for channel tracking on this node: tracked_channel_on_node_rabbit@a48fd4c9f64c
2022-09-20 16:58:48.885129+00:00 [info] <0.222.0> Setting up a table for channel tracking on this node: tracked_channel_table_per_user_on_node_rabbit@a48fd4c9f64c
2022-09-20 16:58:48.885511+00:00 [info] <0.222.0> Running boot step rabbit_channel_tracking_handler defined by app rabbit
2022-09-20 16:58:48.885610+00:00 [info] <0.222.0> Running boot step connection_tracking defined by app rabbit
2022-09-20 16:58:48.894861+00:00 [info] <0.222.0> Setting up a table for connection tracking on this node: tracked_connection_on_node_rabbit@a48fd4c9f64c
2022-09-20 16:58:48.903382+00:00 [info] <0.222.0> Setting up a table for per-vhost connection counting on this node: tracked_connection_per_vhost_on_node_rabbit@a48fd4c9f64c
2022-09-20 16:58:48.911131+00:00 [info] <0.222.0> Setting up a table for per-user connection counting on this node: tracked_connection_table_per_user_on_node_rabbit@a48fd4c9f64c
2022-09-20 16:58:48.911399+00:00 [info] <0.222.0> Running boot step rabbit_connection_tracking_handler defined by app rabbit
2022-09-20 16:58:48.911483+00:00 [info] <0.222.0> Running boot step rabbit_definitions_hashing defined by app rabbit
2022-09-20 16:58:48.911585+00:00 [info] <0.222.0> Running boot step rabbit_exchange_parameters defined by app rabbit
2022-09-20 16:58:48.911706+00:00 [info] <0.222.0> Running boot step rabbit_mirror_queue_misc defined by app rabbit
2022-09-20 16:58:48.911847+00:00 [info] <0.222.0> Running boot step rabbit_policies defined by app rabbit
2022-09-20 16:58:48.912209+00:00 [info] <0.222.0> Running boot step rabbit_policy defined by app rabbit
2022-09-20 16:58:48.912263+00:00 [info] <0.222.0> Running boot step rabbit_queue_location_validator defined by app rabbit
2022-09-20 16:58:48.912354+00:00 [info] <0.222.0> Running boot step rabbit_quorum_memory_manager defined by app rabbit
2022-09-20 16:58:48.912433+00:00 [info] <0.222.0> Running boot step rabbit_stream_coordinator defined by app rabbit
2022-09-20 16:58:48.912762+00:00 [info] <0.222.0> Running boot step rabbit_vhost_limit defined by app rabbit
2022-09-20 16:58:48.912855+00:00 [info] <0.222.0> Running boot step recovery defined by app rabbit
2022-09-20 16:58:48.914076+00:00 [info] <0.222.0> Running boot step empty_db_check defined by app rabbit
2022-09-20 16:58:48.914140+00:00 [info] <0.222.0> Will seed default virtual host and user...
2022-09-20 16:58:48.914229+00:00 [info] <0.222.0> Adding vhost '/' (description: 'Default virtual host', tags: [])
2022-09-20 16:58:48.930167+00:00 [info] <0.627.0> Making sure data directory '/var/lib/rabbitmq/mnesia/rabbit@a48fd4c9f64c/msg_stores/vhosts/628WB79CIFDYO9LJI6DKMI09L' for vhost '/' exists
2022-09-20 16:58:48.937786+00:00 [info] <0.627.0> Setting segment_entry_count for vhost '/' with 0 queues to '2048'
2022-09-20 16:58:48.945648+00:00 [info] <0.627.0> Starting message stores for vhost '/'
2022-09-20 16:58:48.945904+00:00 [info] <0.632.0> Message store "628WB79CIFDYO9LJI6DKMI09L/msg_store_transient": using rabbit_msg_store_ets_index to provide index
2022-09-20 16:58:48.963755+00:00 [info] <0.627.0> Started message store of type transient for vhost '/'
2022-09-20 16:58:48.964039+00:00 [info] <0.636.0> Message store "628WB79CIFDYO9LJI6DKMI09L/msg_store_persistent": using rabbit_msg_store_ets_index to provide index
2022-09-20 16:58:48.968655+00:00 [warning] <0.636.0> Message store "628WB79CIFDYO9LJI6DKMI09L/msg_store_persistent": rebuilding indices from scratch
2022-09-20 16:58:48.973318+00:00 [info] <0.627.0> Started message store of type persistent for vhost '/'
2022-09-20 16:58:48.973491+00:00 [info] <0.627.0> Recovering 0 queues of type rabbit_classic_queue took 33ms
2022-09-20 16:58:48.973571+00:00 [info] <0.627.0> Recovering 0 queues of type rabbit_quorum_queue took 0ms
2022-09-20 16:58:48.973613+00:00 [info] <0.627.0> Recovering 0 queues of type rabbit_stream_queue took 0ms
2022-09-20 16:58:48.976612+00:00 [info] <0.222.0> Created user 'taivo'
2022-09-20 16:58:48.978439+00:00 [info] <0.222.0> Successfully set user tags for user 'taivo' to [administrator]
2022-09-20 16:58:48.980232+00:00 [info] <0.222.0> Successfully set permissions for 'taivo' in virtual host '/' to '.*', '.*', '.*'
2022-09-20 16:58:48.980287+00:00 [info] <0.222.0> Running boot step rabbit_looking_glass defined by app rabbit
2022-09-20 16:58:48.980314+00:00 [info] <0.222.0> Running boot step rabbit_core_metrics_gc defined by app rabbit
2022-09-20 16:58:48.980420+00:00 [info] <0.222.0> Running boot step background_gc defined by app rabbit
2022-09-20 16:58:48.980528+00:00 [info] <0.222.0> Running boot step routing_ready defined by app rabbit
2022-09-20 16:58:48.980568+00:00 [info] <0.222.0> Running boot step pre_flight defined by app rabbit
2022-09-20 16:58:48.980587+00:00 [info] <0.222.0> Running boot step notify_cluster defined by app rabbit
2022-09-20 16:58:48.980615+00:00 [info] <0.222.0> Running boot step networking defined by app rabbit
2022-09-20 16:58:48.980635+00:00 [info] <0.222.0> Running boot step definition_import_worker_pool defined by app rabbit
2022-09-20 16:58:48.980668+00:00 [info] <0.280.0> Starting worker pool 'definition_import_pool' with 16 processes in it
2022-09-20 16:58:48.981435+00:00 [info] <0.222.0> Running boot step cluster_name defined by app rabbit
2022-09-20 16:58:48.981514+00:00 [info] <0.222.0> Initialising internal cluster ID to 'rabbitmq-cluster-id-d1-SP3dHYY8l4aiERIKmWA'
2022-09-20 16:58:48.983457+00:00 [info] <0.222.0> Running boot step direct_client defined by app rabbit
2022-09-20 16:58:48.983602+00:00 [info] <0.222.0> Running boot step rabbit_maintenance_mode_state defined by app rabbit
2022-09-20 16:58:48.983649+00:00 [info] <0.222.0> Creating table rabbit_node_maintenance_states for feature flag `maintenance_mode_status`
2022-09-20 16:58:48.983955+00:00 [info] <0.682.0> Resetting node maintenance status
2022-09-20 16:58:48.984109+00:00 [info] <0.682.0> Ready to start client connection listeners
2022-09-20 16:58:48.986269+00:00 [info] <0.700.0> started TCP listener on [::]:5672
2022-09-20 16:58:49.052538+00:00 [info] <0.682.0> Server startup complete; 0 plugins started.
2022-09-20 17:01:15.171648+00:00 [notice] <0.60.0> SIGTERM received - shutting down
2022-09-20 17:01:15.171648+00:00 [notice] <0.60.0> 
2022-09-20 17:01:15.173517+00:00 [info] <0.222.0> Peer discovery backend rabbit_peer_discovery_classic_config does not support registration, skipping unregistration.
2022-09-20 17:01:15.173757+00:00 [info] <0.700.0> stopped TCP listener on [::]:5672
2022-09-20 17:01:15.175338+00:00 [info] <0.716.0> Closing all connections in vhost '/' on node 'rabbit@a48fd4c9f64c' because the vhost is stopping
2022-09-20 17:01:15.175371+00:00 [info] <0.636.0> Stopping message store for directory '/var/lib/rabbitmq/mnesia/rabbit@a48fd4c9f64c/msg_stores/vhosts/628WB79CIFDYO9LJI6DKMI09L/msg_store_persistent'
2022-09-20 17:01:15.192701+00:00 [info] <0.636.0> Message store for directory '/var/lib/rabbitmq/mnesia/rabbit@a48fd4c9f64c/msg_stores/vhosts/628WB79CIFDYO9LJI6DKMI09L/msg_store_persistent' is stopped
2022-09-20 17:01:15.192989+00:00 [info] <0.632.0> Stopping message store for directory '/var/lib/rabbitmq/mnesia/rabbit@a48fd4c9f64c/msg_stores/vhosts/628WB79CIFDYO9LJI6DKMI09L/msg_store_transient'
2022-09-20 17:01:15.214976+00:00 [info] <0.632.0> Message store for directory '/var/lib/rabbitmq/mnesia/rabbit@a48fd4c9f64c/msg_stores/vhosts/628WB79CIFDYO9LJI6DKMI09L/msg_store_transient' is stopped
