2022-09-20 17:08:33.703460+00:00 [notice] <0.222.0> Logging: configured log handlers are now ACTIVE
2022-09-20 17:08:33.884305+00:00 [info] <0.222.0> ra: starting system quorum_queues
2022-09-20 17:08:33.884399+00:00 [info] <0.222.0> starting Ra system: quorum_queues in directory: /var/lib/rabbitmq/mnesia/rabbit@46cf2ed09955/quorum/rabbit@46cf2ed09955
2022-09-20 17:08:33.940011+00:00 [info] <0.259.0> ra system 'quorum_queues' running pre init for 0 registered servers
2022-09-20 17:08:33.948382+00:00 [info] <0.260.0> ra: meta data store initialised for system quorum_queues. 0 record(s) recovered
2022-09-20 17:08:33.958284+00:00 [notice] <0.265.0> WAL: ra_log_wal init, open tbls: ra_log_open_mem_tables, closed tbls: ra_log_closed_mem_tables
2022-09-20 17:08:33.970070+00:00 [info] <0.222.0> ra: starting system coordination
2022-09-20 17:08:33.970131+00:00 [info] <0.222.0> starting Ra system: coordination in directory: /var/lib/rabbitmq/mnesia/rabbit@46cf2ed09955/coordination/rabbit@46cf2ed09955
2022-09-20 17:08:33.977763+00:00 [info] <0.272.0> ra system 'coordination' running pre init for 0 registered servers
2022-09-20 17:08:33.980649+00:00 [info] <0.273.0> ra: meta data store initialised for system coordination. 0 record(s) recovered
2022-09-20 17:08:33.980831+00:00 [notice] <0.278.0> WAL: ra_coordination_log_wal init, open tbls: ra_coordination_log_open_mem_tables, closed tbls: ra_coordination_log_closed_mem_tables
2022-09-20 17:08:33.987884+00:00 [info] <0.222.0> 
2022-09-20 17:08:33.987884+00:00 [info] <0.222.0>  Starting RabbitMQ 3.10.7 on Erlang 25.0.4 [jit]
2022-09-20 17:08:33.987884+00:00 [info] <0.222.0>  Copyright (c) 2007-2022 VMware, Inc. or its affiliates.
2022-09-20 17:08:33.987884+00:00 [info] <0.222.0>  Licensed under the MPL 2.0. Website: https://rabbitmq.com
2022-09-20 17:08:33.988853+00:00 [info] <0.222.0> 
2022-09-20 17:08:33.988853+00:00 [info] <0.222.0>  node           : rabbit@46cf2ed09955
2022-09-20 17:08:33.988853+00:00 [info] <0.222.0>  home dir       : /var/lib/rabbitmq
2022-09-20 17:08:33.988853+00:00 [info] <0.222.0>  config file(s) : (none)
2022-09-20 17:08:33.988853+00:00 [info] <0.222.0>  cookie hash    : J1A9fYYGn7KbOCswpFqaKA==
2022-09-20 17:08:33.988853+00:00 [info] <0.222.0>  log(s)         : /var/log/rabbitmq/rabbit@46cf2ed09955.log
2022-09-20 17:08:33.988853+00:00 [info] <0.222.0>                 : /var/log/rabbitmq/rabbit@46cf2ed09955_upgrade.log
2022-09-20 17:08:33.988853+00:00 [info] <0.222.0>                 : <stdout>
2022-09-20 17:08:33.988853+00:00 [info] <0.222.0>  database dir   : /var/lib/rabbitmq/mnesia/rabbit@46cf2ed09955
2022-09-20 17:08:36.146076+00:00 [info] <0.222.0> Running boot step pre_boot defined by app rabbit
2022-09-20 17:08:36.146792+00:00 [info] <0.222.0> Running boot step rabbit_global_counters defined by app rabbit
2022-09-20 17:08:36.147363+00:00 [info] <0.222.0> Running boot step rabbit_osiris_metrics defined by app rabbit
2022-09-20 17:08:36.147557+00:00 [info] <0.222.0> Running boot step rabbit_core_metrics defined by app rabbit
2022-09-20 17:08:36.151558+00:00 [info] <0.222.0> Running boot step rabbit_alarm defined by app rabbit
2022-09-20 17:08:36.166065+00:00 [info] <0.288.0> Memory high watermark set to 3057 MiB (3205649203 bytes) of 7642 MiB (8014123008 bytes) total
2022-09-20 17:08:36.171495+00:00 [info] <0.290.0> Enabling free disk space monitoring
2022-09-20 17:08:36.171591+00:00 [info] <0.290.0> Disk free limit set to 50MB
2022-09-20 17:08:36.175330+00:00 [info] <0.222.0> Running boot step code_server_cache defined by app rabbit
2022-09-20 17:08:36.175484+00:00 [info] <0.222.0> Running boot step file_handle_cache defined by app rabbit
2022-09-20 17:08:36.175758+00:00 [info] <0.295.0> Limiting to approx 1048479 file handles (943629 sockets)
2022-09-20 17:08:36.175911+00:00 [info] <0.296.0> FHC read buffering: OFF
2022-09-20 17:08:36.175960+00:00 [info] <0.296.0> FHC write buffering: ON
2022-09-20 17:08:36.176275+00:00 [info] <0.222.0> Running boot step worker_pool defined by app rabbit
2022-09-20 17:08:36.176351+00:00 [info] <0.280.0> Will use 16 processes for default worker pool
2022-09-20 17:08:36.176385+00:00 [info] <0.280.0> Starting worker pool 'worker_pool' with 16 processes in it
2022-09-20 17:08:36.177035+00:00 [info] <0.222.0> Running boot step database defined by app rabbit
2022-09-20 17:08:36.178518+00:00 [info] <0.222.0> Node database directory at /var/lib/rabbitmq/mnesia/rabbit@46cf2ed09955 is empty. Assuming we need to join an existing cluster or initialise from scratch...
2022-09-20 17:08:36.178617+00:00 [info] <0.222.0> Configured peer discovery backend: rabbit_peer_discovery_classic_config
2022-09-20 17:08:36.178652+00:00 [info] <0.222.0> Will try to lock with peer discovery backend rabbit_peer_discovery_classic_config
2022-09-20 17:08:36.178717+00:00 [info] <0.222.0> All discovered existing cluster peers:
2022-09-20 17:08:36.178770+00:00 [info] <0.222.0> Discovered no peer nodes to cluster with. Some discovery backends can filter nodes out based on a readiness criteria. Enabling debug logging might help troubleshoot.
2022-09-20 17:08:36.181762+00:00 [notice] <0.44.0> Application mnesia exited with reason: stopped
2022-09-20 17:08:36.444939+00:00 [info] <0.222.0> Waiting for Mnesia tables for 30000 ms, 9 retries left
2022-09-20 17:08:36.445157+00:00 [info] <0.222.0> Successfully synced tables from a peer
2022-09-20 17:08:36.455436+00:00 [info] <0.222.0> Waiting for Mnesia tables for 30000 ms, 9 retries left
2022-09-20 17:08:36.455579+00:00 [info] <0.222.0> Successfully synced tables from a peer
2022-09-20 17:08:36.455644+00:00 [info] <0.222.0> Feature flag `classic_mirrored_queue_version`: supported, attempt to enable...
2022-09-20 17:08:36.455722+00:00 [info] <0.222.0> Feature flag `classic_mirrored_queue_version`: mark as enabled=state_changing
2022-09-20 17:08:36.456694+00:00 [info] <0.222.0> Feature flags: list of feature flags found:
2022-09-20 17:08:36.456772+00:00 [info] <0.222.0> Feature flags:   [~] classic_mirrored_queue_version
2022-09-20 17:08:36.456796+00:00 [info] <0.222.0> Feature flags:   [ ] implicit_default_bindings
2022-09-20 17:08:36.456810+00:00 [info] <0.222.0> Feature flags:   [ ] maintenance_mode_status
2022-09-20 17:08:36.456823+00:00 [info] <0.222.0> Feature flags:   [ ] quorum_queue
2022-09-20 17:08:36.456906+00:00 [info] <0.222.0> Feature flags:   [ ] stream_queue
2022-09-20 17:08:36.456937+00:00 [info] <0.222.0> Feature flags:   [ ] user_limits
2022-09-20 17:08:36.456951+00:00 [info] <0.222.0> Feature flags:   [ ] virtual_host_metadata
2022-09-20 17:08:36.457011+00:00 [info] <0.222.0> Feature flags: feature flag states written to disk: yes
2022-09-20 17:08:36.463559+00:00 [info] <0.222.0> Feature flag `classic_mirrored_queue_version`: mark as enabled=true
2022-09-20 17:08:36.466474+00:00 [info] <0.222.0> Feature flags: list of feature flags found:
2022-09-20 17:08:36.466539+00:00 [info] <0.222.0> Feature flags:   [x] classic_mirrored_queue_version
2022-09-20 17:08:36.466571+00:00 [info] <0.222.0> Feature flags:   [ ] implicit_default_bindings
2022-09-20 17:08:36.466604+00:00 [info] <0.222.0> Feature flags:   [ ] maintenance_mode_status
2022-09-20 17:08:36.466646+00:00 [info] <0.222.0> Feature flags:   [ ] quorum_queue
2022-09-20 17:08:36.466692+00:00 [info] <0.222.0> Feature flags:   [ ] stream_queue
2022-09-20 17:08:36.466728+00:00 [info] <0.222.0> Feature flags:   [ ] user_limits
2022-09-20 17:08:36.466750+00:00 [info] <0.222.0> Feature flags:   [ ] virtual_host_metadata
2022-09-20 17:08:36.466768+00:00 [info] <0.222.0> Feature flags: feature flag states written to disk: yes
2022-09-20 17:08:36.473718+00:00 [info] <0.222.0> Feature flag `implicit_default_bindings`: supported, attempt to enable...
2022-09-20 17:08:36.473837+00:00 [info] <0.222.0> Feature flag `implicit_default_bindings`: mark as enabled=state_changing
2022-09-20 17:08:36.474690+00:00 [info] <0.222.0> Feature flags: list of feature flags found:
2022-09-20 17:08:36.474755+00:00 [info] <0.222.0> Feature flags:   [x] classic_mirrored_queue_version
2022-09-20 17:08:36.474795+00:00 [info] <0.222.0> Feature flags:   [~] implicit_default_bindings
2022-09-20 17:08:36.474810+00:00 [info] <0.222.0> Feature flags:   [ ] maintenance_mode_status
2022-09-20 17:08:36.474827+00:00 [info] <0.222.0> Feature flags:   [ ] quorum_queue
2022-09-20 17:08:36.474872+00:00 [info] <0.222.0> Feature flags:   [ ] stream_queue
2022-09-20 17:08:36.474898+00:00 [info] <0.222.0> Feature flags:   [ ] user_limits
2022-09-20 17:08:36.474924+00:00 [info] <0.222.0> Feature flags:   [ ] virtual_host_metadata
2022-09-20 17:08:36.474952+00:00 [info] <0.222.0> Feature flags: feature flag states written to disk: yes
2022-09-20 17:08:36.482142+00:00 [info] <0.222.0> Waiting for Mnesia tables for 30000 ms, 0 retries left
2022-09-20 17:08:36.482327+00:00 [info] <0.222.0> Successfully synced tables from a peer
2022-09-20 17:08:36.482386+00:00 [info] <0.222.0> Feature flag `implicit_default_bindings`: mark as enabled=true
2022-09-20 17:08:36.488598+00:00 [info] <0.222.0> Feature flags: list of feature flags found:
2022-09-20 17:08:36.488674+00:00 [info] <0.222.0> Feature flags:   [x] classic_mirrored_queue_version
2022-09-20 17:08:36.488694+00:00 [info] <0.222.0> Feature flags:   [x] implicit_default_bindings
2022-09-20 17:08:36.488755+00:00 [info] <0.222.0> Feature flags:   [ ] maintenance_mode_status
2022-09-20 17:08:36.488770+00:00 [info] <0.222.0> Feature flags:   [ ] quorum_queue
2022-09-20 17:08:36.488800+00:00 [info] <0.222.0> Feature flags:   [ ] stream_queue
2022-09-20 17:08:36.488830+00:00 [info] <0.222.0> Feature flags:   [ ] user_limits
2022-09-20 17:08:36.488847+00:00 [info] <0.222.0> Feature flags:   [ ] virtual_host_metadata
2022-09-20 17:08:36.488872+00:00 [info] <0.222.0> Feature flags: feature flag states written to disk: yes
2022-09-20 17:08:36.495376+00:00 [info] <0.222.0> Feature flag `maintenance_mode_status`: supported, attempt to enable...
2022-09-20 17:08:36.495503+00:00 [info] <0.222.0> Feature flag `maintenance_mode_status`: mark as enabled=state_changing
2022-09-20 17:08:36.496106+00:00 [info] <0.222.0> Feature flags: list of feature flags found:
2022-09-20 17:08:36.496168+00:00 [info] <0.222.0> Feature flags:   [x] classic_mirrored_queue_version
2022-09-20 17:08:36.496191+00:00 [info] <0.222.0> Feature flags:   [x] implicit_default_bindings
2022-09-20 17:08:36.496206+00:00 [info] <0.222.0> Feature flags:   [~] maintenance_mode_status
2022-09-20 17:08:36.496218+00:00 [info] <0.222.0> Feature flags:   [ ] quorum_queue
2022-09-20 17:08:36.496288+00:00 [info] <0.222.0> Feature flags:   [ ] stream_queue
2022-09-20 17:08:36.496316+00:00 [info] <0.222.0> Feature flags:   [ ] user_limits
2022-09-20 17:08:36.496343+00:00 [info] <0.222.0> Feature flags:   [ ] virtual_host_metadata
2022-09-20 17:08:36.496363+00:00 [info] <0.222.0> Feature flags: feature flag states written to disk: yes
2022-09-20 17:08:36.502840+00:00 [info] <0.222.0> Creating table rabbit_node_maintenance_states for feature flag `maintenance_mode_status`
2022-09-20 17:08:36.511651+00:00 [info] <0.222.0> Feature flag `maintenance_mode_status`: mark as enabled=true
2022-09-20 17:08:36.517043+00:00 [info] <0.222.0> Feature flags: list of feature flags found:
2022-09-20 17:08:36.517109+00:00 [info] <0.222.0> Feature flags:   [x] classic_mirrored_queue_version
2022-09-20 17:08:36.517133+00:00 [info] <0.222.0> Feature flags:   [x] implicit_default_bindings
2022-09-20 17:08:36.517149+00:00 [info] <0.222.0> Feature flags:   [x] maintenance_mode_status
2022-09-20 17:08:36.517161+00:00 [info] <0.222.0> Feature flags:   [ ] quorum_queue
2022-09-20 17:08:36.517207+00:00 [info] <0.222.0> Feature flags:   [ ] stream_queue
2022-09-20 17:08:36.517228+00:00 [info] <0.222.0> Feature flags:   [ ] user_limits
2022-09-20 17:08:36.517240+00:00 [info] <0.222.0> Feature flags:   [ ] virtual_host_metadata
2022-09-20 17:08:36.517251+00:00 [info] <0.222.0> Feature flags: feature flag states written to disk: yes
2022-09-20 17:08:36.524466+00:00 [info] <0.222.0> Feature flag `quorum_queue`: supported, attempt to enable...
2022-09-20 17:08:36.524589+00:00 [info] <0.222.0> Feature flag `quorum_queue`: mark as enabled=state_changing
2022-09-20 17:08:36.525436+00:00 [info] <0.222.0> Feature flags: list of feature flags found:
2022-09-20 17:08:36.525521+00:00 [info] <0.222.0> Feature flags:   [x] classic_mirrored_queue_version
2022-09-20 17:08:36.525557+00:00 [info] <0.222.0> Feature flags:   [x] implicit_default_bindings
2022-09-20 17:08:36.525581+00:00 [info] <0.222.0> Feature flags:   [x] maintenance_mode_status
2022-09-20 17:08:36.525620+00:00 [info] <0.222.0> Feature flags:   [~] quorum_queue
2022-09-20 17:08:36.525675+00:00 [info] <0.222.0> Feature flags:   [ ] stream_queue
2022-09-20 17:08:36.525700+00:00 [info] <0.222.0> Feature flags:   [ ] user_limits
2022-09-20 17:08:36.525715+00:00 [info] <0.222.0> Feature flags:   [ ] virtual_host_metadata
2022-09-20 17:08:36.525775+00:00 [info] <0.222.0> Feature flags: feature flag states written to disk: yes
2022-09-20 17:08:36.533167+00:00 [info] <0.222.0> Waiting for Mnesia tables for 30000 ms, 9 retries left
2022-09-20 17:08:36.533299+00:00 [info] <0.222.0> Successfully synced tables from a peer
2022-09-20 17:08:36.533335+00:00 [info] <0.222.0> Feature flag `quorum_queue`:   migrating Mnesia table rabbit_queue...
2022-09-20 17:08:36.577278+00:00 [info] <0.222.0> Feature flag `quorum_queue`:   migrating Mnesia table rabbit_durable_queue...
2022-09-20 17:08:36.617371+00:00 [info] <0.222.0> Feature flag `quorum_queue`:   Mnesia tables migration done
2022-09-20 17:08:36.617479+00:00 [info] <0.222.0> Feature flag `quorum_queue`: mark as enabled=true
2022-09-20 17:08:36.622252+00:00 [info] <0.222.0> Feature flags: list of feature flags found:
2022-09-20 17:08:36.622363+00:00 [info] <0.222.0> Feature flags:   [x] classic_mirrored_queue_version
2022-09-20 17:08:36.622390+00:00 [info] <0.222.0> Feature flags:   [x] implicit_default_bindings
2022-09-20 17:08:36.622406+00:00 [info] <0.222.0> Feature flags:   [x] maintenance_mode_status
2022-09-20 17:08:36.622419+00:00 [info] <0.222.0> Feature flags:   [x] quorum_queue
2022-09-20 17:08:36.622449+00:00 [info] <0.222.0> Feature flags:   [ ] stream_queue
2022-09-20 17:08:36.622487+00:00 [info] <0.222.0> Feature flags:   [ ] user_limits
2022-09-20 17:08:36.622521+00:00 [info] <0.222.0> Feature flags:   [ ] virtual_host_metadata
2022-09-20 17:08:36.622556+00:00 [info] <0.222.0> Feature flags: feature flag states written to disk: yes
2022-09-20 17:08:36.629805+00:00 [info] <0.222.0> Feature flag `stream_queue`: supported, attempt to enable...
2022-09-20 17:08:36.629937+00:00 [info] <0.222.0> Feature flag `stream_queue`: mark as enabled=state_changing
2022-09-20 17:08:36.630515+00:00 [info] <0.222.0> Feature flags: list of feature flags found:
2022-09-20 17:08:36.630558+00:00 [info] <0.222.0> Feature flags:   [x] classic_mirrored_queue_version
2022-09-20 17:08:36.630612+00:00 [info] <0.222.0> Feature flags:   [x] implicit_default_bindings
2022-09-20 17:08:36.630641+00:00 [info] <0.222.0> Feature flags:   [x] maintenance_mode_status
2022-09-20 17:08:36.630668+00:00 [info] <0.222.0> Feature flags:   [x] quorum_queue
2022-09-20 17:08:36.630696+00:00 [info] <0.222.0> Feature flags:   [~] stream_queue
2022-09-20 17:08:36.630711+00:00 [info] <0.222.0> Feature flags:   [ ] user_limits
2022-09-20 17:08:36.630723+00:00 [info] <0.222.0> Feature flags:   [ ] virtual_host_metadata
2022-09-20 17:08:36.630780+00:00 [info] <0.222.0> Feature flags: feature flag states written to disk: yes
2022-09-20 17:08:36.637263+00:00 [info] <0.222.0> Feature flag `stream_queue`: mark as enabled=true
2022-09-20 17:08:36.641907+00:00 [info] <0.222.0> Feature flags: list of feature flags found:
2022-09-20 17:08:36.641977+00:00 [info] <0.222.0> Feature flags:   [x] classic_mirrored_queue_version
2022-09-20 17:08:36.641998+00:00 [info] <0.222.0> Feature flags:   [x] implicit_default_bindings
2022-09-20 17:08:36.642065+00:00 [info] <0.222.0> Feature flags:   [x] maintenance_mode_status
2022-09-20 17:08:36.642081+00:00 [info] <0.222.0> Feature flags:   [x] quorum_queue
2022-09-20 17:08:36.642197+00:00 [info] <0.222.0> Feature flags:   [x] stream_queue
2022-09-20 17:08:36.642266+00:00 [info] <0.222.0> Feature flags:   [ ] user_limits
2022-09-20 17:08:36.642336+00:00 [info] <0.222.0> Feature flags:   [ ] virtual_host_metadata
2022-09-20 17:08:36.642395+00:00 [info] <0.222.0> Feature flags: feature flag states written to disk: yes
2022-09-20 17:08:36.649404+00:00 [info] <0.222.0> Feature flag `user_limits`: supported, attempt to enable...
2022-09-20 17:08:36.649519+00:00 [info] <0.222.0> Feature flag `user_limits`: mark as enabled=state_changing
2022-09-20 17:08:36.650198+00:00 [info] <0.222.0> Feature flags: list of feature flags found:
2022-09-20 17:08:36.650262+00:00 [info] <0.222.0> Feature flags:   [x] classic_mirrored_queue_version
2022-09-20 17:08:36.650284+00:00 [info] <0.222.0> Feature flags:   [x] implicit_default_bindings
2022-09-20 17:08:36.650299+00:00 [info] <0.222.0> Feature flags:   [x] maintenance_mode_status
2022-09-20 17:08:36.650310+00:00 [info] <0.222.0> Feature flags:   [x] quorum_queue
2022-09-20 17:08:36.650360+00:00 [info] <0.222.0> Feature flags:   [x] stream_queue
2022-09-20 17:08:36.650378+00:00 [info] <0.222.0> Feature flags:   [~] user_limits
2022-09-20 17:08:36.650401+00:00 [info] <0.222.0> Feature flags:   [ ] virtual_host_metadata
2022-09-20 17:08:36.650445+00:00 [info] <0.222.0> Feature flags: feature flag states written to disk: yes
2022-09-20 17:08:36.657347+00:00 [info] <0.222.0> Waiting for Mnesia tables for 30000 ms, 9 retries left
2022-09-20 17:08:36.657502+00:00 [info] <0.222.0> Successfully synced tables from a peer
2022-09-20 17:08:36.698430+00:00 [info] <0.222.0> Feature flag `user_limits`: mark as enabled=true
2022-09-20 17:08:36.702633+00:00 [info] <0.222.0> Feature flags: list of feature flags found:
2022-09-20 17:08:36.702777+00:00 [info] <0.222.0> Feature flags:   [x] classic_mirrored_queue_version
2022-09-20 17:08:36.702802+00:00 [info] <0.222.0> Feature flags:   [x] implicit_default_bindings
2022-09-20 17:08:36.702838+00:00 [info] <0.222.0> Feature flags:   [x] maintenance_mode_status
2022-09-20 17:08:36.702852+00:00 [info] <0.222.0> Feature flags:   [x] quorum_queue
2022-09-20 17:08:36.702906+00:00 [info] <0.222.0> Feature flags:   [x] stream_queue
2022-09-20 17:08:36.702960+00:00 [info] <0.222.0> Feature flags:   [x] user_limits
2022-09-20 17:08:36.702978+00:00 [info] <0.222.0> Feature flags:   [ ] virtual_host_metadata
2022-09-20 17:08:36.702995+00:00 [info] <0.222.0> Feature flags: feature flag states written to disk: yes
2022-09-20 17:08:36.710099+00:00 [info] <0.222.0> Feature flag `virtual_host_metadata`: supported, attempt to enable...
2022-09-20 17:08:36.710191+00:00 [info] <0.222.0> Feature flag `virtual_host_metadata`: mark as enabled=state_changing
2022-09-20 17:08:36.711118+00:00 [info] <0.222.0> Feature flags: list of feature flags found:
2022-09-20 17:08:36.711188+00:00 [info] <0.222.0> Feature flags:   [x] classic_mirrored_queue_version
2022-09-20 17:08:36.711222+00:00 [info] <0.222.0> Feature flags:   [x] implicit_default_bindings
2022-09-20 17:08:36.711264+00:00 [info] <0.222.0> Feature flags:   [x] maintenance_mode_status
2022-09-20 17:08:36.711310+00:00 [info] <0.222.0> Feature flags:   [x] quorum_queue
2022-09-20 17:08:36.711399+00:00 [info] <0.222.0> Feature flags:   [x] stream_queue
2022-09-20 17:08:36.711449+00:00 [info] <0.222.0> Feature flags:   [x] user_limits
2022-09-20 17:08:36.711505+00:00 [info] <0.222.0> Feature flags:   [~] virtual_host_metadata
2022-09-20 17:08:36.711541+00:00 [info] <0.222.0> Feature flags: feature flag states written to disk: yes
2022-09-20 17:08:36.717418+00:00 [info] <0.222.0> Waiting for Mnesia tables for 30000 ms, 9 retries left
2022-09-20 17:08:36.717527+00:00 [info] <0.222.0> Successfully synced tables from a peer
2022-09-20 17:08:36.762627+00:00 [info] <0.222.0> Feature flag `virtual_host_metadata`: mark as enabled=true
2022-09-20 17:08:36.766746+00:00 [info] <0.222.0> Feature flags: list of feature flags found:
2022-09-20 17:08:36.766823+00:00 [info] <0.222.0> Feature flags:   [x] classic_mirrored_queue_version
2022-09-20 17:08:36.766849+00:00 [info] <0.222.0> Feature flags:   [x] implicit_default_bindings
2022-09-20 17:08:36.766875+00:00 [info] <0.222.0> Feature flags:   [x] maintenance_mode_status
2022-09-20 17:08:36.766924+00:00 [info] <0.222.0> Feature flags:   [x] quorum_queue
2022-09-20 17:08:36.766971+00:00 [info] <0.222.0> Feature flags:   [x] stream_queue
2022-09-20 17:08:36.766992+00:00 [info] <0.222.0> Feature flags:   [x] user_limits
2022-09-20 17:08:36.767017+00:00 [info] <0.222.0> Feature flags:   [x] virtual_host_metadata
2022-09-20 17:08:36.767033+00:00 [info] <0.222.0> Feature flags: feature flag states written to disk: yes
2022-09-20 17:08:36.773932+00:00 [info] <0.222.0> Waiting for Mnesia tables for 30000 ms, 9 retries left
2022-09-20 17:08:36.774182+00:00 [info] <0.222.0> Successfully synced tables from a peer
2022-09-20 17:08:36.791522+00:00 [info] <0.222.0> Waiting for Mnesia tables for 30000 ms, 9 retries left
2022-09-20 17:08:36.791657+00:00 [info] <0.222.0> Successfully synced tables from a peer
2022-09-20 17:08:36.791686+00:00 [info] <0.222.0> Peer discovery backend rabbit_peer_discovery_classic_config does not support registration, skipping registration.
2022-09-20 17:08:36.791725+00:00 [info] <0.222.0> Will try to unlock with peer discovery backend rabbit_peer_discovery_classic_config
2022-09-20 17:08:36.791818+00:00 [info] <0.222.0> Running boot step database_sync defined by app rabbit
2022-09-20 17:08:36.791916+00:00 [info] <0.222.0> Running boot step feature_flags defined by app rabbit
2022-09-20 17:08:36.793508+00:00 [info] <0.222.0> Running boot step codec_correctness_check defined by app rabbit
2022-09-20 17:08:36.793545+00:00 [info] <0.222.0> Running boot step external_infrastructure defined by app rabbit
2022-09-20 17:08:36.793564+00:00 [info] <0.222.0> Running boot step rabbit_event defined by app rabbit
2022-09-20 17:08:36.793667+00:00 [info] <0.222.0> Running boot step rabbit_registry defined by app rabbit
2022-09-20 17:08:36.793758+00:00 [info] <0.222.0> Running boot step rabbit_auth_mechanism_amqplain defined by app rabbit
2022-09-20 17:08:36.793825+00:00 [info] <0.222.0> Running boot step rabbit_auth_mechanism_cr_demo defined by app rabbit
2022-09-20 17:08:36.793876+00:00 [info] <0.222.0> Running boot step rabbit_auth_mechanism_plain defined by app rabbit
2022-09-20 17:08:36.793941+00:00 [info] <0.222.0> Running boot step rabbit_exchange_type_direct defined by app rabbit
2022-09-20 17:08:36.794015+00:00 [info] <0.222.0> Running boot step rabbit_exchange_type_fanout defined by app rabbit
2022-09-20 17:08:36.794060+00:00 [info] <0.222.0> Running boot step rabbit_exchange_type_headers defined by app rabbit
2022-09-20 17:08:36.794145+00:00 [info] <0.222.0> Running boot step rabbit_exchange_type_topic defined by app rabbit
2022-09-20 17:08:36.794223+00:00 [info] <0.222.0> Running boot step rabbit_mirror_queue_mode_all defined by app rabbit
2022-09-20 17:08:36.794286+00:00 [info] <0.222.0> Running boot step rabbit_mirror_queue_mode_exactly defined by app rabbit
2022-09-20 17:08:36.794332+00:00 [info] <0.222.0> Running boot step rabbit_mirror_queue_mode_nodes defined by app rabbit
2022-09-20 17:08:36.794366+00:00 [info] <0.222.0> Running boot step rabbit_priority_queue defined by app rabbit
2022-09-20 17:08:36.794398+00:00 [info] <0.222.0> Priority queues enabled, real BQ is rabbit_variable_queue
2022-09-20 17:08:36.794482+00:00 [info] <0.222.0> Running boot step rabbit_queue_location_client_local defined by app rabbit
2022-09-20 17:08:36.794537+00:00 [info] <0.222.0> Running boot step rabbit_queue_location_min_masters defined by app rabbit
2022-09-20 17:08:36.794623+00:00 [info] <0.222.0> Running boot step rabbit_queue_location_random defined by app rabbit
2022-09-20 17:08:36.794718+00:00 [info] <0.222.0> Running boot step kernel_ready defined by app rabbit
2022-09-20 17:08:36.794772+00:00 [info] <0.222.0> Running boot step rabbit_sysmon_minder defined by app rabbit
2022-09-20 17:08:36.794968+00:00 [info] <0.222.0> Running boot step rabbit_epmd_monitor defined by app rabbit
2022-09-20 17:08:36.795719+00:00 [info] <0.566.0> epmd monitor knows us, inter-node communication (distribution) port: 25672
2022-09-20 17:08:36.795797+00:00 [info] <0.222.0> Running boot step guid_generator defined by app rabbit
2022-09-20 17:08:36.800677+00:00 [info] <0.222.0> Running boot step rabbit_node_monitor defined by app rabbit
2022-09-20 17:08:36.800937+00:00 [info] <0.570.0> Starting rabbit_node_monitor
2022-09-20 17:08:36.801045+00:00 [info] <0.222.0> Running boot step delegate_sup defined by app rabbit
2022-09-20 17:08:36.801697+00:00 [info] <0.222.0> Running boot step rabbit_memory_monitor defined by app rabbit
2022-09-20 17:08:36.801975+00:00 [info] <0.222.0> Running boot step rabbit_fifo_dlx_sup defined by app rabbit
2022-09-20 17:08:36.802082+00:00 [info] <0.222.0> Running boot step core_initialized defined by app rabbit
2022-09-20 17:08:36.802137+00:00 [info] <0.222.0> Running boot step upgrade_queues defined by app rabbit
2022-09-20 17:08:36.810834+00:00 [info] <0.222.0> message_store upgrades: 1 to apply
2022-09-20 17:08:36.811015+00:00 [info] <0.222.0> message_store upgrades: Applying rabbit_variable_queue:move_messages_to_vhost_store
2022-09-20 17:08:36.811166+00:00 [info] <0.222.0> message_store upgrades: No durable queues found. Skipping message store migration
2022-09-20 17:08:36.811207+00:00 [info] <0.222.0> message_store upgrades: Removing the old message store data
2022-09-20 17:08:36.812820+00:00 [info] <0.222.0> message_store upgrades: All upgrades applied successfully
2022-09-20 17:08:36.824899+00:00 [info] <0.222.0> Running boot step channel_tracking defined by app rabbit
2022-09-20 17:08:36.832182+00:00 [info] <0.222.0> Setting up a table for channel tracking on this node: tracked_channel_on_node_rabbit@46cf2ed09955
2022-09-20 17:08:36.840173+00:00 [info] <0.222.0> Setting up a table for channel tracking on this node: tracked_channel_table_per_user_on_node_rabbit@46cf2ed09955
2022-09-20 17:08:36.840631+00:00 [info] <0.222.0> Running boot step rabbit_channel_tracking_handler defined by app rabbit
2022-09-20 17:08:36.840715+00:00 [info] <0.222.0> Running boot step connection_tracking defined by app rabbit
2022-09-20 17:08:36.847634+00:00 [info] <0.222.0> Setting up a table for connection tracking on this node: tracked_connection_on_node_rabbit@46cf2ed09955
2022-09-20 17:08:36.855322+00:00 [info] <0.222.0> Setting up a table for per-vhost connection counting on this node: tracked_connection_per_vhost_on_node_rabbit@46cf2ed09955
2022-09-20 17:08:36.862740+00:00 [info] <0.222.0> Setting up a table for per-user connection counting on this node: tracked_connection_table_per_user_on_node_rabbit@46cf2ed09955
2022-09-20 17:08:36.863162+00:00 [info] <0.222.0> Running boot step rabbit_connection_tracking_handler defined by app rabbit
2022-09-20 17:08:36.863276+00:00 [info] <0.222.0> Running boot step rabbit_definitions_hashing defined by app rabbit
2022-09-20 17:08:36.863406+00:00 [info] <0.222.0> Running boot step rabbit_exchange_parameters defined by app rabbit
2022-09-20 17:08:36.863502+00:00 [info] <0.222.0> Running boot step rabbit_mirror_queue_misc defined by app rabbit
2022-09-20 17:08:36.863787+00:00 [info] <0.222.0> Running boot step rabbit_policies defined by app rabbit
2022-09-20 17:08:36.864188+00:00 [info] <0.222.0> Running boot step rabbit_policy defined by app rabbit
2022-09-20 17:08:36.864300+00:00 [info] <0.222.0> Running boot step rabbit_queue_location_validator defined by app rabbit
2022-09-20 17:08:36.864355+00:00 [info] <0.222.0> Running boot step rabbit_quorum_memory_manager defined by app rabbit
2022-09-20 17:08:36.864391+00:00 [info] <0.222.0> Running boot step rabbit_stream_coordinator defined by app rabbit
2022-09-20 17:08:36.864734+00:00 [info] <0.222.0> Running boot step rabbit_vhost_limit defined by app rabbit
2022-09-20 17:08:36.864794+00:00 [info] <0.222.0> Running boot step recovery defined by app rabbit
2022-09-20 17:08:36.865993+00:00 [info] <0.222.0> Running boot step empty_db_check defined by app rabbit
2022-09-20 17:08:36.866051+00:00 [info] <0.222.0> Will seed default virtual host and user...
2022-09-20 17:08:36.866140+00:00 [info] <0.222.0> Adding vhost '/' (description: 'Default virtual host', tags: [])
2022-09-20 17:08:36.881169+00:00 [info] <0.627.0> Making sure data directory '/var/lib/rabbitmq/mnesia/rabbit@46cf2ed09955/msg_stores/vhosts/628WB79CIFDYO9LJI6DKMI09L' for vhost '/' exists
2022-09-20 17:08:36.889288+00:00 [info] <0.627.0> Setting segment_entry_count for vhost '/' with 0 queues to '2048'
2022-09-20 17:08:36.898359+00:00 [info] <0.627.0> Starting message stores for vhost '/'
2022-09-20 17:08:36.898597+00:00 [info] <0.632.0> Message store "628WB79CIFDYO9LJI6DKMI09L/msg_store_transient": using rabbit_msg_store_ets_index to provide index
2022-09-20 17:08:36.914687+00:00 [info] <0.627.0> Started message store of type transient for vhost '/'
2022-09-20 17:08:36.914855+00:00 [info] <0.636.0> Message store "628WB79CIFDYO9LJI6DKMI09L/msg_store_persistent": using rabbit_msg_store_ets_index to provide index
2022-09-20 17:08:36.919317+00:00 [warning] <0.636.0> Message store "628WB79CIFDYO9LJI6DKMI09L/msg_store_persistent": rebuilding indices from scratch
2022-09-20 17:08:36.923924+00:00 [info] <0.627.0> Started message store of type persistent for vhost '/'
2022-09-20 17:08:36.924185+00:00 [info] <0.627.0> Recovering 0 queues of type rabbit_classic_queue took 32ms
2022-09-20 17:08:36.924257+00:00 [info] <0.627.0> Recovering 0 queues of type rabbit_quorum_queue took 0ms
2022-09-20 17:08:36.924302+00:00 [info] <0.627.0> Recovering 0 queues of type rabbit_stream_queue took 0ms
2022-09-20 17:08:36.927550+00:00 [info] <0.222.0> Created user 'guest'
2022-09-20 17:08:36.929375+00:00 [info] <0.222.0> Successfully set user tags for user 'guest' to [administrator]
2022-09-20 17:08:36.931025+00:00 [info] <0.222.0> Successfully set permissions for 'guest' in virtual host '/' to '.*', '.*', '.*'
2022-09-20 17:08:36.931099+00:00 [info] <0.222.0> Running boot step rabbit_looking_glass defined by app rabbit
2022-09-20 17:08:36.931130+00:00 [info] <0.222.0> Running boot step rabbit_core_metrics_gc defined by app rabbit
2022-09-20 17:08:36.931221+00:00 [info] <0.222.0> Running boot step background_gc defined by app rabbit
2022-09-20 17:08:36.931385+00:00 [info] <0.222.0> Running boot step routing_ready defined by app rabbit
2022-09-20 17:08:36.931423+00:00 [info] <0.222.0> Running boot step pre_flight defined by app rabbit
2022-09-20 17:08:36.931441+00:00 [info] <0.222.0> Running boot step notify_cluster defined by app rabbit
2022-09-20 17:08:36.931467+00:00 [info] <0.222.0> Running boot step networking defined by app rabbit
2022-09-20 17:08:36.931496+00:00 [info] <0.222.0> Running boot step definition_import_worker_pool defined by app rabbit
2022-09-20 17:08:36.931545+00:00 [info] <0.280.0> Starting worker pool 'definition_import_pool' with 16 processes in it
2022-09-20 17:08:36.932363+00:00 [info] <0.222.0> Running boot step cluster_name defined by app rabbit
2022-09-20 17:08:36.932440+00:00 [info] <0.222.0> Initialising internal cluster ID to 'rabbitmq-cluster-id-sIgY6nNE5CJGUWmBQQc6lA'
2022-09-20 17:08:36.934317+00:00 [info] <0.222.0> Running boot step direct_client defined by app rabbit
2022-09-20 17:08:36.934416+00:00 [info] <0.222.0> Running boot step rabbit_maintenance_mode_state defined by app rabbit
2022-09-20 17:08:36.934482+00:00 [info] <0.222.0> Creating table rabbit_node_maintenance_states for feature flag `maintenance_mode_status`
2022-09-20 17:08:36.934818+00:00 [info] <0.682.0> Resetting node maintenance status
2022-09-20 17:08:36.935002+00:00 [info] <0.682.0> Ready to start client connection listeners
2022-09-20 17:08:36.936797+00:00 [info] <0.700.0> started TCP listener on [::]:5672
2022-09-20 17:08:37.000707+00:00 [info] <0.682.0> Server startup complete; 0 plugins started.
2022-09-20 17:09:11.741722+00:00 [info] <0.787.0> Feature flags: list of feature flags found:
2022-09-20 17:09:11.741857+00:00 [info] <0.787.0> Feature flags:   [x] classic_mirrored_queue_version
2022-09-20 17:09:11.741930+00:00 [info] <0.787.0> Feature flags:   [ ] drop_unroutable_metric
2022-09-20 17:09:11.741988+00:00 [info] <0.787.0> Feature flags:   [ ] empty_basic_get_metric
2022-09-20 17:09:11.742092+00:00 [info] <0.787.0> Feature flags:   [x] implicit_default_bindings
2022-09-20 17:09:11.742120+00:00 [info] <0.787.0> Feature flags:   [x] maintenance_mode_status
2022-09-20 17:09:11.742138+00:00 [info] <0.787.0> Feature flags:   [x] quorum_queue
2022-09-20 17:09:11.742178+00:00 [info] <0.787.0> Feature flags:   [x] stream_queue
2022-09-20 17:09:11.742198+00:00 [info] <0.787.0> Feature flags:   [x] user_limits
2022-09-20 17:09:11.742212+00:00 [info] <0.787.0> Feature flags:   [x] virtual_host_metadata
2022-09-20 17:09:11.742234+00:00 [info] <0.787.0> Feature flags: feature flag states written to disk: yes
2022-09-20 17:09:11.919696+00:00 [info] <0.787.0> Running boot step rabbit_mgmt_db_handler defined by app rabbitmq_management_agent
2022-09-20 17:09:11.919861+00:00 [info] <0.787.0> Management plugin: using rates mode 'basic'
2022-09-20 17:09:11.952012+00:00 [info] <0.787.0> Running boot step rabbit_mgmt_reset_handler defined by app rabbitmq_management
2022-09-20 17:09:11.952172+00:00 [info] <0.787.0> Running boot step rabbit_management_load_definitions defined by app rabbitmq_management
2022-09-20 17:09:11.959130+00:00 [info] <0.853.0> Management plugin: HTTP (non-TLS) listener started on port 15672
2022-09-20 17:09:11.959278+00:00 [info] <0.881.0> Statistics database started.
2022-09-20 17:09:11.959362+00:00 [info] <0.880.0> Starting worker pool 'management_worker_pool' with 3 processes in it
2022-09-20 17:09:11.960026+00:00 [info] <0.787.0> Plugins changed; enabled [rabbitmq_management_agent,cowlib,cowboy,
2022-09-20 17:09:11.960026+00:00 [info] <0.787.0>                           rabbitmq_web_dispatch,amqp_client,
2022-09-20 17:09:11.960026+00:00 [info] <0.787.0>                           rabbitmq_management]
2022-09-20 17:09:26.679392+00:00 [warning] <0.916.0> HTTP access denied: user 'guest' - User can only log in via localhost
2022-09-20 17:09:28.251410+00:00 [warning] <0.918.0> HTTP access denied: user 'guest' - User can only log in via localhost
2022-09-20 17:09:28.897438+00:00 [warning] <0.919.0> HTTP access denied: user 'guest' - User can only log in via localhost
2022-09-20 17:09:29.065441+00:00 [warning] <0.920.0> HTTP access denied: user 'guest' - User can only log in via localhost
2022-09-20 17:09:29.226967+00:00 [warning] <0.921.0> HTTP access denied: user 'guest' - User can only log in via localhost
2022-09-20 17:09:29.394969+00:00 [warning] <0.922.0> HTTP access denied: user 'guest' - User can only log in via localhost
2022-09-20 17:09:29.565783+00:00 [warning] <0.923.0> HTTP access denied: user 'guest' - User can only log in via localhost
2022-09-20 17:09:29.736248+00:00 [warning] <0.924.0> HTTP access denied: user 'guest' - User can only log in via localhost
2022-09-20 17:09:49.426119+00:00 [warning] <0.928.0> HTTP access denied: user 'guest' - User can only log in via localhost
2022-09-20 17:09:56.335004+00:00 [warning] <0.931.0> HTTP access denied: user 'guest' - User can only log in via localhost
