2022-09-20 16:38:51.490823+00:00 [notice] <0.222.0> Logging: configured log handlers are now ACTIVE
2022-09-20 16:38:51.654225+00:00 [info] <0.222.0> ra: starting system quorum_queues
2022-09-20 16:38:51.654318+00:00 [info] <0.222.0> starting Ra system: quorum_queues in directory: /var/lib/rabbitmq/mnesia/rabbit@4f542322b715/quorum/rabbit@4f542322b715
2022-09-20 16:38:51.705371+00:00 [info] <0.259.0> ra system 'quorum_queues' running pre init for 0 registered servers
2022-09-20 16:38:51.713442+00:00 [info] <0.260.0> ra: meta data store initialised for system quorum_queues. 0 record(s) recovered
2022-09-20 16:38:51.721890+00:00 [notice] <0.265.0> WAL: ra_log_wal init, open tbls: ra_log_open_mem_tables, closed tbls: ra_log_closed_mem_tables
2022-09-20 16:38:51.732602+00:00 [info] <0.222.0> ra: starting system coordination
2022-09-20 16:38:51.732666+00:00 [info] <0.222.0> starting Ra system: coordination in directory: /var/lib/rabbitmq/mnesia/rabbit@4f542322b715/coordination/rabbit@4f542322b715
2022-09-20 16:38:51.740374+00:00 [info] <0.272.0> ra system 'coordination' running pre init for 0 registered servers
2022-09-20 16:38:51.742876+00:00 [info] <0.273.0> ra: meta data store initialised for system coordination. 0 record(s) recovered
2022-09-20 16:38:51.743042+00:00 [notice] <0.278.0> WAL: ra_coordination_log_wal init, open tbls: ra_coordination_log_open_mem_tables, closed tbls: ra_coordination_log_closed_mem_tables
2022-09-20 16:38:51.750612+00:00 [info] <0.222.0> 
2022-09-20 16:38:51.750612+00:00 [info] <0.222.0>  Starting RabbitMQ 3.10.7 on Erlang 25.0.4 [jit]
2022-09-20 16:38:51.750612+00:00 [info] <0.222.0>  Copyright (c) 2007-2022 VMware, Inc. or its affiliates.
2022-09-20 16:38:51.750612+00:00 [info] <0.222.0>  Licensed under the MPL 2.0. Website: https://rabbitmq.com
2022-09-20 16:38:51.751727+00:00 [info] <0.222.0> 
2022-09-20 16:38:51.751727+00:00 [info] <0.222.0>  node           : rabbit@4f542322b715
2022-09-20 16:38:51.751727+00:00 [info] <0.222.0>  home dir       : /var/lib/rabbitmq
2022-09-20 16:38:51.751727+00:00 [info] <0.222.0>  config file(s) : (none)
2022-09-20 16:38:51.751727+00:00 [info] <0.222.0>  cookie hash    : J1A9fYYGn7KbOCswpFqaKA==
2022-09-20 16:38:51.751727+00:00 [info] <0.222.0>  log(s)         : /var/log/rabbitmq/rabbit@4f542322b715.log
2022-09-20 16:38:51.751727+00:00 [info] <0.222.0>                 : /var/log/rabbitmq/rabbit@4f542322b715_upgrade.log
2022-09-20 16:38:51.751727+00:00 [info] <0.222.0>                 : <stdout>
2022-09-20 16:38:51.751727+00:00 [info] <0.222.0>  database dir   : /var/lib/rabbitmq/mnesia/rabbit@4f542322b715
2022-09-20 16:38:53.467046+00:00 [info] <0.222.0> Running boot step pre_boot defined by app rabbit
2022-09-20 16:38:53.467140+00:00 [info] <0.222.0> Running boot step rabbit_global_counters defined by app rabbit
2022-09-20 16:38:53.467391+00:00 [info] <0.222.0> Running boot step rabbit_osiris_metrics defined by app rabbit
2022-09-20 16:38:53.467507+00:00 [info] <0.222.0> Running boot step rabbit_core_metrics defined by app rabbit
2022-09-20 16:38:53.468327+00:00 [info] <0.222.0> Running boot step rabbit_alarm defined by app rabbit
2022-09-20 16:38:53.471024+00:00 [info] <0.288.0> Memory high watermark set to 3057 MiB (3205649203 bytes) of 7642 MiB (8014123008 bytes) total
2022-09-20 16:38:53.475160+00:00 [info] <0.290.0> Enabling free disk space monitoring
2022-09-20 16:38:53.475215+00:00 [info] <0.290.0> Disk free limit set to 50MB
2022-09-20 16:38:53.478534+00:00 [info] <0.222.0> Running boot step code_server_cache defined by app rabbit
2022-09-20 16:38:53.478731+00:00 [info] <0.222.0> Running boot step file_handle_cache defined by app rabbit
2022-09-20 16:38:53.478951+00:00 [info] <0.295.0> Limiting to approx 1048479 file handles (943629 sockets)
2022-09-20 16:38:53.479047+00:00 [info] <0.296.0> FHC read buffering: OFF
2022-09-20 16:38:53.479081+00:00 [info] <0.296.0> FHC write buffering: ON
2022-09-20 16:38:53.479385+00:00 [info] <0.222.0> Running boot step worker_pool defined by app rabbit
2022-09-20 16:38:53.479457+00:00 [info] <0.280.0> Will use 16 processes for default worker pool
2022-09-20 16:38:53.479504+00:00 [info] <0.280.0> Starting worker pool 'worker_pool' with 16 processes in it
2022-09-20 16:38:53.480201+00:00 [info] <0.222.0> Running boot step database defined by app rabbit
2022-09-20 16:38:53.481426+00:00 [info] <0.222.0> Node database directory at /var/lib/rabbitmq/mnesia/rabbit@4f542322b715 is empty. Assuming we need to join an existing cluster or initialise from scratch...
2022-09-20 16:38:53.481495+00:00 [info] <0.222.0> Configured peer discovery backend: rabbit_peer_discovery_classic_config
2022-09-20 16:38:53.481522+00:00 [info] <0.222.0> Will try to lock with peer discovery backend rabbit_peer_discovery_classic_config
2022-09-20 16:38:53.481576+00:00 [info] <0.222.0> All discovered existing cluster peers:
2022-09-20 16:38:53.481625+00:00 [info] <0.222.0> Discovered no peer nodes to cluster with. Some discovery backends can filter nodes out based on a readiness criteria. Enabling debug logging might help troubleshoot.
2022-09-20 16:38:53.484218+00:00 [notice] <0.44.0> Application mnesia exited with reason: stopped
2022-09-20 16:38:53.729744+00:00 [info] <0.222.0> Waiting for Mnesia tables for 30000 ms, 9 retries left
2022-09-20 16:38:53.729929+00:00 [info] <0.222.0> Successfully synced tables from a peer
2022-09-20 16:38:53.739972+00:00 [info] <0.222.0> Waiting for Mnesia tables for 30000 ms, 9 retries left
2022-09-20 16:38:53.740152+00:00 [info] <0.222.0> Successfully synced tables from a peer
2022-09-20 16:38:53.740213+00:00 [info] <0.222.0> Feature flag `classic_mirrored_queue_version`: supported, attempt to enable...
2022-09-20 16:38:53.740324+00:00 [info] <0.222.0> Feature flag `classic_mirrored_queue_version`: mark as enabled=state_changing
2022-09-20 16:38:53.741371+00:00 [info] <0.222.0> Feature flags: list of feature flags found:
2022-09-20 16:38:53.741459+00:00 [info] <0.222.0> Feature flags:   [~] classic_mirrored_queue_version
2022-09-20 16:38:53.741485+00:00 [info] <0.222.0> Feature flags:   [ ] implicit_default_bindings
2022-09-20 16:38:53.741511+00:00 [info] <0.222.0> Feature flags:   [ ] maintenance_mode_status
2022-09-20 16:38:53.741549+00:00 [info] <0.222.0> Feature flags:   [ ] quorum_queue
2022-09-20 16:38:53.741568+00:00 [info] <0.222.0> Feature flags:   [ ] stream_queue
2022-09-20 16:38:53.741592+00:00 [info] <0.222.0> Feature flags:   [ ] user_limits
2022-09-20 16:38:53.741607+00:00 [info] <0.222.0> Feature flags:   [ ] virtual_host_metadata
2022-09-20 16:38:53.741630+00:00 [info] <0.222.0> Feature flags: feature flag states written to disk: yes
2022-09-20 16:38:53.748112+00:00 [info] <0.222.0> Feature flag `classic_mirrored_queue_version`: mark as enabled=true
2022-09-20 16:38:53.750824+00:00 [info] <0.222.0> Feature flags: list of feature flags found:
2022-09-20 16:38:53.750872+00:00 [info] <0.222.0> Feature flags:   [x] classic_mirrored_queue_version
2022-09-20 16:38:53.750936+00:00 [info] <0.222.0> Feature flags:   [ ] implicit_default_bindings
2022-09-20 16:38:53.750962+00:00 [info] <0.222.0> Feature flags:   [ ] maintenance_mode_status
2022-09-20 16:38:53.750994+00:00 [info] <0.222.0> Feature flags:   [ ] quorum_queue
2022-09-20 16:38:53.751039+00:00 [info] <0.222.0> Feature flags:   [ ] stream_queue
2022-09-20 16:38:53.751093+00:00 [info] <0.222.0> Feature flags:   [ ] user_limits
2022-09-20 16:38:53.751115+00:00 [info] <0.222.0> Feature flags:   [ ] virtual_host_metadata
2022-09-20 16:38:53.751146+00:00 [info] <0.222.0> Feature flags: feature flag states written to disk: yes
2022-09-20 16:38:53.758725+00:00 [info] <0.222.0> Feature flag `implicit_default_bindings`: supported, attempt to enable...
2022-09-20 16:38:53.758869+00:00 [info] <0.222.0> Feature flag `implicit_default_bindings`: mark as enabled=state_changing
2022-09-20 16:38:53.759890+00:00 [info] <0.222.0> Feature flags: list of feature flags found:
2022-09-20 16:38:53.759960+00:00 [info] <0.222.0> Feature flags:   [x] classic_mirrored_queue_version
2022-09-20 16:38:53.759984+00:00 [info] <0.222.0> Feature flags:   [~] implicit_default_bindings
2022-09-20 16:38:53.760001+00:00 [info] <0.222.0> Feature flags:   [ ] maintenance_mode_status
2022-09-20 16:38:53.760048+00:00 [info] <0.222.0> Feature flags:   [ ] quorum_queue
2022-09-20 16:38:53.760125+00:00 [info] <0.222.0> Feature flags:   [ ] stream_queue
2022-09-20 16:38:53.760152+00:00 [info] <0.222.0> Feature flags:   [ ] user_limits
2022-09-20 16:38:53.760173+00:00 [info] <0.222.0> Feature flags:   [ ] virtual_host_metadata
2022-09-20 16:38:53.760196+00:00 [info] <0.222.0> Feature flags: feature flag states written to disk: yes
2022-09-20 16:38:53.767750+00:00 [info] <0.222.0> Waiting for Mnesia tables for 30000 ms, 0 retries left
2022-09-20 16:38:53.767885+00:00 [info] <0.222.0> Successfully synced tables from a peer
2022-09-20 16:38:53.767964+00:00 [info] <0.222.0> Feature flag `implicit_default_bindings`: mark as enabled=true
2022-09-20 16:38:53.773728+00:00 [info] <0.222.0> Feature flags: list of feature flags found:
2022-09-20 16:38:53.773785+00:00 [info] <0.222.0> Feature flags:   [x] classic_mirrored_queue_version
2022-09-20 16:38:53.773809+00:00 [info] <0.222.0> Feature flags:   [x] implicit_default_bindings
2022-09-20 16:38:53.773824+00:00 [info] <0.222.0> Feature flags:   [ ] maintenance_mode_status
2022-09-20 16:38:53.773837+00:00 [info] <0.222.0> Feature flags:   [ ] quorum_queue
2022-09-20 16:38:53.773883+00:00 [info] <0.222.0> Feature flags:   [ ] stream_queue
2022-09-20 16:38:53.773913+00:00 [info] <0.222.0> Feature flags:   [ ] user_limits
2022-09-20 16:38:53.773929+00:00 [info] <0.222.0> Feature flags:   [ ] virtual_host_metadata
2022-09-20 16:38:53.773944+00:00 [info] <0.222.0> Feature flags: feature flag states written to disk: yes
2022-09-20 16:38:53.780184+00:00 [info] <0.222.0> Feature flag `maintenance_mode_status`: supported, attempt to enable...
2022-09-20 16:38:53.780285+00:00 [info] <0.222.0> Feature flag `maintenance_mode_status`: mark as enabled=state_changing
2022-09-20 16:38:53.780989+00:00 [info] <0.222.0> Feature flags: list of feature flags found:
2022-09-20 16:38:53.781075+00:00 [info] <0.222.0> Feature flags:   [x] classic_mirrored_queue_version
2022-09-20 16:38:53.781099+00:00 [info] <0.222.0> Feature flags:   [x] implicit_default_bindings
2022-09-20 16:38:53.781113+00:00 [info] <0.222.0> Feature flags:   [~] maintenance_mode_status
2022-09-20 16:38:53.781125+00:00 [info] <0.222.0> Feature flags:   [ ] quorum_queue
2022-09-20 16:38:53.781196+00:00 [info] <0.222.0> Feature flags:   [ ] stream_queue
2022-09-20 16:38:53.781227+00:00 [info] <0.222.0> Feature flags:   [ ] user_limits
2022-09-20 16:38:53.781239+00:00 [info] <0.222.0> Feature flags:   [ ] virtual_host_metadata
2022-09-20 16:38:53.781294+00:00 [info] <0.222.0> Feature flags: feature flag states written to disk: yes
2022-09-20 16:38:53.786949+00:00 [info] <0.222.0> Creating table rabbit_node_maintenance_states for feature flag `maintenance_mode_status`
2022-09-20 16:38:53.794318+00:00 [info] <0.222.0> Feature flag `maintenance_mode_status`: mark as enabled=true
2022-09-20 16:38:53.799787+00:00 [info] <0.222.0> Feature flags: list of feature flags found:
2022-09-20 16:38:53.799845+00:00 [info] <0.222.0> Feature flags:   [x] classic_mirrored_queue_version
2022-09-20 16:38:53.799869+00:00 [info] <0.222.0> Feature flags:   [x] implicit_default_bindings
2022-09-20 16:38:53.799884+00:00 [info] <0.222.0> Feature flags:   [x] maintenance_mode_status
2022-09-20 16:38:53.799895+00:00 [info] <0.222.0> Feature flags:   [ ] quorum_queue
2022-09-20 16:38:53.799923+00:00 [info] <0.222.0> Feature flags:   [ ] stream_queue
2022-09-20 16:38:53.799951+00:00 [info] <0.222.0> Feature flags:   [ ] user_limits
2022-09-20 16:38:53.799978+00:00 [info] <0.222.0> Feature flags:   [ ] virtual_host_metadata
2022-09-20 16:38:53.799994+00:00 [info] <0.222.0> Feature flags: feature flag states written to disk: yes
2022-09-20 16:38:53.807124+00:00 [info] <0.222.0> Feature flag `quorum_queue`: supported, attempt to enable...
2022-09-20 16:38:53.807233+00:00 [info] <0.222.0> Feature flag `quorum_queue`: mark as enabled=state_changing
2022-09-20 16:38:53.807944+00:00 [info] <0.222.0> Feature flags: list of feature flags found:
2022-09-20 16:38:53.807990+00:00 [info] <0.222.0> Feature flags:   [x] classic_mirrored_queue_version
2022-09-20 16:38:53.808012+00:00 [info] <0.222.0> Feature flags:   [x] implicit_default_bindings
2022-09-20 16:38:53.808024+00:00 [info] <0.222.0> Feature flags:   [x] maintenance_mode_status
2022-09-20 16:38:53.808096+00:00 [info] <0.222.0> Feature flags:   [~] quorum_queue
2022-09-20 16:38:53.808185+00:00 [info] <0.222.0> Feature flags:   [ ] stream_queue
2022-09-20 16:38:53.808209+00:00 [info] <0.222.0> Feature flags:   [ ] user_limits
2022-09-20 16:38:53.808251+00:00 [info] <0.222.0> Feature flags:   [ ] virtual_host_metadata
2022-09-20 16:38:53.808286+00:00 [info] <0.222.0> Feature flags: feature flag states written to disk: yes
2022-09-20 16:38:53.814151+00:00 [info] <0.222.0> Waiting for Mnesia tables for 30000 ms, 9 retries left
2022-09-20 16:38:53.814290+00:00 [info] <0.222.0> Successfully synced tables from a peer
2022-09-20 16:38:53.814333+00:00 [info] <0.222.0> Feature flag `quorum_queue`:   migrating Mnesia table rabbit_queue...
2022-09-20 16:38:53.851747+00:00 [info] <0.222.0> Feature flag `quorum_queue`:   migrating Mnesia table rabbit_durable_queue...
2022-09-20 16:38:53.887433+00:00 [info] <0.222.0> Feature flag `quorum_queue`:   Mnesia tables migration done
2022-09-20 16:38:53.887520+00:00 [info] <0.222.0> Feature flag `quorum_queue`: mark as enabled=true
2022-09-20 16:38:53.891189+00:00 [info] <0.222.0> Feature flags: list of feature flags found:
2022-09-20 16:38:53.891256+00:00 [info] <0.222.0> Feature flags:   [x] classic_mirrored_queue_version
2022-09-20 16:38:53.891279+00:00 [info] <0.222.0> Feature flags:   [x] implicit_default_bindings
2022-09-20 16:38:53.891295+00:00 [info] <0.222.0> Feature flags:   [x] maintenance_mode_status
2022-09-20 16:38:53.891307+00:00 [info] <0.222.0> Feature flags:   [x] quorum_queue
2022-09-20 16:38:53.891318+00:00 [info] <0.222.0> Feature flags:   [ ] stream_queue
2022-09-20 16:38:53.891330+00:00 [info] <0.222.0> Feature flags:   [ ] user_limits
2022-09-20 16:38:53.891362+00:00 [info] <0.222.0> Feature flags:   [ ] virtual_host_metadata
2022-09-20 16:38:53.891396+00:00 [info] <0.222.0> Feature flags: feature flag states written to disk: yes
2022-09-20 16:38:53.897637+00:00 [info] <0.222.0> Feature flag `stream_queue`: supported, attempt to enable...
2022-09-20 16:38:53.897735+00:00 [info] <0.222.0> Feature flag `stream_queue`: mark as enabled=state_changing
2022-09-20 16:38:53.898413+00:00 [info] <0.222.0> Feature flags: list of feature flags found:
2022-09-20 16:38:53.898451+00:00 [info] <0.222.0> Feature flags:   [x] classic_mirrored_queue_version
2022-09-20 16:38:53.898529+00:00 [info] <0.222.0> Feature flags:   [x] implicit_default_bindings
2022-09-20 16:38:53.898547+00:00 [info] <0.222.0> Feature flags:   [x] maintenance_mode_status
2022-09-20 16:38:53.898559+00:00 [info] <0.222.0> Feature flags:   [x] quorum_queue
2022-09-20 16:38:53.898635+00:00 [info] <0.222.0> Feature flags:   [~] stream_queue
2022-09-20 16:38:53.898653+00:00 [info] <0.222.0> Feature flags:   [ ] user_limits
2022-09-20 16:38:53.898664+00:00 [info] <0.222.0> Feature flags:   [ ] virtual_host_metadata
2022-09-20 16:38:53.898675+00:00 [info] <0.222.0> Feature flags: feature flag states written to disk: yes
2022-09-20 16:38:53.905816+00:00 [info] <0.222.0> Feature flag `stream_queue`: mark as enabled=true
2022-09-20 16:38:53.909722+00:00 [info] <0.222.0> Feature flags: list of feature flags found:
2022-09-20 16:38:53.909780+00:00 [info] <0.222.0> Feature flags:   [x] classic_mirrored_queue_version
2022-09-20 16:38:53.909803+00:00 [info] <0.222.0> Feature flags:   [x] implicit_default_bindings
2022-09-20 16:38:53.909819+00:00 [info] <0.222.0> Feature flags:   [x] maintenance_mode_status
2022-09-20 16:38:53.909830+00:00 [info] <0.222.0> Feature flags:   [x] quorum_queue
2022-09-20 16:38:53.909877+00:00 [info] <0.222.0> Feature flags:   [x] stream_queue
2022-09-20 16:38:53.909909+00:00 [info] <0.222.0> Feature flags:   [ ] user_limits
2022-09-20 16:38:53.909937+00:00 [info] <0.222.0> Feature flags:   [ ] virtual_host_metadata
2022-09-20 16:38:53.909964+00:00 [info] <0.222.0> Feature flags: feature flag states written to disk: yes
2022-09-20 16:38:53.916580+00:00 [info] <0.222.0> Feature flag `user_limits`: supported, attempt to enable...
2022-09-20 16:38:53.916720+00:00 [info] <0.222.0> Feature flag `user_limits`: mark as enabled=state_changing
2022-09-20 16:38:53.917448+00:00 [info] <0.222.0> Feature flags: list of feature flags found:
2022-09-20 16:38:53.917509+00:00 [info] <0.222.0> Feature flags:   [x] classic_mirrored_queue_version
2022-09-20 16:38:53.917552+00:00 [info] <0.222.0> Feature flags:   [x] implicit_default_bindings
2022-09-20 16:38:53.917592+00:00 [info] <0.222.0> Feature flags:   [x] maintenance_mode_status
2022-09-20 16:38:53.917613+00:00 [info] <0.222.0> Feature flags:   [x] quorum_queue
2022-09-20 16:38:53.917659+00:00 [info] <0.222.0> Feature flags:   [x] stream_queue
2022-09-20 16:38:53.917706+00:00 [info] <0.222.0> Feature flags:   [~] user_limits
2022-09-20 16:38:53.917745+00:00 [info] <0.222.0> Feature flags:   [ ] virtual_host_metadata
2022-09-20 16:38:53.917789+00:00 [info] <0.222.0> Feature flags: feature flag states written to disk: yes
2022-09-20 16:38:53.923829+00:00 [info] <0.222.0> Waiting for Mnesia tables for 30000 ms, 9 retries left
2022-09-20 16:38:53.923955+00:00 [info] <0.222.0> Successfully synced tables from a peer
2022-09-20 16:38:53.960122+00:00 [info] <0.222.0> Feature flag `user_limits`: mark as enabled=true
2022-09-20 16:38:53.964479+00:00 [info] <0.222.0> Feature flags: list of feature flags found:
2022-09-20 16:38:53.964548+00:00 [info] <0.222.0> Feature flags:   [x] classic_mirrored_queue_version
2022-09-20 16:38:53.964572+00:00 [info] <0.222.0> Feature flags:   [x] implicit_default_bindings
2022-09-20 16:38:53.964592+00:00 [info] <0.222.0> Feature flags:   [x] maintenance_mode_status
2022-09-20 16:38:53.964618+00:00 [info] <0.222.0> Feature flags:   [x] quorum_queue
2022-09-20 16:38:53.964660+00:00 [info] <0.222.0> Feature flags:   [x] stream_queue
2022-09-20 16:38:53.964690+00:00 [info] <0.222.0> Feature flags:   [x] user_limits
2022-09-20 16:38:53.964708+00:00 [info] <0.222.0> Feature flags:   [ ] virtual_host_metadata
2022-09-20 16:38:53.964731+00:00 [info] <0.222.0> Feature flags: feature flag states written to disk: yes
2022-09-20 16:38:53.971731+00:00 [info] <0.222.0> Feature flag `virtual_host_metadata`: supported, attempt to enable...
2022-09-20 16:38:53.971834+00:00 [info] <0.222.0> Feature flag `virtual_host_metadata`: mark as enabled=state_changing
2022-09-20 16:38:53.972517+00:00 [info] <0.222.0> Feature flags: list of feature flags found:
2022-09-20 16:38:53.972569+00:00 [info] <0.222.0> Feature flags:   [x] classic_mirrored_queue_version
2022-09-20 16:38:53.972592+00:00 [info] <0.222.0> Feature flags:   [x] implicit_default_bindings
2022-09-20 16:38:53.972608+00:00 [info] <0.222.0> Feature flags:   [x] maintenance_mode_status
2022-09-20 16:38:53.972636+00:00 [info] <0.222.0> Feature flags:   [x] quorum_queue
2022-09-20 16:38:53.972693+00:00 [info] <0.222.0> Feature flags:   [x] stream_queue
2022-09-20 16:38:53.972711+00:00 [info] <0.222.0> Feature flags:   [x] user_limits
2022-09-20 16:38:53.972726+00:00 [info] <0.222.0> Feature flags:   [~] virtual_host_metadata
2022-09-20 16:38:53.972749+00:00 [info] <0.222.0> Feature flags: feature flag states written to disk: yes
2022-09-20 16:38:53.978084+00:00 [info] <0.222.0> Waiting for Mnesia tables for 30000 ms, 9 retries left
2022-09-20 16:38:53.978199+00:00 [info] <0.222.0> Successfully synced tables from a peer
2022-09-20 16:38:54.012494+00:00 [info] <0.222.0> Feature flag `virtual_host_metadata`: mark as enabled=true
2022-09-20 16:38:54.016413+00:00 [info] <0.222.0> Feature flags: list of feature flags found:
2022-09-20 16:38:54.016485+00:00 [info] <0.222.0> Feature flags:   [x] classic_mirrored_queue_version
2022-09-20 16:38:54.016509+00:00 [info] <0.222.0> Feature flags:   [x] implicit_default_bindings
2022-09-20 16:38:54.016525+00:00 [info] <0.222.0> Feature flags:   [x] maintenance_mode_status
2022-09-20 16:38:54.016537+00:00 [info] <0.222.0> Feature flags:   [x] quorum_queue
2022-09-20 16:38:54.016595+00:00 [info] <0.222.0> Feature flags:   [x] stream_queue
2022-09-20 16:38:54.016617+00:00 [info] <0.222.0> Feature flags:   [x] user_limits
2022-09-20 16:38:54.016642+00:00 [info] <0.222.0> Feature flags:   [x] virtual_host_metadata
2022-09-20 16:38:54.016659+00:00 [info] <0.222.0> Feature flags: feature flag states written to disk: yes
2022-09-20 16:38:54.021786+00:00 [info] <0.222.0> Waiting for Mnesia tables for 30000 ms, 9 retries left
2022-09-20 16:38:54.021952+00:00 [info] <0.222.0> Successfully synced tables from a peer
2022-09-20 16:38:54.037548+00:00 [info] <0.222.0> Waiting for Mnesia tables for 30000 ms, 9 retries left
2022-09-20 16:38:54.037682+00:00 [info] <0.222.0> Successfully synced tables from a peer
2022-09-20 16:38:54.037734+00:00 [info] <0.222.0> Peer discovery backend rabbit_peer_discovery_classic_config does not support registration, skipping registration.
2022-09-20 16:38:54.037780+00:00 [info] <0.222.0> Will try to unlock with peer discovery backend rabbit_peer_discovery_classic_config
2022-09-20 16:38:54.037902+00:00 [info] <0.222.0> Running boot step database_sync defined by app rabbit
2022-09-20 16:38:54.038052+00:00 [info] <0.222.0> Running boot step feature_flags defined by app rabbit
2022-09-20 16:38:54.039463+00:00 [info] <0.222.0> Running boot step codec_correctness_check defined by app rabbit
2022-09-20 16:38:54.039518+00:00 [info] <0.222.0> Running boot step external_infrastructure defined by app rabbit
2022-09-20 16:38:54.039539+00:00 [info] <0.222.0> Running boot step rabbit_event defined by app rabbit
2022-09-20 16:38:54.039637+00:00 [info] <0.222.0> Running boot step rabbit_registry defined by app rabbit
2022-09-20 16:38:54.039695+00:00 [info] <0.222.0> Running boot step rabbit_auth_mechanism_amqplain defined by app rabbit
2022-09-20 16:38:54.039755+00:00 [info] <0.222.0> Running boot step rabbit_auth_mechanism_cr_demo defined by app rabbit
2022-09-20 16:38:54.039805+00:00 [info] <0.222.0> Running boot step rabbit_auth_mechanism_plain defined by app rabbit
2022-09-20 16:38:54.039837+00:00 [info] <0.222.0> Running boot step rabbit_exchange_type_direct defined by app rabbit
2022-09-20 16:38:54.039862+00:00 [info] <0.222.0> Running boot step rabbit_exchange_type_fanout defined by app rabbit
2022-09-20 16:38:54.039900+00:00 [info] <0.222.0> Running boot step rabbit_exchange_type_headers defined by app rabbit
2022-09-20 16:38:54.039946+00:00 [info] <0.222.0> Running boot step rabbit_exchange_type_topic defined by app rabbit
2022-09-20 16:38:54.039977+00:00 [info] <0.222.0> Running boot step rabbit_mirror_queue_mode_all defined by app rabbit
2022-09-20 16:38:54.040000+00:00 [info] <0.222.0> Running boot step rabbit_mirror_queue_mode_exactly defined by app rabbit
2022-09-20 16:38:54.040028+00:00 [info] <0.222.0> Running boot step rabbit_mirror_queue_mode_nodes defined by app rabbit
2022-09-20 16:38:54.040072+00:00 [info] <0.222.0> Running boot step rabbit_priority_queue defined by app rabbit
2022-09-20 16:38:54.040093+00:00 [info] <0.222.0> Priority queues enabled, real BQ is rabbit_variable_queue
2022-09-20 16:38:54.040135+00:00 [info] <0.222.0> Running boot step rabbit_queue_location_client_local defined by app rabbit
2022-09-20 16:38:54.040168+00:00 [info] <0.222.0> Running boot step rabbit_queue_location_min_masters defined by app rabbit
2022-09-20 16:38:54.040222+00:00 [info] <0.222.0> Running boot step rabbit_queue_location_random defined by app rabbit
2022-09-20 16:38:54.040346+00:00 [info] <0.222.0> Running boot step kernel_ready defined by app rabbit
2022-09-20 16:38:54.040387+00:00 [info] <0.222.0> Running boot step rabbit_sysmon_minder defined by app rabbit
2022-09-20 16:38:54.040526+00:00 [info] <0.222.0> Running boot step rabbit_epmd_monitor defined by app rabbit
2022-09-20 16:38:54.041177+00:00 [info] <0.566.0> epmd monitor knows us, inter-node communication (distribution) port: 25672
2022-09-20 16:38:54.041279+00:00 [info] <0.222.0> Running boot step guid_generator defined by app rabbit
2022-09-20 16:38:54.045861+00:00 [info] <0.222.0> Running boot step rabbit_node_monitor defined by app rabbit
2022-09-20 16:38:54.046070+00:00 [info] <0.570.0> Starting rabbit_node_monitor
2022-09-20 16:38:54.046178+00:00 [info] <0.222.0> Running boot step delegate_sup defined by app rabbit
2022-09-20 16:38:54.046649+00:00 [info] <0.222.0> Running boot step rabbit_memory_monitor defined by app rabbit
2022-09-20 16:38:54.046822+00:00 [info] <0.222.0> Running boot step rabbit_fifo_dlx_sup defined by app rabbit
2022-09-20 16:38:54.046882+00:00 [info] <0.222.0> Running boot step core_initialized defined by app rabbit
2022-09-20 16:38:54.046949+00:00 [info] <0.222.0> Running boot step upgrade_queues defined by app rabbit
2022-09-20 16:38:54.054925+00:00 [info] <0.222.0> message_store upgrades: 1 to apply
2022-09-20 16:38:54.055080+00:00 [info] <0.222.0> message_store upgrades: Applying rabbit_variable_queue:move_messages_to_vhost_store
2022-09-20 16:38:54.055245+00:00 [info] <0.222.0> message_store upgrades: No durable queues found. Skipping message store migration
2022-09-20 16:38:54.055270+00:00 [info] <0.222.0> message_store upgrades: Removing the old message store data
2022-09-20 16:38:54.056952+00:00 [info] <0.222.0> message_store upgrades: All upgrades applied successfully
2022-09-20 16:38:54.068758+00:00 [info] <0.222.0> Running boot step channel_tracking defined by app rabbit
2022-09-20 16:38:54.075685+00:00 [info] <0.222.0> Setting up a table for channel tracking on this node: tracked_channel_on_node_rabbit@4f542322b715
2022-09-20 16:38:54.082364+00:00 [info] <0.222.0> Setting up a table for channel tracking on this node: tracked_channel_table_per_user_on_node_rabbit@4f542322b715
2022-09-20 16:38:54.082716+00:00 [info] <0.222.0> Running boot step rabbit_channel_tracking_handler defined by app rabbit
2022-09-20 16:38:54.082792+00:00 [info] <0.222.0> Running boot step connection_tracking defined by app rabbit
2022-09-20 16:38:54.089903+00:00 [info] <0.222.0> Setting up a table for connection tracking on this node: tracked_connection_on_node_rabbit@4f542322b715
2022-09-20 16:38:54.096944+00:00 [info] <0.222.0> Setting up a table for per-vhost connection counting on this node: tracked_connection_per_vhost_on_node_rabbit@4f542322b715
2022-09-20 16:38:54.103523+00:00 [info] <0.222.0> Setting up a table for per-user connection counting on this node: tracked_connection_table_per_user_on_node_rabbit@4f542322b715
2022-09-20 16:38:54.103826+00:00 [info] <0.222.0> Running boot step rabbit_connection_tracking_handler defined by app rabbit
2022-09-20 16:38:54.103892+00:00 [info] <0.222.0> Running boot step rabbit_definitions_hashing defined by app rabbit
2022-09-20 16:38:54.103954+00:00 [info] <0.222.0> Running boot step rabbit_exchange_parameters defined by app rabbit
2022-09-20 16:38:54.104021+00:00 [info] <0.222.0> Running boot step rabbit_mirror_queue_misc defined by app rabbit
2022-09-20 16:38:54.104152+00:00 [info] <0.222.0> Running boot step rabbit_policies defined by app rabbit
2022-09-20 16:38:54.104395+00:00 [info] <0.222.0> Running boot step rabbit_policy defined by app rabbit
2022-09-20 16:38:54.104432+00:00 [info] <0.222.0> Running boot step rabbit_queue_location_validator defined by app rabbit
2022-09-20 16:38:54.104479+00:00 [info] <0.222.0> Running boot step rabbit_quorum_memory_manager defined by app rabbit
2022-09-20 16:38:54.104558+00:00 [info] <0.222.0> Running boot step rabbit_stream_coordinator defined by app rabbit
2022-09-20 16:38:54.104783+00:00 [info] <0.222.0> Running boot step rabbit_vhost_limit defined by app rabbit
2022-09-20 16:38:54.104846+00:00 [info] <0.222.0> Running boot step recovery defined by app rabbit
2022-09-20 16:38:54.105840+00:00 [info] <0.222.0> Running boot step empty_db_check defined by app rabbit
2022-09-20 16:38:54.105889+00:00 [info] <0.222.0> Will seed default virtual host and user...
2022-09-20 16:38:54.105973+00:00 [info] <0.222.0> Adding vhost '/' (description: 'Default virtual host', tags: [])
2022-09-20 16:38:54.119703+00:00 [info] <0.627.0> Making sure data directory '/var/lib/rabbitmq/mnesia/rabbit@4f542322b715/msg_stores/vhosts/628WB79CIFDYO9LJI6DKMI09L' for vhost '/' exists
2022-09-20 16:38:54.126256+00:00 [info] <0.627.0> Setting segment_entry_count for vhost '/' with 0 queues to '2048'
2022-09-20 16:38:54.133124+00:00 [info] <0.627.0> Starting message stores for vhost '/'
2022-09-20 16:38:54.133380+00:00 [info] <0.632.0> Message store "628WB79CIFDYO9LJI6DKMI09L/msg_store_transient": using rabbit_msg_store_ets_index to provide index
2022-09-20 16:38:54.149140+00:00 [info] <0.627.0> Started message store of type transient for vhost '/'
2022-09-20 16:38:54.149336+00:00 [info] <0.636.0> Message store "628WB79CIFDYO9LJI6DKMI09L/msg_store_persistent": using rabbit_msg_store_ets_index to provide index
2022-09-20 16:38:54.152612+00:00 [warning] <0.636.0> Message store "628WB79CIFDYO9LJI6DKMI09L/msg_store_persistent": rebuilding indices from scratch
2022-09-20 16:38:54.155789+00:00 [info] <0.627.0> Started message store of type persistent for vhost '/'
2022-09-20 16:38:54.155934+00:00 [info] <0.627.0> Recovering 0 queues of type rabbit_classic_queue took 27ms
2022-09-20 16:38:54.155983+00:00 [info] <0.627.0> Recovering 0 queues of type rabbit_quorum_queue took 0ms
2022-09-20 16:38:54.156009+00:00 [info] <0.627.0> Recovering 0 queues of type rabbit_stream_queue took 0ms
2022-09-20 16:38:54.159094+00:00 [info] <0.222.0> Created user 'guest'
2022-09-20 16:38:54.160691+00:00 [info] <0.222.0> Successfully set user tags for user 'guest' to [administrator]
2022-09-20 16:38:54.162262+00:00 [info] <0.222.0> Successfully set permissions for 'guest' in virtual host '/' to '.*', '.*', '.*'
2022-09-20 16:38:54.162300+00:00 [info] <0.222.0> Running boot step rabbit_looking_glass defined by app rabbit
2022-09-20 16:38:54.162323+00:00 [info] <0.222.0> Running boot step rabbit_core_metrics_gc defined by app rabbit
2022-09-20 16:38:54.162429+00:00 [info] <0.222.0> Running boot step background_gc defined by app rabbit
2022-09-20 16:38:54.162538+00:00 [info] <0.222.0> Running boot step routing_ready defined by app rabbit
2022-09-20 16:38:54.162577+00:00 [info] <0.222.0> Running boot step pre_flight defined by app rabbit
2022-09-20 16:38:54.162595+00:00 [info] <0.222.0> Running boot step notify_cluster defined by app rabbit
2022-09-20 16:38:54.162618+00:00 [info] <0.222.0> Running boot step networking defined by app rabbit
2022-09-20 16:38:54.162675+00:00 [info] <0.222.0> Running boot step definition_import_worker_pool defined by app rabbit
2022-09-20 16:38:54.162719+00:00 [info] <0.280.0> Starting worker pool 'definition_import_pool' with 16 processes in it
2022-09-20 16:38:54.163377+00:00 [info] <0.222.0> Running boot step cluster_name defined by app rabbit
2022-09-20 16:38:54.163458+00:00 [info] <0.222.0> Initialising internal cluster ID to 'rabbitmq-cluster-id-1hk3nEzssWuySCs4q4cq9w'
2022-09-20 16:38:54.165109+00:00 [info] <0.222.0> Running boot step direct_client defined by app rabbit
2022-09-20 16:38:54.165192+00:00 [info] <0.222.0> Running boot step rabbit_maintenance_mode_state defined by app rabbit
2022-09-20 16:38:54.165231+00:00 [info] <0.222.0> Creating table rabbit_node_maintenance_states for feature flag `maintenance_mode_status`
2022-09-20 16:38:54.165446+00:00 [info] <0.682.0> Resetting node maintenance status
2022-09-20 16:38:54.165536+00:00 [info] <0.682.0> Ready to start client connection listeners
2022-09-20 16:38:54.167092+00:00 [info] <0.700.0> started TCP listener on [::]:5672
2022-09-20 16:38:54.227959+00:00 [info] <0.682.0> Server startup complete; 0 plugins started.
2022-09-20 16:39:38.708866+00:00 [info] <0.707.0> accepting AMQP connection <0.707.0> (172.20.0.1:38692 -> 172.20.0.4:5672)
2022-09-20 16:39:38.709034+00:00 [error] <0.707.0> closing AMQP connection <0.707.0> (172.20.0.1:38692 -> 172.20.0.4:5672):
2022-09-20 16:39:38.709034+00:00 [error] <0.707.0> {bad_header,<<"GET / HT">>}
2022-09-20 16:39:41.166525+00:00 [info] <0.713.0> accepting AMQP connection <0.713.0> (172.20.0.1:38694 -> 172.20.0.4:5672)
2022-09-20 16:39:41.166736+00:00 [error] <0.713.0> closing AMQP connection <0.713.0> (172.20.0.1:38694 -> 172.20.0.4:5672):
2022-09-20 16:39:41.166736+00:00 [error] <0.713.0> {bad_header,<<"GET / HT">>}
2022-09-20 16:39:41.671807+00:00 [info] <0.716.0> accepting AMQP connection <0.716.0> (172.20.0.1:38698 -> 172.20.0.4:5672)
2022-09-20 16:39:41.671932+00:00 [error] <0.716.0> closing AMQP connection <0.716.0> (172.20.0.1:38698 -> 172.20.0.4:5672):
2022-09-20 16:39:41.671932+00:00 [error] <0.716.0> {bad_header,<<"GET / HT">>}
2022-09-20 16:39:41.857838+00:00 [info] <0.721.0> accepting AMQP connection <0.721.0> (172.20.0.1:38702 -> 172.20.0.4:5672)
2022-09-20 16:39:41.858001+00:00 [error] <0.721.0> closing AMQP connection <0.721.0> (172.20.0.1:38702 -> 172.20.0.4:5672):
2022-09-20 16:39:41.858001+00:00 [error] <0.721.0> {bad_header,<<"GET / HT">>}
2022-09-20 16:39:42.010879+00:00 [info] <0.726.0> accepting AMQP connection <0.726.0> (172.20.0.1:38706 -> 172.20.0.4:5672)
2022-09-20 16:39:42.011029+00:00 [error] <0.726.0> closing AMQP connection <0.726.0> (172.20.0.1:38706 -> 172.20.0.4:5672):
2022-09-20 16:39:42.011029+00:00 [error] <0.726.0> {bad_header,<<"GET / HT">>}
2022-09-20 16:39:42.185053+00:00 [info] <0.731.0> accepting AMQP connection <0.731.0> (172.20.0.1:38710 -> 172.20.0.4:5672)
2022-09-20 16:39:42.185238+00:00 [error] <0.731.0> closing AMQP connection <0.731.0> (172.20.0.1:38710 -> 172.20.0.4:5672):
2022-09-20 16:39:42.185238+00:00 [error] <0.731.0> {bad_header,<<"GET / HT">>}
2022-09-20 16:39:42.357037+00:00 [info] <0.736.0> accepting AMQP connection <0.736.0> (172.20.0.1:38714 -> 172.20.0.4:5672)
2022-09-20 16:39:42.357181+00:00 [error] <0.736.0> closing AMQP connection <0.736.0> (172.20.0.1:38714 -> 172.20.0.4:5672):
2022-09-20 16:39:42.357181+00:00 [error] <0.736.0> {bad_header,<<"GET / HT">>}
2022-09-20 16:40:49.266997+00:00 [info] <0.758.0> accepting AMQP connection <0.758.0> (172.20.0.1:38738 -> 172.20.0.4:5672)
2022-09-20 16:40:49.267173+00:00 [error] <0.758.0> closing AMQP connection <0.758.0> (172.20.0.1:38738 -> 172.20.0.4:5672):
2022-09-20 16:40:49.267173+00:00 [error] <0.758.0> {bad_header,<<"GET / HT">>}
2022-09-20 16:40:50.306727+00:00 [info] <0.755.0> accepting AMQP connection <0.755.0> (172.20.0.1:38736 -> 172.20.0.4:5672)
2022-09-20 16:40:50.306975+00:00 [error] <0.755.0> closing AMQP connection <0.755.0> (172.20.0.1:38736 -> 172.20.0.4:5672):
2022-09-20 16:40:50.306975+00:00 [error] <0.755.0> {bad_header,<<"GET / HT">>}
2022-09-20 16:40:55.336732+00:00 [info] <0.764.0> accepting AMQP connection <0.764.0> (172.20.0.1:38742 -> 172.20.0.4:5672)
2022-09-20 16:40:55.336882+00:00 [error] <0.764.0> closing AMQP connection <0.764.0> (172.20.0.1:38742 -> 172.20.0.4:5672):
2022-09-20 16:40:55.336882+00:00 [error] <0.764.0> {bad_header,<<"GET / HT">>}
2022-09-20 16:40:56.845158+00:00 [info] <0.770.0> accepting AMQP connection <0.770.0> (172.20.0.1:38750 -> 172.20.0.4:5672)
2022-09-20 16:40:56.845408+00:00 [error] <0.770.0> closing AMQP connection <0.770.0> (172.20.0.1:38750 -> 172.20.0.4:5672):
2022-09-20 16:40:56.845408+00:00 [error] <0.770.0> {bad_header,<<"GET / HT">>}
2022-09-20 16:41:06.842277+00:00 [info] <0.775.0> accepting AMQP connection <0.775.0> (172.20.0.1:38754 -> 172.20.0.4:5672)
2022-09-20 16:41:06.842460+00:00 [error] <0.775.0> closing AMQP connection <0.775.0> (172.20.0.1:38754 -> 172.20.0.4:5672):
2022-09-20 16:41:06.842460+00:00 [error] <0.775.0> {handshake_timeout,handshake}
2022-09-20 16:41:40.776928+00:00 [notice] <0.60.0> SIGTERM received - shutting down
2022-09-20 16:41:40.776928+00:00 [notice] <0.60.0> 
2022-09-20 16:41:40.778927+00:00 [info] <0.222.0> Peer discovery backend rabbit_peer_discovery_classic_config does not support registration, skipping unregistration.
2022-09-20 16:41:40.779195+00:00 [info] <0.700.0> stopped TCP listener on [::]:5672
2022-09-20 16:41:40.781618+00:00 [info] <0.784.0> Closing all connections in vhost '/' on node 'rabbit@4f542322b715' because the vhost is stopping
2022-09-20 16:41:40.781752+00:00 [info] <0.636.0> Stopping message store for directory '/var/lib/rabbitmq/mnesia/rabbit@4f542322b715/msg_stores/vhosts/628WB79CIFDYO9LJI6DKMI09L/msg_store_persistent'
2022-09-20 16:41:40.807250+00:00 [info] <0.636.0> Message store for directory '/var/lib/rabbitmq/mnesia/rabbit@4f542322b715/msg_stores/vhosts/628WB79CIFDYO9LJI6DKMI09L/msg_store_persistent' is stopped
2022-09-20 16:41:40.807540+00:00 [info] <0.632.0> Stopping message store for directory '/var/lib/rabbitmq/mnesia/rabbit@4f542322b715/msg_stores/vhosts/628WB79CIFDYO9LJI6DKMI09L/msg_store_transient'
2022-09-20 16:41:40.836836+00:00 [info] <0.632.0> Message store for directory '/var/lib/rabbitmq/mnesia/rabbit@4f542322b715/msg_stores/vhosts/628WB79CIFDYO9LJI6DKMI09L/msg_store_transient' is stopped
