2022-09-20 16:34:57.641308+00:00 [notice] <0.222.0> Logging: configured log handlers are now ACTIVE
2022-09-20 16:34:57.816374+00:00 [info] <0.222.0> ra: starting system quorum_queues
2022-09-20 16:34:57.816484+00:00 [info] <0.222.0> starting Ra system: quorum_queues in directory: /var/lib/rabbitmq/mnesia/rabbit@78dae50fd862/quorum/rabbit@78dae50fd862
2022-09-20 16:34:57.875418+00:00 [info] <0.259.0> ra system 'quorum_queues' running pre init for 0 registered servers
2022-09-20 16:34:57.885379+00:00 [info] <0.260.0> ra: meta data store initialised for system quorum_queues. 0 record(s) recovered
2022-09-20 16:34:57.894951+00:00 [notice] <0.265.0> WAL: ra_log_wal init, open tbls: ra_log_open_mem_tables, closed tbls: ra_log_closed_mem_tables
2022-09-20 16:34:57.905422+00:00 [info] <0.222.0> ra: starting system coordination
2022-09-20 16:34:57.905502+00:00 [info] <0.222.0> starting Ra system: coordination in directory: /var/lib/rabbitmq/mnesia/rabbit@78dae50fd862/coordination/rabbit@78dae50fd862
2022-09-20 16:34:57.913085+00:00 [info] <0.272.0> ra system 'coordination' running pre init for 0 registered servers
2022-09-20 16:34:57.915640+00:00 [info] <0.273.0> ra: meta data store initialised for system coordination. 0 record(s) recovered
2022-09-20 16:34:57.915800+00:00 [notice] <0.278.0> WAL: ra_coordination_log_wal init, open tbls: ra_coordination_log_open_mem_tables, closed tbls: ra_coordination_log_closed_mem_tables
2022-09-20 16:34:57.923129+00:00 [info] <0.222.0> 
2022-09-20 16:34:57.923129+00:00 [info] <0.222.0>  Starting RabbitMQ 3.10.7 on Erlang 25.0.4 [jit]
2022-09-20 16:34:57.923129+00:00 [info] <0.222.0>  Copyright (c) 2007-2022 VMware, Inc. or its affiliates.
2022-09-20 16:34:57.923129+00:00 [info] <0.222.0>  Licensed under the MPL 2.0. Website: https://rabbitmq.com
2022-09-20 16:34:57.924277+00:00 [info] <0.222.0> 
2022-09-20 16:34:57.924277+00:00 [info] <0.222.0>  node           : rabbit@78dae50fd862
2022-09-20 16:34:57.924277+00:00 [info] <0.222.0>  home dir       : /var/lib/rabbitmq
2022-09-20 16:34:57.924277+00:00 [info] <0.222.0>  config file(s) : (none)
2022-09-20 16:34:57.924277+00:00 [info] <0.222.0>  cookie hash    : J1A9fYYGn7KbOCswpFqaKA==
2022-09-20 16:34:57.924277+00:00 [info] <0.222.0>  log(s)         : /var/log/rabbitmq/rabbit@78dae50fd862.log
2022-09-20 16:34:57.924277+00:00 [info] <0.222.0>                 : /var/log/rabbitmq/rabbit@78dae50fd862_upgrade.log
2022-09-20 16:34:57.924277+00:00 [info] <0.222.0>                 : <stdout>
2022-09-20 16:34:57.924277+00:00 [info] <0.222.0>  database dir   : /var/lib/rabbitmq/mnesia/rabbit@78dae50fd862
2022-09-20 16:34:59.969196+00:00 [info] <0.222.0> Running boot step pre_boot defined by app rabbit
2022-09-20 16:34:59.969338+00:00 [info] <0.222.0> Running boot step rabbit_global_counters defined by app rabbit
2022-09-20 16:34:59.969713+00:00 [info] <0.222.0> Running boot step rabbit_osiris_metrics defined by app rabbit
2022-09-20 16:34:59.969873+00:00 [info] <0.222.0> Running boot step rabbit_core_metrics defined by app rabbit
2022-09-20 16:34:59.971195+00:00 [info] <0.222.0> Running boot step rabbit_alarm defined by app rabbit
2022-09-20 16:34:59.973814+00:00 [info] <0.288.0> Memory high watermark set to 3057 MiB (3205649203 bytes) of 7642 MiB (8014123008 bytes) total
2022-09-20 16:34:59.977842+00:00 [info] <0.290.0> Enabling free disk space monitoring
2022-09-20 16:34:59.977898+00:00 [info] <0.290.0> Disk free limit set to 50MB
2022-09-20 16:34:59.982046+00:00 [info] <0.222.0> Running boot step code_server_cache defined by app rabbit
2022-09-20 16:34:59.982216+00:00 [info] <0.222.0> Running boot step file_handle_cache defined by app rabbit
2022-09-20 16:34:59.982425+00:00 [info] <0.295.0> Limiting to approx 1048479 file handles (943629 sockets)
2022-09-20 16:34:59.982527+00:00 [info] <0.296.0> FHC read buffering: OFF
2022-09-20 16:34:59.982575+00:00 [info] <0.296.0> FHC write buffering: ON
2022-09-20 16:34:59.982920+00:00 [info] <0.222.0> Running boot step worker_pool defined by app rabbit
2022-09-20 16:34:59.983002+00:00 [info] <0.280.0> Will use 16 processes for default worker pool
2022-09-20 16:34:59.983045+00:00 [info] <0.280.0> Starting worker pool 'worker_pool' with 16 processes in it
2022-09-20 16:34:59.983863+00:00 [info] <0.222.0> Running boot step database defined by app rabbit
2022-09-20 16:34:59.985150+00:00 [info] <0.222.0> Node database directory at /var/lib/rabbitmq/mnesia/rabbit@78dae50fd862 is empty. Assuming we need to join an existing cluster or initialise from scratch...
2022-09-20 16:34:59.985210+00:00 [info] <0.222.0> Configured peer discovery backend: rabbit_peer_discovery_classic_config
2022-09-20 16:34:59.985238+00:00 [info] <0.222.0> Will try to lock with peer discovery backend rabbit_peer_discovery_classic_config
2022-09-20 16:34:59.985328+00:00 [info] <0.222.0> All discovered existing cluster peers:
2022-09-20 16:34:59.985399+00:00 [info] <0.222.0> Discovered no peer nodes to cluster with. Some discovery backends can filter nodes out based on a readiness criteria. Enabling debug logging might help troubleshoot.
2022-09-20 16:34:59.989010+00:00 [notice] <0.44.0> Application mnesia exited with reason: stopped
2022-09-20 16:35:00.257214+00:00 [info] <0.222.0> Waiting for Mnesia tables for 30000 ms, 9 retries left
2022-09-20 16:35:00.257357+00:00 [info] <0.222.0> Successfully synced tables from a peer
2022-09-20 16:35:00.269386+00:00 [info] <0.222.0> Waiting for Mnesia tables for 30000 ms, 9 retries left
2022-09-20 16:35:00.269499+00:00 [info] <0.222.0> Successfully synced tables from a peer
2022-09-20 16:35:00.269543+00:00 [info] <0.222.0> Feature flag `classic_mirrored_queue_version`: supported, attempt to enable...
2022-09-20 16:35:00.269599+00:00 [info] <0.222.0> Feature flag `classic_mirrored_queue_version`: mark as enabled=state_changing
2022-09-20 16:35:00.270355+00:00 [info] <0.222.0> Feature flags: list of feature flags found:
2022-09-20 16:35:00.270416+00:00 [info] <0.222.0> Feature flags:   [~] classic_mirrored_queue_version
2022-09-20 16:35:00.270438+00:00 [info] <0.222.0> Feature flags:   [ ] implicit_default_bindings
2022-09-20 16:35:00.270465+00:00 [info] <0.222.0> Feature flags:   [ ] maintenance_mode_status
2022-09-20 16:35:00.270497+00:00 [info] <0.222.0> Feature flags:   [ ] quorum_queue
2022-09-20 16:35:00.270559+00:00 [info] <0.222.0> Feature flags:   [ ] stream_queue
2022-09-20 16:35:00.270575+00:00 [info] <0.222.0> Feature flags:   [ ] user_limits
2022-09-20 16:35:00.270587+00:00 [info] <0.222.0> Feature flags:   [ ] virtual_host_metadata
2022-09-20 16:35:00.270618+00:00 [info] <0.222.0> Feature flags: feature flag states written to disk: yes
2022-09-20 16:35:00.276527+00:00 [info] <0.222.0> Feature flag `classic_mirrored_queue_version`: mark as enabled=true
2022-09-20 16:35:00.279194+00:00 [info] <0.222.0> Feature flags: list of feature flags found:
2022-09-20 16:35:00.279267+00:00 [info] <0.222.0> Feature flags:   [x] classic_mirrored_queue_version
2022-09-20 16:35:00.279337+00:00 [info] <0.222.0> Feature flags:   [ ] implicit_default_bindings
2022-09-20 16:35:00.279377+00:00 [info] <0.222.0> Feature flags:   [ ] maintenance_mode_status
2022-09-20 16:35:00.279409+00:00 [info] <0.222.0> Feature flags:   [ ] quorum_queue
2022-09-20 16:35:00.279462+00:00 [info] <0.222.0> Feature flags:   [ ] stream_queue
2022-09-20 16:35:00.279501+00:00 [info] <0.222.0> Feature flags:   [ ] user_limits
2022-09-20 16:35:00.279535+00:00 [info] <0.222.0> Feature flags:   [ ] virtual_host_metadata
2022-09-20 16:35:00.279569+00:00 [info] <0.222.0> Feature flags: feature flag states written to disk: yes
2022-09-20 16:35:00.286720+00:00 [info] <0.222.0> Feature flag `implicit_default_bindings`: supported, attempt to enable...
2022-09-20 16:35:00.286881+00:00 [info] <0.222.0> Feature flag `implicit_default_bindings`: mark as enabled=state_changing
2022-09-20 16:35:00.287725+00:00 [info] <0.222.0> Feature flags: list of feature flags found:
2022-09-20 16:35:00.287835+00:00 [info] <0.222.0> Feature flags:   [x] classic_mirrored_queue_version
2022-09-20 16:35:00.287864+00:00 [info] <0.222.0> Feature flags:   [~] implicit_default_bindings
2022-09-20 16:35:00.287895+00:00 [info] <0.222.0> Feature flags:   [ ] maintenance_mode_status
2022-09-20 16:35:00.287921+00:00 [info] <0.222.0> Feature flags:   [ ] quorum_queue
2022-09-20 16:35:00.288015+00:00 [info] <0.222.0> Feature flags:   [ ] stream_queue
2022-09-20 16:35:00.288030+00:00 [info] <0.222.0> Feature flags:   [ ] user_limits
2022-09-20 16:35:00.288042+00:00 [info] <0.222.0> Feature flags:   [ ] virtual_host_metadata
2022-09-20 16:35:00.288114+00:00 [info] <0.222.0> Feature flags: feature flag states written to disk: yes
2022-09-20 16:35:00.295250+00:00 [info] <0.222.0> Waiting for Mnesia tables for 30000 ms, 0 retries left
2022-09-20 16:35:00.295412+00:00 [info] <0.222.0> Successfully synced tables from a peer
2022-09-20 16:35:00.295472+00:00 [info] <0.222.0> Feature flag `implicit_default_bindings`: mark as enabled=true
2022-09-20 16:35:00.301384+00:00 [info] <0.222.0> Feature flags: list of feature flags found:
2022-09-20 16:35:00.301469+00:00 [info] <0.222.0> Feature flags:   [x] classic_mirrored_queue_version
2022-09-20 16:35:00.301502+00:00 [info] <0.222.0> Feature flags:   [x] implicit_default_bindings
2022-09-20 16:35:00.301538+00:00 [info] <0.222.0> Feature flags:   [ ] maintenance_mode_status
2022-09-20 16:35:00.301577+00:00 [info] <0.222.0> Feature flags:   [ ] quorum_queue
2022-09-20 16:35:00.301638+00:00 [info] <0.222.0> Feature flags:   [ ] stream_queue
2022-09-20 16:35:00.301663+00:00 [info] <0.222.0> Feature flags:   [ ] user_limits
2022-09-20 16:35:00.301697+00:00 [info] <0.222.0> Feature flags:   [ ] virtual_host_metadata
2022-09-20 16:35:00.301731+00:00 [info] <0.222.0> Feature flags: feature flag states written to disk: yes
2022-09-20 16:35:00.308800+00:00 [info] <0.222.0> Feature flag `maintenance_mode_status`: supported, attempt to enable...
2022-09-20 16:35:00.308912+00:00 [info] <0.222.0> Feature flag `maintenance_mode_status`: mark as enabled=state_changing
2022-09-20 16:35:00.309585+00:00 [info] <0.222.0> Feature flags: list of feature flags found:
2022-09-20 16:35:00.309648+00:00 [info] <0.222.0> Feature flags:   [x] classic_mirrored_queue_version
2022-09-20 16:35:00.309670+00:00 [info] <0.222.0> Feature flags:   [x] implicit_default_bindings
2022-09-20 16:35:00.309683+00:00 [info] <0.222.0> Feature flags:   [~] maintenance_mode_status
2022-09-20 16:35:00.309694+00:00 [info] <0.222.0> Feature flags:   [ ] quorum_queue
2022-09-20 16:35:00.309770+00:00 [info] <0.222.0> Feature flags:   [ ] stream_queue
2022-09-20 16:35:00.309796+00:00 [info] <0.222.0> Feature flags:   [ ] user_limits
2022-09-20 16:35:00.309811+00:00 [info] <0.222.0> Feature flags:   [ ] virtual_host_metadata
2022-09-20 16:35:00.309888+00:00 [info] <0.222.0> Feature flags: feature flag states written to disk: yes
2022-09-20 16:35:00.315723+00:00 [info] <0.222.0> Creating table rabbit_node_maintenance_states for feature flag `maintenance_mode_status`
2022-09-20 16:35:00.324471+00:00 [info] <0.222.0> Feature flag `maintenance_mode_status`: mark as enabled=true
2022-09-20 16:35:00.330634+00:00 [info] <0.222.0> Feature flags: list of feature flags found:
2022-09-20 16:35:00.330751+00:00 [info] <0.222.0> Feature flags:   [x] classic_mirrored_queue_version
2022-09-20 16:35:00.330784+00:00 [info] <0.222.0> Feature flags:   [x] implicit_default_bindings
2022-09-20 16:35:00.330828+00:00 [info] <0.222.0> Feature flags:   [x] maintenance_mode_status
2022-09-20 16:35:00.330857+00:00 [info] <0.222.0> Feature flags:   [ ] quorum_queue
2022-09-20 16:35:00.330903+00:00 [info] <0.222.0> Feature flags:   [ ] stream_queue
2022-09-20 16:35:00.330935+00:00 [info] <0.222.0> Feature flags:   [ ] user_limits
2022-09-20 16:35:00.330952+00:00 [info] <0.222.0> Feature flags:   [ ] virtual_host_metadata
2022-09-20 16:35:00.330965+00:00 [info] <0.222.0> Feature flags: feature flag states written to disk: yes
2022-09-20 16:35:00.337983+00:00 [info] <0.222.0> Feature flag `quorum_queue`: supported, attempt to enable...
2022-09-20 16:35:00.338113+00:00 [info] <0.222.0> Feature flag `quorum_queue`: mark as enabled=state_changing
2022-09-20 16:35:00.338794+00:00 [info] <0.222.0> Feature flags: list of feature flags found:
2022-09-20 16:35:00.338869+00:00 [info] <0.222.0> Feature flags:   [x] classic_mirrored_queue_version
2022-09-20 16:35:00.338908+00:00 [info] <0.222.0> Feature flags:   [x] implicit_default_bindings
2022-09-20 16:35:00.338932+00:00 [info] <0.222.0> Feature flags:   [x] maintenance_mode_status
2022-09-20 16:35:00.338949+00:00 [info] <0.222.0> Feature flags:   [~] quorum_queue
2022-09-20 16:35:00.339001+00:00 [info] <0.222.0> Feature flags:   [ ] stream_queue
2022-09-20 16:35:00.339023+00:00 [info] <0.222.0> Feature flags:   [ ] user_limits
2022-09-20 16:35:00.339052+00:00 [info] <0.222.0> Feature flags:   [ ] virtual_host_metadata
2022-09-20 16:35:00.339085+00:00 [info] <0.222.0> Feature flags: feature flag states written to disk: yes
2022-09-20 16:35:00.345404+00:00 [info] <0.222.0> Waiting for Mnesia tables for 30000 ms, 9 retries left
2022-09-20 16:35:00.345530+00:00 [info] <0.222.0> Successfully synced tables from a peer
2022-09-20 16:35:00.345572+00:00 [info] <0.222.0> Feature flag `quorum_queue`:   migrating Mnesia table rabbit_queue...
2022-09-20 16:35:00.394152+00:00 [info] <0.222.0> Feature flag `quorum_queue`:   migrating Mnesia table rabbit_durable_queue...
2022-09-20 16:35:00.433750+00:00 [info] <0.222.0> Feature flag `quorum_queue`:   Mnesia tables migration done
2022-09-20 16:35:00.433837+00:00 [info] <0.222.0> Feature flag `quorum_queue`: mark as enabled=true
2022-09-20 16:35:00.438685+00:00 [info] <0.222.0> Feature flags: list of feature flags found:
2022-09-20 16:35:00.438773+00:00 [info] <0.222.0> Feature flags:   [x] classic_mirrored_queue_version
2022-09-20 16:35:00.438802+00:00 [info] <0.222.0> Feature flags:   [x] implicit_default_bindings
2022-09-20 16:35:00.438850+00:00 [info] <0.222.0> Feature flags:   [x] maintenance_mode_status
2022-09-20 16:35:00.438887+00:00 [info] <0.222.0> Feature flags:   [x] quorum_queue
2022-09-20 16:35:00.438917+00:00 [info] <0.222.0> Feature flags:   [ ] stream_queue
2022-09-20 16:35:00.438952+00:00 [info] <0.222.0> Feature flags:   [ ] user_limits
2022-09-20 16:35:00.438974+00:00 [info] <0.222.0> Feature flags:   [ ] virtual_host_metadata
2022-09-20 16:35:00.438989+00:00 [info] <0.222.0> Feature flags: feature flag states written to disk: yes
2022-09-20 16:35:00.445819+00:00 [info] <0.222.0> Feature flag `stream_queue`: supported, attempt to enable...
2022-09-20 16:35:00.445954+00:00 [info] <0.222.0> Feature flag `stream_queue`: mark as enabled=state_changing
2022-09-20 16:35:00.446838+00:00 [info] <0.222.0> Feature flags: list of feature flags found:
2022-09-20 16:35:00.446896+00:00 [info] <0.222.0> Feature flags:   [x] classic_mirrored_queue_version
2022-09-20 16:35:00.446958+00:00 [info] <0.222.0> Feature flags:   [x] implicit_default_bindings
2022-09-20 16:35:00.446982+00:00 [info] <0.222.0> Feature flags:   [x] maintenance_mode_status
2022-09-20 16:35:00.447009+00:00 [info] <0.222.0> Feature flags:   [x] quorum_queue
2022-09-20 16:35:00.447028+00:00 [info] <0.222.0> Feature flags:   [~] stream_queue
2022-09-20 16:35:00.447052+00:00 [info] <0.222.0> Feature flags:   [ ] user_limits
2022-09-20 16:35:00.447068+00:00 [info] <0.222.0> Feature flags:   [ ] virtual_host_metadata
2022-09-20 16:35:00.447092+00:00 [info] <0.222.0> Feature flags: feature flag states written to disk: yes
2022-09-20 16:35:00.457171+00:00 [info] <0.222.0> Feature flag `stream_queue`: mark as enabled=true
2022-09-20 16:35:00.466231+00:00 [info] <0.222.0> Feature flags: list of feature flags found:
2022-09-20 16:35:00.466347+00:00 [info] <0.222.0> Feature flags:   [x] classic_mirrored_queue_version
2022-09-20 16:35:00.466398+00:00 [info] <0.222.0> Feature flags:   [x] implicit_default_bindings
2022-09-20 16:35:00.466496+00:00 [info] <0.222.0> Feature flags:   [x] maintenance_mode_status
2022-09-20 16:35:00.466514+00:00 [info] <0.222.0> Feature flags:   [x] quorum_queue
2022-09-20 16:35:00.466572+00:00 [info] <0.222.0> Feature flags:   [x] stream_queue
2022-09-20 16:35:00.466619+00:00 [info] <0.222.0> Feature flags:   [ ] user_limits
2022-09-20 16:35:00.466639+00:00 [info] <0.222.0> Feature flags:   [ ] virtual_host_metadata
2022-09-20 16:35:00.466664+00:00 [info] <0.222.0> Feature flags: feature flag states written to disk: yes
2022-09-20 16:35:00.475316+00:00 [info] <0.222.0> Feature flag `user_limits`: supported, attempt to enable...
2022-09-20 16:35:00.475473+00:00 [info] <0.222.0> Feature flag `user_limits`: mark as enabled=state_changing
2022-09-20 16:35:00.476696+00:00 [info] <0.222.0> Feature flags: list of feature flags found:
2022-09-20 16:35:00.476845+00:00 [info] <0.222.0> Feature flags:   [x] classic_mirrored_queue_version
2022-09-20 16:35:00.476872+00:00 [info] <0.222.0> Feature flags:   [x] implicit_default_bindings
2022-09-20 16:35:00.476889+00:00 [info] <0.222.0> Feature flags:   [x] maintenance_mode_status
2022-09-20 16:35:00.476901+00:00 [info] <0.222.0> Feature flags:   [x] quorum_queue
2022-09-20 16:35:00.476963+00:00 [info] <0.222.0> Feature flags:   [x] stream_queue
2022-09-20 16:35:00.477001+00:00 [info] <0.222.0> Feature flags:   [~] user_limits
2022-09-20 16:35:00.477018+00:00 [info] <0.222.0> Feature flags:   [ ] virtual_host_metadata
2022-09-20 16:35:00.477055+00:00 [info] <0.222.0> Feature flags: feature flag states written to disk: yes
2022-09-20 16:35:00.487128+00:00 [info] <0.222.0> Waiting for Mnesia tables for 30000 ms, 9 retries left
2022-09-20 16:35:00.487445+00:00 [info] <0.222.0> Successfully synced tables from a peer
2022-09-20 16:35:00.551829+00:00 [info] <0.222.0> Feature flag `user_limits`: mark as enabled=true
2022-09-20 16:35:00.557648+00:00 [info] <0.222.0> Feature flags: list of feature flags found:
2022-09-20 16:35:00.557789+00:00 [info] <0.222.0> Feature flags:   [x] classic_mirrored_queue_version
2022-09-20 16:35:00.557821+00:00 [info] <0.222.0> Feature flags:   [x] implicit_default_bindings
2022-09-20 16:35:00.557843+00:00 [info] <0.222.0> Feature flags:   [x] maintenance_mode_status
2022-09-20 16:35:00.557862+00:00 [info] <0.222.0> Feature flags:   [x] quorum_queue
2022-09-20 16:35:00.557924+00:00 [info] <0.222.0> Feature flags:   [x] stream_queue
2022-09-20 16:35:00.557965+00:00 [info] <0.222.0> Feature flags:   [x] user_limits
2022-09-20 16:35:00.557999+00:00 [info] <0.222.0> Feature flags:   [ ] virtual_host_metadata
2022-09-20 16:35:00.558033+00:00 [info] <0.222.0> Feature flags: feature flag states written to disk: yes
2022-09-20 16:35:00.566763+00:00 [info] <0.222.0> Feature flag `virtual_host_metadata`: supported, attempt to enable...
2022-09-20 16:35:00.566950+00:00 [info] <0.222.0> Feature flag `virtual_host_metadata`: mark as enabled=state_changing
2022-09-20 16:35:00.567778+00:00 [info] <0.222.0> Feature flags: list of feature flags found:
2022-09-20 16:35:00.567857+00:00 [info] <0.222.0> Feature flags:   [x] classic_mirrored_queue_version
2022-09-20 16:35:00.567883+00:00 [info] <0.222.0> Feature flags:   [x] implicit_default_bindings
2022-09-20 16:35:00.567897+00:00 [info] <0.222.0> Feature flags:   [x] maintenance_mode_status
2022-09-20 16:35:00.567909+00:00 [info] <0.222.0> Feature flags:   [x] quorum_queue
2022-09-20 16:35:00.567997+00:00 [info] <0.222.0> Feature flags:   [x] stream_queue
2022-09-20 16:35:00.568016+00:00 [info] <0.222.0> Feature flags:   [x] user_limits
2022-09-20 16:35:00.568027+00:00 [info] <0.222.0> Feature flags:   [~] virtual_host_metadata
2022-09-20 16:35:00.568039+00:00 [info] <0.222.0> Feature flags: feature flag states written to disk: yes
2022-09-20 16:35:00.577565+00:00 [info] <0.222.0> Waiting for Mnesia tables for 30000 ms, 9 retries left
2022-09-20 16:35:00.577860+00:00 [info] <0.222.0> Successfully synced tables from a peer
2022-09-20 16:35:00.627879+00:00 [info] <0.222.0> Feature flag `virtual_host_metadata`: mark as enabled=true
2022-09-20 16:35:00.634012+00:00 [info] <0.222.0> Feature flags: list of feature flags found:
2022-09-20 16:35:00.634100+00:00 [info] <0.222.0> Feature flags:   [x] classic_mirrored_queue_version
2022-09-20 16:35:00.634120+00:00 [info] <0.222.0> Feature flags:   [x] implicit_default_bindings
2022-09-20 16:35:00.634185+00:00 [info] <0.222.0> Feature flags:   [x] maintenance_mode_status
2022-09-20 16:35:00.634201+00:00 [info] <0.222.0> Feature flags:   [x] quorum_queue
2022-09-20 16:35:00.634232+00:00 [info] <0.222.0> Feature flags:   [x] stream_queue
2022-09-20 16:35:00.634247+00:00 [info] <0.222.0> Feature flags:   [x] user_limits
2022-09-20 16:35:00.634260+00:00 [info] <0.222.0> Feature flags:   [x] virtual_host_metadata
2022-09-20 16:35:00.634275+00:00 [info] <0.222.0> Feature flags: feature flag states written to disk: yes
2022-09-20 16:35:00.645816+00:00 [info] <0.222.0> Waiting for Mnesia tables for 30000 ms, 9 retries left
2022-09-20 16:35:00.646110+00:00 [info] <0.222.0> Successfully synced tables from a peer
2022-09-20 16:35:00.668159+00:00 [info] <0.222.0> Waiting for Mnesia tables for 30000 ms, 9 retries left
2022-09-20 16:35:00.668342+00:00 [info] <0.222.0> Successfully synced tables from a peer
2022-09-20 16:35:00.668370+00:00 [info] <0.222.0> Peer discovery backend rabbit_peer_discovery_classic_config does not support registration, skipping registration.
2022-09-20 16:35:00.668392+00:00 [info] <0.222.0> Will try to unlock with peer discovery backend rabbit_peer_discovery_classic_config
2022-09-20 16:35:00.668519+00:00 [info] <0.222.0> Running boot step database_sync defined by app rabbit
2022-09-20 16:35:00.668738+00:00 [info] <0.222.0> Running boot step feature_flags defined by app rabbit
2022-09-20 16:35:00.670406+00:00 [info] <0.222.0> Running boot step codec_correctness_check defined by app rabbit
2022-09-20 16:35:00.670475+00:00 [info] <0.222.0> Running boot step external_infrastructure defined by app rabbit
2022-09-20 16:35:00.670498+00:00 [info] <0.222.0> Running boot step rabbit_event defined by app rabbit
2022-09-20 16:35:00.670626+00:00 [info] <0.222.0> Running boot step rabbit_registry defined by app rabbit
2022-09-20 16:35:00.670722+00:00 [info] <0.222.0> Running boot step rabbit_auth_mechanism_amqplain defined by app rabbit
2022-09-20 16:35:00.670823+00:00 [info] <0.222.0> Running boot step rabbit_auth_mechanism_cr_demo defined by app rabbit
2022-09-20 16:35:00.670892+00:00 [info] <0.222.0> Running boot step rabbit_auth_mechanism_plain defined by app rabbit
2022-09-20 16:35:00.670957+00:00 [info] <0.222.0> Running boot step rabbit_exchange_type_direct defined by app rabbit
2022-09-20 16:35:00.671019+00:00 [info] <0.222.0> Running boot step rabbit_exchange_type_fanout defined by app rabbit
2022-09-20 16:35:00.671074+00:00 [info] <0.222.0> Running boot step rabbit_exchange_type_headers defined by app rabbit
2022-09-20 16:35:00.671121+00:00 [info] <0.222.0> Running boot step rabbit_exchange_type_topic defined by app rabbit
2022-09-20 16:35:00.671181+00:00 [info] <0.222.0> Running boot step rabbit_mirror_queue_mode_all defined by app rabbit
2022-09-20 16:35:00.671241+00:00 [info] <0.222.0> Running boot step rabbit_mirror_queue_mode_exactly defined by app rabbit
2022-09-20 16:35:00.671332+00:00 [info] <0.222.0> Running boot step rabbit_mirror_queue_mode_nodes defined by app rabbit
2022-09-20 16:35:00.671384+00:00 [info] <0.222.0> Running boot step rabbit_priority_queue defined by app rabbit
2022-09-20 16:35:00.671412+00:00 [info] <0.222.0> Priority queues enabled, real BQ is rabbit_variable_queue
2022-09-20 16:35:00.671509+00:00 [info] <0.222.0> Running boot step rabbit_queue_location_client_local defined by app rabbit
2022-09-20 16:35:00.671664+00:00 [info] <0.222.0> Running boot step rabbit_queue_location_min_masters defined by app rabbit
2022-09-20 16:35:00.671807+00:00 [info] <0.222.0> Running boot step rabbit_queue_location_random defined by app rabbit
2022-09-20 16:35:00.671925+00:00 [info] <0.222.0> Running boot step kernel_ready defined by app rabbit
2022-09-20 16:35:00.671993+00:00 [info] <0.222.0> Running boot step rabbit_sysmon_minder defined by app rabbit
2022-09-20 16:35:00.672205+00:00 [info] <0.222.0> Running boot step rabbit_epmd_monitor defined by app rabbit
2022-09-20 16:35:00.673047+00:00 [info] <0.566.0> epmd monitor knows us, inter-node communication (distribution) port: 25672
2022-09-20 16:35:00.673192+00:00 [info] <0.222.0> Running boot step guid_generator defined by app rabbit
2022-09-20 16:35:00.680140+00:00 [info] <0.222.0> Running boot step rabbit_node_monitor defined by app rabbit
2022-09-20 16:35:00.680536+00:00 [info] <0.570.0> Starting rabbit_node_monitor
2022-09-20 16:35:00.680729+00:00 [info] <0.222.0> Running boot step delegate_sup defined by app rabbit
2022-09-20 16:35:00.681448+00:00 [info] <0.222.0> Running boot step rabbit_memory_monitor defined by app rabbit
2022-09-20 16:35:00.681719+00:00 [info] <0.222.0> Running boot step rabbit_fifo_dlx_sup defined by app rabbit
2022-09-20 16:35:00.681844+00:00 [info] <0.222.0> Running boot step core_initialized defined by app rabbit
2022-09-20 16:35:00.681880+00:00 [info] <0.222.0> Running boot step upgrade_queues defined by app rabbit
2022-09-20 16:35:00.693783+00:00 [info] <0.222.0> message_store upgrades: 1 to apply
2022-09-20 16:35:00.693933+00:00 [info] <0.222.0> message_store upgrades: Applying rabbit_variable_queue:move_messages_to_vhost_store
2022-09-20 16:35:00.694087+00:00 [info] <0.222.0> message_store upgrades: No durable queues found. Skipping message store migration
2022-09-20 16:35:00.694134+00:00 [info] <0.222.0> message_store upgrades: Removing the old message store data
2022-09-20 16:35:00.695770+00:00 [info] <0.222.0> message_store upgrades: All upgrades applied successfully
2022-09-20 16:35:00.711390+00:00 [info] <0.222.0> Running boot step channel_tracking defined by app rabbit
2022-09-20 16:35:00.719407+00:00 [info] <0.222.0> Setting up a table for channel tracking on this node: tracked_channel_on_node_rabbit@78dae50fd862
2022-09-20 16:35:00.728239+00:00 [info] <0.222.0> Setting up a table for channel tracking on this node: tracked_channel_table_per_user_on_node_rabbit@78dae50fd862
2022-09-20 16:35:00.728539+00:00 [info] <0.222.0> Running boot step rabbit_channel_tracking_handler defined by app rabbit
2022-09-20 16:35:00.728646+00:00 [info] <0.222.0> Running boot step connection_tracking defined by app rabbit
2022-09-20 16:35:00.736229+00:00 [info] <0.222.0> Setting up a table for connection tracking on this node: tracked_connection_on_node_rabbit@78dae50fd862
2022-09-20 16:35:00.745297+00:00 [info] <0.222.0> Setting up a table for per-vhost connection counting on this node: tracked_connection_per_vhost_on_node_rabbit@78dae50fd862
2022-09-20 16:35:00.754440+00:00 [info] <0.222.0> Setting up a table for per-user connection counting on this node: tracked_connection_table_per_user_on_node_rabbit@78dae50fd862
2022-09-20 16:35:00.754909+00:00 [info] <0.222.0> Running boot step rabbit_connection_tracking_handler defined by app rabbit
2022-09-20 16:35:00.755028+00:00 [info] <0.222.0> Running boot step rabbit_definitions_hashing defined by app rabbit
2022-09-20 16:35:00.755126+00:00 [info] <0.222.0> Running boot step rabbit_exchange_parameters defined by app rabbit
2022-09-20 16:35:00.755189+00:00 [info] <0.222.0> Running boot step rabbit_mirror_queue_misc defined by app rabbit
2022-09-20 16:35:00.755479+00:00 [info] <0.222.0> Running boot step rabbit_policies defined by app rabbit
2022-09-20 16:35:00.755910+00:00 [info] <0.222.0> Running boot step rabbit_policy defined by app rabbit
2022-09-20 16:35:00.755985+00:00 [info] <0.222.0> Running boot step rabbit_queue_location_validator defined by app rabbit
2022-09-20 16:35:00.756063+00:00 [info] <0.222.0> Running boot step rabbit_quorum_memory_manager defined by app rabbit
2022-09-20 16:35:00.756117+00:00 [info] <0.222.0> Running boot step rabbit_stream_coordinator defined by app rabbit
2022-09-20 16:35:00.756392+00:00 [info] <0.222.0> Running boot step rabbit_vhost_limit defined by app rabbit
2022-09-20 16:35:00.756471+00:00 [info] <0.222.0> Running boot step recovery defined by app rabbit
2022-09-20 16:35:00.757803+00:00 [info] <0.222.0> Running boot step empty_db_check defined by app rabbit
2022-09-20 16:35:00.757886+00:00 [info] <0.222.0> Will seed default virtual host and user...
2022-09-20 16:35:00.758010+00:00 [info] <0.222.0> Adding vhost '/' (description: 'Default virtual host', tags: [])
2022-09-20 16:35:00.775084+00:00 [info] <0.627.0> Making sure data directory '/var/lib/rabbitmq/mnesia/rabbit@78dae50fd862/msg_stores/vhosts/628WB79CIFDYO9LJI6DKMI09L' for vhost '/' exists
2022-09-20 16:35:00.783839+00:00 [info] <0.627.0> Setting segment_entry_count for vhost '/' with 0 queues to '2048'
2022-09-20 16:35:00.794241+00:00 [info] <0.627.0> Starting message stores for vhost '/'
2022-09-20 16:35:00.794583+00:00 [info] <0.632.0> Message store "628WB79CIFDYO9LJI6DKMI09L/msg_store_transient": using rabbit_msg_store_ets_index to provide index
2022-09-20 16:35:00.810721+00:00 [info] <0.627.0> Started message store of type transient for vhost '/'
2022-09-20 16:35:00.810905+00:00 [info] <0.636.0> Message store "628WB79CIFDYO9LJI6DKMI09L/msg_store_persistent": using rabbit_msg_store_ets_index to provide index
2022-09-20 16:35:00.814958+00:00 [warning] <0.636.0> Message store "628WB79CIFDYO9LJI6DKMI09L/msg_store_persistent": rebuilding indices from scratch
2022-09-20 16:35:00.819462+00:00 [info] <0.627.0> Started message store of type persistent for vhost '/'
2022-09-20 16:35:00.819688+00:00 [info] <0.627.0> Recovering 0 queues of type rabbit_classic_queue took 33ms
2022-09-20 16:35:00.819755+00:00 [info] <0.627.0> Recovering 0 queues of type rabbit_quorum_queue took 0ms
2022-09-20 16:35:00.819801+00:00 [info] <0.627.0> Recovering 0 queues of type rabbit_stream_queue took 0ms
2022-09-20 16:35:00.822835+00:00 [info] <0.222.0> Created user 'guest'
2022-09-20 16:35:00.824857+00:00 [info] <0.222.0> Successfully set user tags for user 'guest' to [administrator]
2022-09-20 16:35:00.826668+00:00 [info] <0.222.0> Successfully set permissions for 'guest' in virtual host '/' to '.*', '.*', '.*'
2022-09-20 16:35:00.826725+00:00 [info] <0.222.0> Running boot step rabbit_looking_glass defined by app rabbit
2022-09-20 16:35:00.826753+00:00 [info] <0.222.0> Running boot step rabbit_core_metrics_gc defined by app rabbit
2022-09-20 16:35:00.826839+00:00 [info] <0.222.0> Running boot step background_gc defined by app rabbit
2022-09-20 16:35:00.826940+00:00 [info] <0.222.0> Running boot step routing_ready defined by app rabbit
2022-09-20 16:35:00.827002+00:00 [info] <0.222.0> Running boot step pre_flight defined by app rabbit
2022-09-20 16:35:00.827032+00:00 [info] <0.222.0> Running boot step notify_cluster defined by app rabbit
2022-09-20 16:35:00.827063+00:00 [info] <0.222.0> Running boot step networking defined by app rabbit
2022-09-20 16:35:00.827083+00:00 [info] <0.222.0> Running boot step definition_import_worker_pool defined by app rabbit
2022-09-20 16:35:00.827115+00:00 [info] <0.280.0> Starting worker pool 'definition_import_pool' with 16 processes in it
2022-09-20 16:35:00.827663+00:00 [info] <0.222.0> Running boot step cluster_name defined by app rabbit
2022-09-20 16:35:00.827740+00:00 [info] <0.222.0> Initialising internal cluster ID to 'rabbitmq-cluster-id-refSI-o3SPgSpOuUjGyAPA'
2022-09-20 16:35:00.829533+00:00 [info] <0.222.0> Running boot step direct_client defined by app rabbit
2022-09-20 16:35:00.829666+00:00 [info] <0.222.0> Running boot step rabbit_maintenance_mode_state defined by app rabbit
2022-09-20 16:35:00.829767+00:00 [info] <0.222.0> Creating table rabbit_node_maintenance_states for feature flag `maintenance_mode_status`
2022-09-20 16:35:00.830130+00:00 [info] <0.682.0> Resetting node maintenance status
2022-09-20 16:35:00.830343+00:00 [info] <0.682.0> Ready to start client connection listeners
2022-09-20 16:35:00.832366+00:00 [info] <0.700.0> started TCP listener on [::]:5672
2022-09-20 16:35:00.903359+00:00 [info] <0.682.0> Server startup complete; 0 plugins started.
2022-09-20 16:35:22.181418+00:00 [info] <0.708.0> accepting AMQP connection <0.708.0> (172.19.0.1:38634 -> 172.19.0.4:5672)
2022-09-20 16:35:22.181580+00:00 [error] <0.708.0> closing AMQP connection <0.708.0> (172.19.0.1:38634 -> 172.19.0.4:5672):
2022-09-20 16:35:22.181580+00:00 [error] <0.708.0> {bad_header,<<"GET / HT">>}
2022-09-20 16:35:28.170273+00:00 [info] <0.716.0> accepting AMQP connection <0.716.0> (172.19.0.1:38640 -> 172.19.0.4:5672)
2022-09-20 16:35:28.170528+00:00 [error] <0.716.0> closing AMQP connection <0.716.0> (172.19.0.1:38640 -> 172.19.0.4:5672):
2022-09-20 16:35:28.170528+00:00 [error] <0.716.0> {bad_header,<<"GET / HT">>}
2022-09-20 16:38:08.546814+00:00 [notice] <0.60.0> SIGTERM received - shutting down
2022-09-20 16:38:08.546814+00:00 [notice] <0.60.0> 
2022-09-20 16:38:08.548186+00:00 [info] <0.222.0> Peer discovery backend rabbit_peer_discovery_classic_config does not support registration, skipping unregistration.
2022-09-20 16:38:08.548381+00:00 [info] <0.700.0> stopped TCP listener on [::]:5672
2022-09-20 16:38:08.550146+00:00 [info] <0.759.0> Closing all connections in vhost '/' on node 'rabbit@78dae50fd862' because the vhost is stopping
2022-09-20 16:38:08.550215+00:00 [info] <0.636.0> Stopping message store for directory '/var/lib/rabbitmq/mnesia/rabbit@78dae50fd862/msg_stores/vhosts/628WB79CIFDYO9LJI6DKMI09L/msg_store_persistent'
2022-09-20 16:38:08.567299+00:00 [info] <0.636.0> Message store for directory '/var/lib/rabbitmq/mnesia/rabbit@78dae50fd862/msg_stores/vhosts/628WB79CIFDYO9LJI6DKMI09L/msg_store_persistent' is stopped
2022-09-20 16:38:08.567562+00:00 [info] <0.632.0> Stopping message store for directory '/var/lib/rabbitmq/mnesia/rabbit@78dae50fd862/msg_stores/vhosts/628WB79CIFDYO9LJI6DKMI09L/msg_store_transient'
2022-09-20 16:38:08.590620+00:00 [info] <0.632.0> Message store for directory '/var/lib/rabbitmq/mnesia/rabbit@78dae50fd862/msg_stores/vhosts/628WB79CIFDYO9LJI6DKMI09L/msg_store_transient' is stopped
