2022/09/19 01:33:25 [notice] 16#16: using the "epoll" event method
2022/09/19 01:33:25 [notice] 16#16: nginx/1.21.6
2022/09/19 01:33:25 [notice] 16#16: built by gcc 10.2.1 20210110 (Debian 10.2.1-6) 
2022/09/19 01:33:25 [notice] 16#16: OS: Linux 5.10.16.3-microsoft-standard-WSL2
2022/09/19 01:33:25 [notice] 16#16: getrlimit(RLIMIT_NOFILE): 1048576:1048576
2022/09/19 01:33:25 [notice] 16#16: start worker processes
2022/09/19 01:33:25 [notice] 16#16: start worker process 17
2022/09/19 01:33:25 [notice] 16#16: start worker process 18
2022/09/19 01:33:25 [notice] 16#16: start worker process 19
2022/09/19 01:33:25 [notice] 16#16: start worker process 20
2022/09/19 01:33:25 [notice] 16#16: start worker process 21
2022/09/19 01:33:25 [notice] 16#16: start worker process 22
2022/09/19 01:33:25 [notice] 16#16: start worker process 23
2022/09/19 01:33:25 [notice] 16#16: start worker process 24
2022/09/19 01:34:34 [error] 18#18: *2 FastCGI sent in stderr: "PHP message: PHP Warning:  require(/var/www/html/public/../vendor/autoload.php): Failed to open stream: No such file or directory in /var/www/html/public/index.php on line 34PHP message: PHP Fatal error:  Uncaught Error: Failed opening required '/var/www/html/public/../vendor/autoload.php' (include_path='.:/usr/share/php') in /var/www/html/public/index.php:34
Stack trace:
#0 {main}
  thrown in /var/www/html/public/index.php on line 34" while reading response header from upstream, client: 172.19.0.1, server: miduner.local, request: "GET / HTTP/1.1", upstream: "fastcgi://unix:/run/php/php8.1-fpm.sock:", host: "localhost"
2022/09/19 01:41:11 [error] 20#20: *5 FastCGI sent in stderr: "PHP message: PHP Warning:  require(/var/www/html/public/../vendor/autoload.php): Failed to open stream: No such file or directory in /var/www/html/public/index.php on line 34PHP message: PHP Fatal error:  Uncaught Error: Failed opening required '/var/www/html/public/../vendor/autoload.php' (include_path='.:/usr/share/php') in /var/www/html/public/index.php:34
Stack trace:
#0 {main}
  thrown in /var/www/html/public/index.php on line 34" while reading response header from upstream, client: 172.19.0.1, server: miduner.local, request: "GET / HTTP/1.1", upstream: "fastcgi://unix:/run/php/php8.1-fpm.sock:", host: "laravel.local"
2022/09/19 01:41:22 [error] 19#19: *4 FastCGI sent in stderr: "PHP message: PHP Warning:  require(/var/www/html/public/../vendor/autoload.php): Failed to open stream: No such file or directory in /var/www/html/public/index.php on line 34PHP message: PHP Fatal error:  Uncaught Error: Failed opening required '/var/www/html/public/../vendor/autoload.php' (include_path='.:/usr/share/php') in /var/www/html/public/index.php:34
Stack trace:
#0 {main}
  thrown in /var/www/html/public/index.php on line 34" while reading response header from upstream, client: 172.19.0.1, server: miduner.local, request: "GET / HTTP/1.1", upstream: "fastcgi://unix:/run/php/php8.1-fpm.sock:", host: "laravel.local"
2022/09/19 07:37:51 [notice] 16#16: using the "epoll" event method
2022/09/19 07:37:51 [notice] 16#16: nginx/1.21.6
2022/09/19 07:37:51 [notice] 16#16: built by gcc 10.2.1 20210110 (Debian 10.2.1-6) 
2022/09/19 07:37:51 [notice] 16#16: OS: Linux 5.10.16.3-microsoft-standard-WSL2
2022/09/19 07:37:51 [notice] 16#16: getrlimit(RLIMIT_NOFILE): 1048576:1048576
2022/09/19 07:37:51 [notice] 16#16: start worker processes
2022/09/19 07:37:51 [notice] 16#16: start worker process 17
2022/09/19 07:37:51 [notice] 16#16: start worker process 18
2022/09/19 07:37:51 [notice] 16#16: start worker process 19
2022/09/19 07:37:51 [notice] 16#16: start worker process 20
2022/09/19 07:37:51 [notice] 16#16: start worker process 21
2022/09/19 07:37:51 [notice] 16#16: start worker process 22
2022/09/19 07:37:51 [notice] 16#16: start worker process 23
2022/09/19 07:37:51 [notice] 16#16: start worker process 24
2022/09/19 07:38:12 [notice] 16#16: using the "epoll" event method
2022/09/19 07:38:12 [notice] 16#16: nginx/1.21.6
2022/09/19 07:38:12 [notice] 16#16: built by gcc 10.2.1 20210110 (Debian 10.2.1-6) 
2022/09/19 07:38:12 [notice] 16#16: OS: Linux 5.10.16.3-microsoft-standard-WSL2
2022/09/19 07:38:12 [notice] 16#16: getrlimit(RLIMIT_NOFILE): 1048576:1048576
2022/09/19 07:38:12 [notice] 16#16: start worker processes
2022/09/19 07:38:12 [notice] 16#16: start worker process 17
2022/09/19 07:38:12 [notice] 16#16: start worker process 18
2022/09/19 07:38:12 [notice] 16#16: start worker process 19
2022/09/19 07:38:12 [notice] 16#16: start worker process 20
2022/09/19 07:38:12 [notice] 16#16: start worker process 21
2022/09/19 07:38:12 [notice] 16#16: start worker process 22
2022/09/19 07:38:12 [notice] 16#16: start worker process 23
2022/09/19 07:38:12 [notice] 16#16: start worker process 24
2022/09/19 07:41:17 [notice] 17#17: using the "epoll" event method
2022/09/19 07:41:17 [notice] 17#17: nginx/1.21.6
2022/09/19 07:41:17 [notice] 17#17: built by gcc 10.2.1 20210110 (Debian 10.2.1-6) 
2022/09/19 07:41:17 [notice] 17#17: OS: Linux 5.10.16.3-microsoft-standard-WSL2
2022/09/19 07:41:17 [notice] 17#17: getrlimit(RLIMIT_NOFILE): 1048576:1048576
2022/09/19 07:41:17 [notice] 17#17: start worker processes
2022/09/19 07:41:17 [notice] 17#17: start worker process 18
2022/09/19 07:41:17 [notice] 17#17: start worker process 19
2022/09/19 07:41:17 [notice] 17#17: start worker process 20
2022/09/19 07:41:17 [notice] 17#17: start worker process 21
2022/09/19 07:41:17 [notice] 17#17: start worker process 22
2022/09/19 07:41:17 [notice] 17#17: start worker process 23
2022/09/19 07:41:17 [notice] 17#17: start worker process 24
2022/09/19 07:41:17 [notice] 17#17: start worker process 25
2022/09/19 07:41:53 [notice] 17#17: using the "epoll" event method
2022/09/19 07:41:53 [notice] 17#17: nginx/1.21.6
2022/09/19 07:41:53 [notice] 17#17: built by gcc 10.2.1 20210110 (Debian 10.2.1-6) 
2022/09/19 07:41:53 [notice] 17#17: OS: Linux 5.10.16.3-microsoft-standard-WSL2
2022/09/19 07:41:53 [notice] 17#17: getrlimit(RLIMIT_NOFILE): 1048576:1048576
2022/09/19 07:41:53 [notice] 17#17: start worker processes
2022/09/19 07:41:53 [notice] 17#17: start worker process 18
2022/09/19 07:41:53 [notice] 17#17: start worker process 19
2022/09/19 07:41:53 [notice] 17#17: start worker process 20
2022/09/19 07:41:53 [notice] 17#17: start worker process 21
2022/09/19 07:41:53 [notice] 17#17: start worker process 22
2022/09/19 07:41:53 [notice] 17#17: start worker process 23
2022/09/19 07:41:53 [notice] 17#17: start worker process 24
2022/09/19 07:41:53 [notice] 17#17: start worker process 25
2022/09/19 07:56:18 [notice] 16#16: using the "epoll" event method
2022/09/19 07:56:18 [notice] 16#16: nginx/1.21.6
2022/09/19 07:56:18 [notice] 16#16: built by gcc 10.2.1 20210110 (Debian 10.2.1-6) 
2022/09/19 07:56:18 [notice] 16#16: OS: Linux 5.10.16.3-microsoft-standard-WSL2
2022/09/19 07:56:18 [notice] 16#16: getrlimit(RLIMIT_NOFILE): 1048576:1048576
2022/09/19 07:56:18 [notice] 16#16: start worker processes
2022/09/19 07:56:18 [notice] 16#16: start worker process 17
2022/09/19 07:56:18 [notice] 16#16: start worker process 18
2022/09/19 07:56:18 [notice] 16#16: start worker process 19
2022/09/19 07:56:18 [notice] 16#16: start worker process 20
2022/09/19 07:56:18 [notice] 16#16: start worker process 21
2022/09/19 07:56:18 [notice] 16#16: start worker process 22
2022/09/19 07:56:18 [notice] 16#16: start worker process 23
2022/09/19 07:56:18 [notice] 16#16: start worker process 24
2022/09/19 07:56:42 [notice] 16#16: using the "epoll" event method
2022/09/19 07:56:42 [notice] 16#16: nginx/1.21.6
2022/09/19 07:56:42 [notice] 16#16: built by gcc 10.2.1 20210110 (Debian 10.2.1-6) 
2022/09/19 07:56:42 [notice] 16#16: OS: Linux 5.10.16.3-microsoft-standard-WSL2
2022/09/19 07:56:42 [notice] 16#16: getrlimit(RLIMIT_NOFILE): 1048576:1048576
2022/09/19 07:56:42 [notice] 16#16: start worker processes
2022/09/19 07:56:42 [notice] 16#16: start worker process 17
2022/09/19 07:56:42 [notice] 16#16: start worker process 18
2022/09/19 07:56:42 [notice] 16#16: start worker process 19
2022/09/19 07:56:42 [notice] 16#16: start worker process 20
2022/09/19 07:56:42 [notice] 16#16: start worker process 21
2022/09/19 07:56:42 [notice] 16#16: start worker process 22
2022/09/19 07:56:42 [notice] 16#16: start worker process 23
2022/09/19 07:56:42 [notice] 16#16: start worker process 24
2022/09/19 08:05:33 [notice] 15#15: using the "epoll" event method
2022/09/19 08:05:33 [notice] 15#15: nginx/1.21.6
2022/09/19 08:05:33 [notice] 15#15: built by gcc 10.2.1 20210110 (Debian 10.2.1-6) 
2022/09/19 08:05:33 [notice] 15#15: OS: Linux 5.10.16.3-microsoft-standard-WSL2
2022/09/19 08:05:33 [notice] 15#15: getrlimit(RLIMIT_NOFILE): 1048576:1048576
2022/09/19 08:05:33 [notice] 15#15: start worker processes
2022/09/19 08:05:33 [notice] 15#15: start worker process 16
2022/09/19 08:05:33 [notice] 15#15: start worker process 17
2022/09/19 08:05:33 [notice] 15#15: start worker process 18
2022/09/19 08:05:33 [notice] 15#15: start worker process 19
2022/09/19 08:05:33 [notice] 15#15: start worker process 20
2022/09/19 08:05:33 [notice] 15#15: start worker process 21
2022/09/19 08:05:33 [notice] 15#15: start worker process 22
2022/09/19 08:05:33 [notice] 15#15: start worker process 23
2022/09/19 08:29:39 [notice] 16#16: using the "epoll" event method
2022/09/19 08:29:39 [notice] 16#16: nginx/1.21.6
2022/09/19 08:29:39 [notice] 16#16: built by gcc 10.2.1 20210110 (Debian 10.2.1-6) 
2022/09/19 08:29:39 [notice] 16#16: OS: Linux 5.10.16.3-microsoft-standard-WSL2
2022/09/19 08:29:39 [notice] 16#16: getrlimit(RLIMIT_NOFILE): 1048576:1048576
2022/09/19 08:29:39 [notice] 16#16: start worker processes
2022/09/19 08:29:39 [notice] 16#16: start worker process 17
2022/09/19 08:29:39 [notice] 16#16: start worker process 18
2022/09/19 08:29:39 [notice] 16#16: start worker process 19
2022/09/19 08:29:39 [notice] 16#16: start worker process 20
2022/09/19 08:29:39 [notice] 16#16: start worker process 21
2022/09/19 08:29:39 [notice] 16#16: start worker process 22
2022/09/19 08:29:39 [notice] 16#16: start worker process 23
2022/09/19 08:29:39 [notice] 16#16: start worker process 24
2022/09/19 08:30:08 [notice] 16#16: using the "epoll" event method
2022/09/19 08:30:08 [notice] 16#16: nginx/1.21.6
2022/09/19 08:30:08 [notice] 16#16: built by gcc 10.2.1 20210110 (Debian 10.2.1-6) 
2022/09/19 08:30:08 [notice] 16#16: OS: Linux 5.10.16.3-microsoft-standard-WSL2
2022/09/19 08:30:08 [notice] 16#16: getrlimit(RLIMIT_NOFILE): 1048576:1048576
2022/09/19 08:30:08 [notice] 16#16: start worker processes
2022/09/19 08:30:08 [notice] 16#16: start worker process 17
2022/09/19 08:30:08 [notice] 16#16: start worker process 18
2022/09/19 08:30:08 [notice] 16#16: start worker process 19
2022/09/19 08:30:08 [notice] 16#16: start worker process 20
2022/09/19 08:30:08 [notice] 16#16: start worker process 21
2022/09/19 08:30:08 [notice] 16#16: start worker process 22
2022/09/19 08:30:08 [notice] 16#16: start worker process 23
2022/09/19 08:30:08 [notice] 16#16: start worker process 24
